2019-03-01 13:42:31,202 - BrowserEngine - INFO - 选择浏览器：Chrome
2019-03-01 13:42:31,202 - BrowserEngine - INFO - 地址：https://www.baidu.com
2019-03-01 13:42:34,833 - BrowserEngine - INFO - 打开Chrome浏览器
2019-03-01 13:42:35,612 - BrowserEngine - INFO - 打开网址
2019-03-01 13:42:37,978 - BasePage - INFO - 进入网址
2019-03-01 13:42:38,035 - BasePage - INFO - 成功找到元素
2019-03-01 13:42:38,111 - BasePage - INFO - 输入信息成功
2019-03-01 13:42:38,143 - BasePage - INFO - 成功找到元素
2019-03-01 13:42:38,199 - BasePage - INFO - 输入信息成功
2019-03-01 13:42:38,228 - BasePage - INFO - 成功找到元素
2019-03-01 13:42:38,278 - BasePage - INFO - 这里是成功的点击操作
2019-03-01 13:42:41,436 - BasePage - INFO - 停一会
2019-03-01 13:42:49,611 - Base_testcase - INFO - 结束
2019-03-01 13:42:49,783 - BrowserEngine - INFO - 选择浏览器：Chrome
2019-03-01 13:42:49,785 - BrowserEngine - INFO - 地址：https://www.baidu.com
2019-03-01 13:42:52,303 - BrowserEngine - INFO - 打开Chrome浏览器
2019-03-01 13:42:52,982 - BrowserEngine - INFO - 打开网址
2019-03-01 13:42:54,682 - BasePage - INFO - 进入网址
2019-03-01 13:42:54,740 - BasePage - INFO - 成功找到元素
2019-03-01 13:42:54,821 - BasePage - INFO - 输入信息成功
2019-03-01 13:42:54,856 - BasePage - INFO - 成功找到元素
2019-03-01 13:42:54,925 - BasePage - INFO - 输入信息成功
2019-03-01 13:42:54,967 - BasePage - INFO - 成功找到元素
2019-03-01 13:42:55,017 - BasePage - INFO - 这里是成功的点击操作
2019-03-01 13:42:58,017 - BasePage - INFO - 停一会
2019-03-01 13:42:58,081 - BasePage - INFO - 成功找到元素
2019-03-01 13:42:58,651 - BasePage - INFO - 这里是成功的点击操作
2019-03-01 13:42:58,684 - BasePage - INFO - 成功找到元素
2019-03-01 13:42:59,553 - BasePage - INFO - 这里是成功的点击操作
2019-03-01 13:42:59,649 - BasePage - INFO - 成功找到元素
2019-03-01 13:43:00,101 - BasePage - INFO - 这里是成功的点击操作
2019-03-01 13:43:00,132 - BasePage - INFO - 成功找到元素
2019-03-01 13:43:00,229 - BasePage - INFO - 输入信息成功
2019-03-01 13:43:00,256 - BasePage - INFO - 成功找到元素
2019-03-01 13:43:00,367 - BasePage - INFO - 输入信息成功
2019-03-01 13:43:00,396 - BasePage - INFO - 成功找到元素
2019-03-01 13:43:00,472 - BasePage - INFO - 输入信息成功
2019-03-01 13:43:00,503 - BasePage - INFO - 成功找到元素
2019-03-01 13:43:00,586 - BasePage - INFO - 输入信息成功
2019-03-01 13:43:00,614 - BasePage - INFO - 成功找到元素
2019-03-01 13:43:00,730 - BasePage - INFO - 这里是成功的点击操作
2019-03-01 13:43:05,731 - BasePage - INFO - 停一会
2019-03-01 13:43:05,805 - BasePage - INFO - 成功找到元素
2019-03-01 13:43:05,861 - BasePage - INFO - 这里是成功的点击操作
2019-03-01 13:43:05,898 - BasePage - INFO - 成功找到元素
2019-03-01 13:43:06,533 - BasePage - INFO - 这里是成功的点击操作
2019-03-01 13:43:06,560 - BasePage - INFO - 成功找到元素
2019-03-01 13:43:06,568 - BasePage - INFO - 获取文本值成功。
2019-03-01 13:43:06,614 - BasePage - INFO - 成功找到元素
2019-03-01 13:43:06,623 - BasePage - INFO - 获取文本值成功。
2019-03-01 13:43:06,666 - BasePage - INFO - 成功找到元素
2019-03-01 13:43:06,679 - BasePage - INFO - 获取文本值成功。
2019-03-01 13:43:06,721 - BasePage - INFO - 成功找到元素
2019-03-01 13:43:06,728 - BasePage - INFO - 获取文本值成功。
2019-03-01 13:43:06,769 - BasePage - INFO - 成功找到元素
2019-03-01 13:43:06,777 - BasePage - INFO - 获取文本值成功。
2019-03-01 13:43:06,820 - BasePage - INFO - 成功找到元素
2019-03-01 13:43:06,830 - BasePage - INFO - 获取文本值成功。
2019-03-01 13:43:06,868 - BasePage - INFO - 成功找到元素
2019-03-01 13:43:06,876 - BasePage - INFO - 获取文本值成功。
2019-03-01 13:43:08,890 - BasePage - INFO - 停一会
2019-03-01 13:43:11,143 - Base_testcase - INFO - 结束
2019-03-01 13:43:11,148 - BrowserEngine - INFO - 选择浏览器：Chrome
2019-03-01 13:43:11,149 - BrowserEngine - INFO - 地址：https://www.baidu.com
2019-03-01 13:43:13,573 - BrowserEngine - INFO - 打开Chrome浏览器
2019-03-01 13:43:14,259 - BrowserEngine - INFO - 打开网址
2019-03-01 13:43:15,734 - BasePage - INFO - 进入网址
2019-03-01 13:43:15,766 - BasePage - INFO - 成功找到元素
2019-03-01 13:43:15,839 - BasePage - INFO - 输入信息成功
2019-03-01 13:43:15,880 - BasePage - INFO - 成功找到元素
2019-03-01 13:43:15,934 - BasePage - INFO - 输入信息成功
2019-03-01 13:43:15,963 - BasePage - INFO - 成功找到元素
2019-03-01 13:43:16,007 - BasePage - INFO - 这里是成功的点击操作
2019-03-01 13:43:19,008 - BasePage - INFO - 停一会
2019-03-01 13:43:19,041 - BasePage - INFO - 成功找到元素
2019-03-01 13:43:19,111 - BasePage - INFO - 输入信息成功
2019-03-01 13:43:19,146 - BasePage - INFO - 成功找到元素
2019-03-01 13:43:19,237 - BasePage - INFO - 这里是成功的点击操作
2019-03-01 13:43:19,254 - BasePage - INFO - 切到另一个页面啦！
2019-03-01 13:43:20,390 - BasePage - INFO - 成功找到元素
2019-03-01 13:43:20,479 - BasePage - INFO - 这里是成功的点击操作
2019-03-01 13:43:20,491 - BasePage - INFO - 切到另一个页面啦！
2019-03-01 13:43:21,545 - BasePage - INFO - 成功找到元素
2019-03-01 13:43:21,556 - BasePage - INFO - 获取文本值成功。
2019-03-01 13:43:23,574 - BasePage - INFO - 停一会
2019-03-01 13:43:23,617 - BasePage - INFO - 成功找到元素
2019-03-01 13:43:23,835 - BasePage - INFO - 这里是成功的点击操作
2019-03-01 13:43:26,063 - Base_testcase - INFO - 结束
2019-03-01 13:43:26,069 - BrowserEngine - INFO - 选择浏览器：Chrome
2019-03-01 13:43:26,070 - BrowserEngine - INFO - 地址：https://www.baidu.com
2019-03-01 13:43:28,564 - BrowserEngine - INFO - 打开Chrome浏览器
2019-03-01 13:43:29,258 - BrowserEngine - INFO - 打开网址
2019-03-01 13:43:30,757 - BasePage - INFO - 进入网址
2019-03-01 13:43:30,794 - BasePage - INFO - 成功找到元素
2019-03-01 13:43:30,874 - BasePage - INFO - 输入信息成功
2019-03-01 13:43:30,903 - BasePage - INFO - 成功找到元素
2019-03-01 13:43:30,952 - BasePage - INFO - 输入信息成功
2019-03-01 13:43:30,983 - BasePage - INFO - 成功找到元素
2019-03-01 13:43:31,027 - BasePage - INFO - 这里是成功的点击操作
2019-03-01 13:43:33,027 - BasePage - INFO - 停一会
2019-03-01 13:43:33,087 - BasePage - INFO - 成功找到元素
2019-03-01 13:43:33,406 - BasePage - INFO - 这里是成功的点击操作
2019-03-01 13:43:33,438 - BasePage - INFO - 成功找到元素
2019-03-01 13:43:33,552 - BasePage - INFO - 这里是成功的点击操作
2019-03-01 13:43:33,668 - BasePage - INFO - 成功找到元素
2019-03-01 13:43:33,993 - BasePage - INFO - 这里是成功的点击操作
2019-03-01 13:43:34,037 - BasePage - INFO - 成功找到元素
2019-03-01 13:43:34,539 - BasePage - INFO - 这里是成功的点击操作
2019-03-01 13:43:34,617 - BasePage - INFO - 成功找到元素
2019-03-01 13:43:34,719 - BasePage - INFO - 这里是成功的点击操作
2019-03-01 13:43:34,733 - BasePage - INFO - 切到另一个页面啦！
2019-03-01 13:43:35,784 - BasePage - INFO - 成功找到元素
2019-03-01 13:43:35,842 - BasePage - INFO - 输入信息成功
2019-03-01 13:43:35,871 - BasePage - INFO - 成功找到元素
2019-03-01 13:43:59,454 - BasePage - INFO - 这里是成功的点击操作
2019-03-01 13:43:59,517 - BasePage - INFO - 成功找到元素
2019-03-01 13:43:59,909 - BasePage - INFO - 这里是成功的点击操作
2019-03-01 13:43:59,945 - BasePage - INFO - 成功找到元素
2019-03-01 13:43:59,986 - BasePage - INFO - 切到frame啦！
2019-03-01 13:44:02,986 - BasePage - INFO - 停一会
2019-03-01 13:44:03,058 - BasePage - INFO - 成功找到元素
2019-03-01 13:44:03,184 - BasePage - INFO - 这里是成功的点击操作
2019-03-01 13:44:03,226 - BasePage - INFO - 成功找到元素
2019-03-01 13:44:03,281 - BasePage - INFO - 这里清除了一个搜索框
2019-03-01 13:44:03,302 - BasePage - INFO - 成功找到元素
2019-03-01 13:44:03,415 - BasePage - INFO - 输入信息成功
2019-03-01 13:44:03,444 - BasePage - INFO - 成功找到元素
2019-03-01 13:44:03,712 - BasePage - INFO - 这里是成功的点击操作
2019-03-01 13:44:05,713 - BasePage - INFO - 停一会
2019-03-01 13:44:05,722 - BasePage - INFO - 切到另一个页面啦！
2019-03-01 13:44:05,755 - BasePage - INFO - 成功找到元素
2019-03-01 13:44:06,145 - BasePage - INFO - 这里是成功的点击操作
2019-03-01 13:44:06,179 - BasePage - INFO - 成功找到元素
2019-03-01 13:44:06,361 - BasePage - INFO - 这里是成功的点击操作
2019-03-01 13:44:09,361 - BasePage - INFO - 停一会
2019-03-01 13:44:09,429 - BasePage - INFO - 成功找到元素
2019-03-01 13:44:09,542 - BasePage - INFO - 输入信息成功
2019-03-01 13:44:09,573 - BasePage - INFO - 成功找到元素
2019-03-01 13:44:09,634 - BasePage - INFO - 输入信息成功
2019-03-01 13:44:09,661 - BasePage - INFO - 成功找到元素
2019-03-01 13:44:09,707 - BasePage - INFO - 这里是成功的点击操作
2019-03-01 13:44:12,708 - BasePage - INFO - 停一会
2019-03-01 13:44:12,779 - BasePage - INFO - 成功找到元素
2019-03-01 13:44:13,068 - BasePage - INFO - 这里是成功的点击操作
2019-03-01 13:44:13,113 - BasePage - INFO - 成功找到元素
2019-03-01 13:44:13,455 - BasePage - INFO - 这里是成功的点击操作
2019-03-01 13:44:13,484 - BasePage - INFO - 成功找到元素
2019-03-01 13:44:13,559 - BasePage - INFO - 输入信息成功
2019-03-01 13:44:13,564 - BasePage - INFO - 切到另一个页面啦！
2019-03-01 13:44:13,588 - BasePage - INFO - 成功找到元素
2019-03-01 13:44:13,619 - BasePage - INFO - 切到frame啦！
2019-03-01 13:44:13,640 - BasePage - INFO - 成功找到元素
2019-03-01 13:44:13,870 - BasePage - INFO - 输入信息成功
2019-03-01 13:44:13,876 - BasePage - INFO - 切到另一个页面啦！
2019-03-01 13:44:13,906 - BasePage - INFO - 成功找到元素
2019-03-01 13:44:14,002 - BasePage - INFO - 这里是成功的点击操作
2019-03-01 13:44:16,002 - BasePage - INFO - 停一会
2019-03-01 13:44:16,072 - BasePage - INFO - 成功找到元素
2019-03-01 13:44:16,218 - BasePage - INFO - 输入信息成功
2019-03-01 13:44:31,220 - BasePage - INFO - 停一会
2019-03-01 13:44:31,262 - BasePage - INFO - 成功找到元素
2019-03-01 13:44:31,685 - BasePage - INFO - 这里是成功的点击操作
2019-03-01 13:44:33,687 - BasePage - INFO - 停一会
2019-03-01 13:44:35,963 - Base_testcase - INFO - 结束
