2019-02-27 16:27:44,316 - Base_testcase - INFO - 初始化浏览器
2019-02-27 16:27:55,609 - BasePage - INFO - 进入网址
2019-02-27 16:27:55,653 - BasePage - INFO - 成功找到元素
2019-02-27 16:27:55,730 - BasePage - INFO - 输入信息成功
2019-02-27 16:27:55,762 - BasePage - INFO - 成功找到元素
2019-02-27 16:27:55,824 - BasePage - INFO - 输入信息成功
2019-02-27 16:27:55,851 - BasePage - INFO - 成功找到元素
2019-02-27 16:27:55,901 - BasePage - INFO - 这里是成功的点击操作
2019-02-27 16:27:58,903 - BasePage - INFO - 停一会
2019-02-27 16:28:06,228 - BasePage - INFO - 成功找到元素
2019-02-27 16:28:16,746 - BasePage - INFO - 这里是成功的点击操作
2019-02-27 16:28:16,801 - BasePage - INFO - 成功找到元素
2019-02-27 16:28:27,987 - BasePage - INFO - 这里是成功的点击操作
2019-02-27 16:28:28,074 - BasePage - INFO - 成功找到元素
2019-02-27 16:28:28,559 - BasePage - INFO - 这里是成功的点击操作
2019-02-27 16:28:28,589 - BasePage - INFO - 成功找到元素
2019-02-27 16:28:28,660 - BasePage - INFO - 输入信息成功
2019-02-27 16:28:28,694 - BasePage - INFO - 成功找到元素
2019-02-27 16:28:28,795 - BasePage - INFO - 输入信息成功
2019-02-27 16:28:28,824 - BasePage - INFO - 成功找到元素
2019-02-27 16:28:28,914 - BasePage - INFO - 输入信息成功
2019-02-27 16:28:28,943 - BasePage - INFO - 成功找到元素
2019-02-27 16:28:29,028 - BasePage - INFO - 输入信息成功
2019-02-27 16:28:29,058 - BasePage - INFO - 成功找到元素
2019-02-27 16:28:29,144 - BasePage - INFO - 这里是成功的点击操作
2019-02-27 16:28:34,145 - BasePage - INFO - 停一会
2019-02-27 16:28:39,424 - BasePage - INFO - 成功找到元素
2019-02-27 16:28:39,491 - BasePage - INFO - 这里是成功的点击操作
2019-02-27 16:28:39,525 - BasePage - INFO - 成功找到元素
2019-02-27 16:28:49,801 - BasePage - INFO - 这里是成功的点击操作
2019-02-27 16:28:49,831 - BasePage - INFO - 成功找到元素
2019-02-27 16:28:49,842 - BasePage - INFO - 获取文本值成功。
2019-02-27 16:28:49,888 - BasePage - INFO - 成功找到元素
2019-02-27 16:28:49,899 - BasePage - INFO - 获取文本值成功。
2019-02-27 16:28:49,945 - BasePage - INFO - 成功找到元素
2019-02-27 16:28:49,954 - BasePage - INFO - 获取文本值成功。
2019-02-27 16:28:50,005 - BasePage - INFO - 成功找到元素
2019-02-27 16:28:50,019 - BasePage - INFO - 获取文本值成功。
2019-02-27 16:28:50,082 - BasePage - INFO - 成功找到元素
2019-02-27 16:28:50,090 - BasePage - INFO - 获取文本值成功。
2019-02-27 16:28:50,137 - BasePage - INFO - 成功找到元素
2019-02-27 16:28:50,144 - BasePage - INFO - 获取文本值成功。
2019-02-27 16:28:52,405 - Base_testcase - INFO - 结束
