2019-02-28 17:05:24,409 - BrowserEngine - INFO - 选择浏览器：Chrome
2019-02-28 17:05:24,409 - BrowserEngine - INFO - 地址：https://www.baidu.com
2019-02-28 17:05:26,813 - BrowserEngine - INFO - 打开Chrome浏览器
2019-02-28 17:05:28,480 - BrowserEngine - INFO - 打开网址
2019-02-28 17:05:29,944 - BasePage - INFO - 进入网址
2019-02-28 17:05:29,974 - BasePage - INFO - 成功找到元素
2019-02-28 17:05:30,052 - BasePage - INFO - 输入信息成功
2019-02-28 17:05:30,088 - BasePage - INFO - 成功找到元素
2019-02-28 17:05:30,156 - BasePage - INFO - 输入信息成功
2019-02-28 17:05:30,182 - BasePage - INFO - 成功找到元素
2019-02-28 17:05:30,238 - BasePage - INFO - 这里是成功的点击操作
2019-02-28 17:05:32,239 - BasePage - INFO - 停一会
2019-02-28 17:05:32,269 - BasePage - INFO - 成功找到元素
2019-02-28 17:05:32,578 - BasePage - INFO - 这里是成功的点击操作
2019-02-28 17:05:32,661 - BasePage - INFO - 成功找到元素
2019-02-28 17:05:32,715 - BasePage - INFO - 这里是成功的点击操作
2019-02-28 17:05:32,784 - BasePage - INFO - 成功找到元素
2019-02-28 17:05:32,995 - BasePage - INFO - 这里是成功的点击操作
2019-02-28 17:05:33,034 - BasePage - INFO - 成功找到元素
2019-02-28 17:05:33,486 - BasePage - INFO - 这里是成功的点击操作
2019-02-28 17:05:33,555 - BasePage - INFO - 成功找到元素
2019-02-28 17:05:33,645 - BasePage - INFO - 这里是成功的点击操作
2019-02-28 17:05:33,652 - BasePage - INFO - 切到另一个页面啦！
2019-02-28 17:05:47,954 - Base_testcase - INFO - 结束
