2019-02-27 16:40:46,483 - Base_testcase - INFO - 初始化浏览器
2019-02-27 16:40:57,753 - BasePage - INFO - 进入网址
2019-02-27 16:40:57,794 - BasePage - INFO - 成功找到元素
2019-02-27 16:40:57,874 - BasePage - INFO - 输入信息成功
2019-02-27 16:40:57,906 - BasePage - INFO - 成功找到元素
2019-02-27 16:40:57,966 - BasePage - INFO - 输入信息成功
2019-02-27 16:40:58,000 - BasePage - INFO - 成功找到元素
2019-02-27 16:40:58,058 - BasePage - INFO - 这里是成功的点击操作
2019-02-27 16:41:01,058 - BasePage - INFO - 停一会
2019-02-27 16:41:09,388 - BasePage - INFO - 成功找到元素
2019-02-27 16:41:09,730 - BasePage - INFO - 这里是成功的点击操作
2019-02-27 16:41:09,809 - BasePage - INFO - 成功找到元素
2019-02-27 16:41:10,162 - BasePage - INFO - 这里是成功的点击操作
2019-02-27 16:41:10,269 - BasePage - INFO - 成功找到元素
2019-02-27 16:41:21,517 - BasePage - INFO - 这里是成功的点击操作
2019-02-27 16:41:21,570 - BasePage - INFO - 成功找到元素
2019-02-27 16:41:21,662 - BasePage - INFO - 输入信息成功
2019-02-27 16:41:21,695 - BasePage - INFO - 成功找到元素
2019-02-27 16:41:21,801 - BasePage - INFO - 输入信息成功
2019-02-27 16:41:21,831 - BasePage - INFO - 成功找到元素
2019-02-27 16:41:21,902 - BasePage - INFO - 输入信息成功
2019-02-27 16:41:21,931 - BasePage - INFO - 成功找到元素
2019-02-27 16:41:22,007 - BasePage - INFO - 输入信息成功
2019-02-27 16:41:22,040 - BasePage - INFO - 成功找到元素
2019-02-27 16:41:22,161 - BasePage - INFO - 这里是成功的点击操作
2019-02-27 16:41:27,163 - BasePage - INFO - 停一会
2019-02-27 16:41:27,794 - BasePage - INFO - 成功找到元素
2019-02-27 16:41:27,866 - BasePage - INFO - 这里是成功的点击操作
2019-02-27 16:41:27,900 - BasePage - INFO - 成功找到元素
2019-02-27 16:41:38,255 - BasePage - INFO - 这里是成功的点击操作
2019-02-27 16:41:38,293 - BasePage - INFO - 成功找到元素
2019-02-27 16:41:38,302 - BasePage - INFO - 获取文本值成功。
2019-02-27 16:41:38,349 - BasePage - INFO - 成功找到元素
2019-02-27 16:41:38,359 - BasePage - INFO - 获取文本值成功。
2019-02-27 16:41:38,407 - BasePage - INFO - 成功找到元素
2019-02-27 16:41:38,416 - BasePage - INFO - 获取文本值成功。
2019-02-27 16:41:38,468 - BasePage - INFO - 成功找到元素
2019-02-27 16:41:38,480 - BasePage - INFO - 获取文本值成功。
2019-02-27 16:41:38,527 - BasePage - INFO - 成功找到元素
2019-02-27 16:41:38,538 - BasePage - INFO - 获取文本值成功。
2019-02-27 16:41:38,585 - BasePage - INFO - 成功找到元素
2019-02-27 16:41:38,594 - BasePage - INFO - 获取文本值成功。
2019-02-27 16:41:38,639 - BasePage - INFO - 成功找到元素
2019-02-27 16:41:38,648 - BasePage - INFO - 获取文本值成功。
2019-02-27 16:41:40,665 - BasePage - INFO - 停一会
2019-02-27 16:41:42,902 - Base_testcase - INFO - 结束
