2019-02-28 09:55:58,753 - Base_testcase - INFO - 初始化浏览器
2019-02-28 09:55:59,121 - BasePage - INFO - 进入网址
2019-02-28 09:55:59,152 - BasePage - INFO - 成功找到元素
2019-02-28 09:55:59,224 - BasePage - INFO - 输入信息成功
2019-02-28 09:55:59,255 - BasePage - INFO - 成功找到元素
2019-02-28 09:55:59,320 - BasePage - INFO - 输入信息成功
2019-02-28 09:55:59,353 - BasePage - INFO - 成功找到元素
2019-02-28 09:55:59,401 - BasePage - INFO - 这里是成功的点击操作
2019-02-28 09:56:02,403 - BasePage - INFO - 停一会
2019-02-28 09:56:02,433 - BasePage - INFO - 成功找到元素
2019-02-28 09:56:02,701 - BasePage - INFO - 这里是成功的点击操作
2019-02-28 09:56:02,775 - BasePage - INFO - 成功找到元素
2019-02-28 09:56:03,165 - BasePage - INFO - 这里是成功的点击操作
2019-02-28 09:56:03,214 - BasePage - INFO - 成功找到元素
2019-02-28 09:56:03,343 - BasePage - INFO - 输入信息成功
2019-02-28 09:56:03,370 - BasePage - INFO - 成功找到元素
2019-02-28 09:56:03,402 - BasePage - INFO - 切到frame啦！
2019-02-28 09:56:03,425 - BasePage - INFO - 成功找到元素
2019-02-28 09:56:03,575 - BasePage - INFO - 输入信息成功
2019-02-28 09:56:03,579 - BasePage - INFO - 这里是当前页面！
2019-02-28 09:56:03,609 - BasePage - INFO - 成功找到元素
2019-02-28 09:56:03,708 - BasePage - INFO - 这里是成功的点击操作
2019-02-28 09:56:06,708 - BasePage - INFO - 停一会
2019-02-28 09:56:06,746 - BasePage - INFO - 成功找到元素
2019-02-28 09:56:06,829 - BasePage - INFO - 输入信息成功
2019-02-28 09:56:06,859 - BasePage - INFO - 成功找到元素
2019-02-28 09:56:07,101 - BasePage - INFO - 这里是成功的点击操作
2019-02-28 09:56:07,157 - BasePage - INFO - 成功找到元素
2019-02-28 09:56:07,242 - BasePage - INFO - 这里是成功的点击操作
2019-02-28 09:56:09,477 - Base_testcase - INFO - 结束
2019-02-28 09:56:13,102 - Base_testcase - INFO - 初始化浏览器
2019-02-28 09:56:13,427 - BasePage - INFO - 进入网址
2019-02-28 09:56:13,459 - BasePage - INFO - 成功找到元素
2019-02-28 09:56:13,525 - BasePage - INFO - 输入信息成功
2019-02-28 09:56:13,557 - BasePage - INFO - 成功找到元素
2019-02-28 09:56:13,624 - BasePage - INFO - 输入信息成功
2019-02-28 09:56:13,655 - BasePage - INFO - 成功找到元素
2019-02-28 09:56:13,698 - BasePage - INFO - 这里是成功的点击操作
2019-02-28 09:56:16,699 - BasePage - INFO - 停一会
2019-02-28 09:56:16,730 - BasePage - INFO - 成功找到元素
2019-02-28 09:56:17,021 - BasePage - INFO - 这里是成功的点击操作
2019-02-28 09:56:17,108 - BasePage - INFO - 成功找到元素
2019-02-28 09:56:17,491 - BasePage - INFO - 这里是成功的点击操作
2019-02-28 09:56:17,598 - BasePage - INFO - 成功找到元素
2019-02-28 09:56:18,003 - BasePage - INFO - 这里是成功的点击操作
2019-02-28 09:56:18,039 - BasePage - INFO - 成功找到元素
2019-02-28 09:56:18,133 - BasePage - INFO - 输入信息成功
2019-02-28 09:56:18,160 - BasePage - INFO - 成功找到元素
2019-02-28 09:56:18,260 - BasePage - INFO - 输入信息成功
2019-02-28 09:56:18,293 - BasePage - INFO - 成功找到元素
2019-02-28 09:56:18,365 - BasePage - INFO - 输入信息成功
2019-02-28 09:56:18,397 - BasePage - INFO - 成功找到元素
2019-02-28 09:56:18,481 - BasePage - INFO - 输入信息成功
2019-02-28 09:56:18,509 - BasePage - INFO - 成功找到元素
2019-02-28 09:56:18,629 - BasePage - INFO - 这里是成功的点击操作
2019-02-28 09:56:23,629 - BasePage - INFO - 停一会
2019-02-28 09:56:23,667 - BasePage - INFO - 成功找到元素
2019-02-28 09:56:23,721 - BasePage - INFO - 这里是成功的点击操作
2019-02-28 09:56:23,759 - BasePage - INFO - 成功找到元素
2019-02-28 09:56:24,389 - BasePage - INFO - 这里是成功的点击操作
2019-02-28 09:56:24,424 - BasePage - INFO - 成功找到元素
2019-02-28 09:56:24,433 - BasePage - INFO - 获取文本值成功。
2019-02-28 09:56:24,490 - BasePage - INFO - 成功找到元素
2019-02-28 09:56:24,500 - BasePage - INFO - 获取文本值成功。
2019-02-28 09:56:24,546 - BasePage - INFO - 成功找到元素
2019-02-28 09:56:24,556 - BasePage - INFO - 获取文本值成功。
2019-02-28 09:56:24,603 - BasePage - INFO - 成功找到元素
2019-02-28 09:56:24,614 - BasePage - INFO - 获取文本值成功。
2019-02-28 09:56:24,663 - BasePage - INFO - 成功找到元素
2019-02-28 09:56:24,680 - BasePage - INFO - 获取文本值成功。
2019-02-28 09:56:24,735 - BasePage - INFO - 成功找到元素
2019-02-28 09:56:24,744 - BasePage - INFO - 获取文本值成功。
2019-02-28 09:56:24,792 - BasePage - INFO - 成功找到元素
2019-02-28 09:56:24,802 - BasePage - INFO - 获取文本值成功。
2019-02-28 09:56:26,819 - BasePage - INFO - 停一会
2019-02-28 09:56:30,082 - Base_testcase - INFO - 结束
2019-02-28 09:56:33,662 - Base_testcase - INFO - 初始化浏览器
2019-02-28 09:56:33,998 - BasePage - INFO - 进入网址
2019-02-28 09:56:34,028 - BasePage - INFO - 成功找到元素
2019-02-28 09:56:34,094 - BasePage - INFO - 输入信息成功
2019-02-28 09:56:34,125 - BasePage - INFO - 成功找到元素
2019-02-28 09:56:34,190 - BasePage - INFO - 输入信息成功
2019-02-28 09:56:34,221 - BasePage - INFO - 成功找到元素
2019-02-28 09:56:34,268 - BasePage - INFO - 这里是成功的点击操作
2019-02-28 09:56:37,270 - BasePage - INFO - 停一会
2019-02-28 09:56:37,349 - BasePage - INFO - 成功找到元素
2019-02-28 09:56:37,466 - BasePage - INFO - 输入信息成功
2019-02-28 09:56:37,498 - BasePage - INFO - 成功找到元素
2019-02-28 09:56:37,573 - BasePage - INFO - 这里是成功的点击操作
2019-02-28 09:56:37,587 - BasePage - INFO - 切到另一个页面啦！
2019-02-28 09:56:38,661 - BasePage - INFO - 成功找到元素
2019-02-28 09:56:38,747 - BasePage - INFO - 这里是成功的点击操作
2019-02-28 09:56:38,757 - BasePage - INFO - 切到另一个页面啦！
2019-02-28 09:56:39,806 - BasePage - INFO - 成功找到元素
2019-02-28 09:56:39,815 - BasePage - INFO - 获取文本值成功。
2019-02-28 09:56:41,833 - BasePage - INFO - 停一会
2019-02-28 09:56:41,874 - BasePage - INFO - 成功找到元素
2019-02-28 09:56:42,085 - BasePage - INFO - 这里是成功的点击操作
2019-02-28 09:56:44,314 - Base_testcase - INFO - 结束
2019-02-28 09:56:47,900 - Base_testcase - INFO - 初始化浏览器
2019-02-28 09:56:48,239 - BasePage - INFO - 进入网址
2019-02-28 09:56:48,271 - BasePage - INFO - 成功找到元素
2019-02-28 09:56:48,340 - BasePage - INFO - 输入信息成功
2019-02-28 09:56:48,377 - BasePage - INFO - 成功找到元素
2019-02-28 09:56:48,424 - BasePage - INFO - 输入信息成功
2019-02-28 09:56:48,453 - BasePage - INFO - 成功找到元素
2019-02-28 09:56:48,503 - BasePage - INFO - 这里是成功的点击操作
2019-02-28 09:56:50,503 - BasePage - INFO - 停一会
2019-02-28 09:56:50,570 - BasePage - INFO - 成功找到元素
2019-02-28 09:56:50,865 - BasePage - INFO - 这里是成功的点击操作
2019-02-28 09:56:50,933 - BasePage - INFO - 成功找到元素
2019-02-28 09:56:50,995 - BasePage - INFO - 这里是成功的点击操作
2019-02-28 09:56:51,061 - BasePage - INFO - 成功找到元素
2019-02-28 09:56:51,321 - BasePage - INFO - 这里是成功的点击操作
2019-02-28 09:56:51,364 - BasePage - INFO - 成功找到元素
2019-02-28 09:56:51,779 - BasePage - INFO - 这里是成功的点击操作
2019-02-28 09:56:51,856 - BasePage - INFO - 成功找到元素
2019-02-28 09:56:51,971 - BasePage - INFO - 这里是成功的点击操作
2019-02-28 09:56:51,984 - BasePage - INFO - 切到另一个页面啦！
2019-02-28 09:56:57,067 - BasePage - INFO - 成功找到元素
2019-02-28 09:56:57,266 - BasePage - INFO - 这里是成功的点击操作
2019-02-28 09:56:57,296 - BasePage - INFO - 成功找到元素
2019-02-28 09:56:57,326 - BasePage - INFO - 切到frame啦！
2019-02-28 09:57:00,327 - BasePage - INFO - 停一会
2019-02-28 09:57:00,363 - BasePage - INFO - 成功找到元素
2019-02-28 09:57:00,482 - BasePage - INFO - 这里是成功的点击操作
2019-02-28 09:57:00,517 - BasePage - INFO - 成功找到元素
2019-02-28 09:57:00,564 - BasePage - INFO - 这里清除了一个搜索框
2019-02-28 09:57:00,583 - BasePage - INFO - 成功找到元素
2019-02-28 09:57:00,665 - BasePage - INFO - 输入信息成功
2019-02-28 09:57:00,700 - BasePage - INFO - 成功找到元素
2019-02-28 09:57:00,917 - BasePage - INFO - 这里是成功的点击操作
2019-02-28 09:57:02,917 - BasePage - INFO - 停一会
2019-02-28 09:57:02,926 - BasePage - INFO - 切到另一个页面啦！
2019-02-28 09:57:02,961 - BasePage - INFO - 成功找到元素
2019-02-28 09:57:03,263 - BasePage - INFO - 这里是成功的点击操作
2019-02-28 09:57:03,306 - BasePage - INFO - 成功找到元素
2019-02-28 09:57:03,481 - BasePage - INFO - 这里是成功的点击操作
2019-02-28 09:57:06,481 - BasePage - INFO - 停一会
2019-02-28 09:57:06,524 - BasePage - INFO - 成功找到元素
2019-02-28 09:57:06,597 - BasePage - INFO - 输入信息成功
2019-02-28 09:57:06,627 - BasePage - INFO - 成功找到元素
2019-02-28 09:57:06,707 - BasePage - INFO - 输入信息成功
2019-02-28 09:57:06,735 - BasePage - INFO - 成功找到元素
2019-02-28 09:57:06,785 - BasePage - INFO - 这里是成功的点击操作
2019-02-28 09:57:09,785 - BasePage - INFO - 停一会
2019-02-28 09:57:09,855 - BasePage - INFO - 成功找到元素
2019-02-28 09:57:10,092 - BasePage - INFO - 这里是成功的点击操作
2019-02-28 09:57:10,140 - BasePage - INFO - 成功找到元素
2019-02-28 09:57:10,476 - BasePage - INFO - 这里是成功的点击操作
2019-02-28 09:57:10,506 - BasePage - INFO - 成功找到元素
2019-02-28 09:57:10,587 - BasePage - INFO - 输入信息成功
2019-02-28 09:57:10,593 - BasePage - INFO - 切到另一个页面啦！
2019-02-28 09:57:10,615 - BasePage - INFO - 成功找到元素
2019-02-28 09:57:10,640 - BasePage - INFO - 切到frame啦！
2019-02-28 09:57:10,663 - BasePage - INFO - 成功找到元素
2019-02-28 09:57:10,895 - BasePage - INFO - 输入信息成功
2019-02-28 09:57:10,900 - BasePage - INFO - 切到另一个页面啦！
2019-02-28 09:57:10,924 - BasePage - INFO - 成功找到元素
2019-02-28 09:57:11,019 - BasePage - INFO - 这里是成功的点击操作
2019-02-28 09:57:13,020 - BasePage - INFO - 停一会
2019-02-28 09:57:13,083 - BasePage - INFO - 成功找到元素
2019-02-28 09:57:13,240 - BasePage - INFO - 输入信息成功
2019-02-28 09:57:28,240 - BasePage - INFO - 停一会
2019-02-28 09:57:28,301 - BasePage - INFO - 成功找到元素
2019-02-28 09:57:28,566 - BasePage - INFO - 这里是成功的点击操作
2019-02-28 09:57:30,566 - BasePage - INFO - 停一会
2019-02-28 09:57:32,835 - Base_testcase - INFO - 结束
