2019-02-28 11:27:30,804 - BrowserEngine - INFO - 选择浏览器：Chrome
2019-02-28 11:27:30,804 - BrowserEngine - INFO - 地址：https://www.baidu.com
2019-02-28 11:27:34,038 - BrowserEngine - INFO - 打开Chrome浏览器
2019-02-28 11:27:34,825 - BrowserEngine - INFO - 打开网址
2019-02-28 11:27:36,453 - BasePage - INFO - 进入网址
2019-02-28 11:27:36,483 - BasePage - INFO - 成功找到元素
2019-02-28 11:27:36,556 - BasePage - INFO - 输入信息成功
2019-02-28 11:27:36,589 - BasePage - INFO - 成功找到元素
2019-02-28 11:27:36,639 - BasePage - INFO - 输入信息成功
2019-02-28 11:27:36,665 - BasePage - INFO - 成功找到元素
2019-02-28 11:27:36,725 - BasePage - INFO - 这里是成功的点击操作
2019-02-28 11:27:39,737 - BasePage - INFO - 停一会
2019-02-28 11:27:39,753 - BasePage - INFO - 成功找到元素
2019-02-28 11:27:40,041 - BasePage - INFO - 这里是成功的点击操作
2019-02-28 11:27:40,073 - BasePage - INFO - 成功找到元素
2019-02-28 11:27:40,492 - BasePage - INFO - 这里是成功的点击操作
2019-02-28 11:27:40,535 - BasePage - INFO - 成功找到元素
2019-02-28 11:27:40,661 - BasePage - INFO - 输入信息成功
2019-02-28 11:27:40,689 - BasePage - INFO - 成功找到元素
2019-02-28 11:27:40,723 - BasePage - INFO - 切到frame啦！
2019-02-28 11:27:40,746 - BasePage - INFO - 成功找到元素
2019-02-28 11:27:40,901 - BasePage - INFO - 输入信息成功
2019-02-28 11:27:40,905 - BasePage - INFO - 这里是当前页面！
2019-02-28 11:27:40,918 - BasePage - INFO - 成功找到元素
2019-02-28 11:27:41,023 - BasePage - INFO - 这里是成功的点击操作
2019-02-28 11:27:44,025 - BasePage - INFO - 停一会
2019-02-28 11:27:44,059 - BasePage - INFO - 成功找到元素
2019-02-28 11:27:44,141 - BasePage - INFO - 输入信息成功
2019-02-28 11:27:44,175 - BasePage - INFO - 成功找到元素
2019-02-28 11:27:44,444 - BasePage - INFO - 这里是成功的点击操作
2019-02-28 11:27:44,489 - BasePage - INFO - 成功找到元素
2019-02-28 11:27:44,716 - BasePage - INFO - 这里是成功的点击操作
2019-02-28 11:27:46,960 - Base_testcase - INFO - 结束
2019-02-28 11:27:46,960 - BrowserEngine - INFO - 选择浏览器：Chrome
2019-02-28 11:27:46,960 - BrowserEngine - INFO - 地址：https://www.baidu.com
2019-02-28 11:27:49,466 - BrowserEngine - INFO - 打开Chrome浏览器
2019-02-28 11:27:50,242 - BrowserEngine - INFO - 打开网址
2019-02-28 11:27:51,770 - BasePage - INFO - 进入网址
2019-02-28 11:27:51,805 - BasePage - INFO - 成功找到元素
2019-02-28 11:27:51,885 - BasePage - INFO - 输入信息成功
2019-02-28 11:27:51,918 - BasePage - INFO - 成功找到元素
2019-02-28 11:27:51,973 - BasePage - INFO - 输入信息成功
2019-02-28 11:27:52,001 - BasePage - INFO - 成功找到元素
2019-02-28 11:27:52,049 - BasePage - INFO - 这里是成功的点击操作
2019-02-28 11:27:55,063 - BasePage - INFO - 停一会
2019-02-28 11:27:55,129 - BasePage - INFO - 成功找到元素
2019-02-28 11:27:55,421 - BasePage - INFO - 这里是成功的点击操作
2019-02-28 11:27:55,458 - BasePage - INFO - 成功找到元素
2019-02-28 11:27:55,868 - BasePage - INFO - 这里是成功的点击操作
2019-02-28 11:27:55,950 - BasePage - INFO - 成功找到元素
2019-02-28 11:27:56,345 - BasePage - INFO - 这里是成功的点击操作
2019-02-28 11:27:56,380 - BasePage - INFO - 成功找到元素
2019-02-28 11:27:56,472 - BasePage - INFO - 输入信息成功
2019-02-28 11:27:56,500 - BasePage - INFO - 成功找到元素
2019-02-28 11:27:56,598 - BasePage - INFO - 输入信息成功
2019-02-28 11:27:56,625 - BasePage - INFO - 成功找到元素
2019-02-28 11:27:56,687 - BasePage - INFO - 输入信息成功
2019-02-28 11:27:56,713 - BasePage - INFO - 成功找到元素
2019-02-28 11:27:56,795 - BasePage - INFO - 输入信息成功
2019-02-28 11:27:56,828 - BasePage - INFO - 成功找到元素
2019-02-28 11:27:56,919 - BasePage - INFO - 这里是成功的点击操作
2019-02-28 11:28:01,927 - BasePage - INFO - 停一会
2019-02-28 11:28:01,943 - BasePage - INFO - 成功找到元素
2019-02-28 11:28:02,006 - BasePage - INFO - 这里是成功的点击操作
2019-02-28 11:28:02,040 - BasePage - INFO - 成功找到元素
2019-02-28 11:28:02,625 - BasePage - INFO - 这里是成功的点击操作
2019-02-28 11:28:02,655 - BasePage - INFO - 成功找到元素
2019-02-28 11:28:02,662 - BasePage - INFO - 获取文本值成功。
2019-02-28 11:28:02,711 - BasePage - INFO - 成功找到元素
2019-02-28 11:28:02,717 - BasePage - INFO - 获取文本值成功。
2019-02-28 11:28:02,757 - BasePage - INFO - 成功找到元素
2019-02-28 11:28:02,764 - BasePage - INFO - 获取文本值成功。
2019-02-28 11:28:02,793 - BasePage - INFO - 成功找到元素
2019-02-28 11:28:02,809 - BasePage - INFO - 获取文本值成功。
2019-02-28 11:28:02,865 - BasePage - INFO - 成功找到元素
2019-02-28 11:28:02,867 - BasePage - INFO - 获取文本值成功。
2019-02-28 11:28:02,920 - BasePage - INFO - 成功找到元素
2019-02-28 11:28:02,927 - BasePage - INFO - 获取文本值成功。
2019-02-28 11:28:02,967 - BasePage - INFO - 成功找到元素
2019-02-28 11:28:02,974 - BasePage - INFO - 获取文本值成功。
2019-02-28 11:28:04,998 - BasePage - INFO - 停一会
2019-02-28 11:28:07,435 - Base_testcase - INFO - 结束
2019-02-28 11:28:07,435 - BrowserEngine - INFO - 选择浏览器：Chrome
2019-02-28 11:28:07,435 - BrowserEngine - INFO - 地址：https://www.baidu.com
2019-02-28 11:28:09,933 - BrowserEngine - INFO - 打开Chrome浏览器
2019-02-28 11:28:10,706 - BrowserEngine - INFO - 打开网址
2019-02-28 11:28:12,185 - BasePage - INFO - 进入网址
2019-02-28 11:28:12,216 - BasePage - INFO - 成功找到元素
2019-02-28 11:28:12,291 - BasePage - INFO - 输入信息成功
2019-02-28 11:28:12,327 - BasePage - INFO - 成功找到元素
2019-02-28 11:28:12,380 - BasePage - INFO - 输入信息成功
2019-02-28 11:28:12,410 - BasePage - INFO - 成功找到元素
2019-02-28 11:28:12,456 - BasePage - INFO - 这里是成功的点击操作
2019-02-28 11:28:15,458 - BasePage - INFO - 停一会
2019-02-28 11:28:15,521 - BasePage - INFO - 成功找到元素
2019-02-28 11:28:15,599 - BasePage - INFO - 输入信息成功
2019-02-28 11:28:15,632 - BasePage - INFO - 成功找到元素
2019-02-28 11:28:15,712 - BasePage - INFO - 这里是成功的点击操作
2019-02-28 11:28:15,726 - BasePage - INFO - 切到另一个页面啦！
2019-02-28 11:28:16,810 - BasePage - INFO - 成功找到元素
2019-02-28 11:28:16,899 - BasePage - INFO - 这里是成功的点击操作
2019-02-28 11:28:16,908 - BasePage - INFO - 切到另一个页面啦！
2019-02-28 11:28:17,961 - BasePage - INFO - 成功找到元素
2019-02-28 11:28:17,971 - BasePage - INFO - 获取文本值成功。
2019-02-28 11:28:19,992 - BasePage - INFO - 停一会
2019-02-28 11:28:20,023 - BasePage - INFO - 成功找到元素
2019-02-28 11:28:20,220 - BasePage - INFO - 这里是成功的点击操作
2019-02-28 11:28:22,460 - Base_testcase - INFO - 结束
2019-02-28 11:28:22,460 - BrowserEngine - INFO - 选择浏览器：Chrome
2019-02-28 11:28:22,460 - BrowserEngine - INFO - 地址：https://www.baidu.com
2019-02-28 11:28:25,287 - BrowserEngine - INFO - 打开Chrome浏览器
2019-02-28 11:28:25,930 - BrowserEngine - INFO - 打开网址
2019-02-28 11:28:27,404 - BasePage - INFO - 进入网址
2019-02-28 11:28:27,439 - BasePage - INFO - 成功找到元素
2019-02-28 11:28:27,507 - BasePage - INFO - 输入信息成功
2019-02-28 11:28:27,538 - BasePage - INFO - 成功找到元素
2019-02-28 11:28:27,599 - BasePage - INFO - 输入信息成功
2019-02-28 11:28:27,627 - BasePage - INFO - 成功找到元素
2019-02-28 11:28:27,673 - BasePage - INFO - 这里是成功的点击操作
2019-02-28 11:28:29,685 - BasePage - INFO - 停一会
2019-02-28 11:28:29,745 - BasePage - INFO - 成功找到元素
2019-02-28 11:28:30,042 - BasePage - INFO - 这里是成功的点击操作
2019-02-28 11:28:30,077 - BasePage - INFO - 成功找到元素
2019-02-28 11:28:30,183 - BasePage - INFO - 这里是成功的点击操作
2019-02-28 11:28:30,251 - BasePage - INFO - 成功找到元素
2019-02-28 11:28:30,469 - BasePage - INFO - 这里是成功的点击操作
2019-02-28 11:28:30,507 - BasePage - INFO - 成功找到元素
2019-02-28 11:28:30,920 - BasePage - INFO - 这里是成功的点击操作
2019-02-28 11:28:30,998 - BasePage - INFO - 成功找到元素
2019-02-28 11:28:31,104 - BasePage - INFO - 这里是成功的点击操作
2019-02-28 11:28:31,116 - BasePage - INFO - 切到另一个页面啦！
2019-02-28 11:28:56,467 - BasePage - INFO - 成功找到元素
2019-02-28 11:28:56,720 - BasePage - INFO - 这里是成功的点击操作
2019-02-28 11:28:56,750 - BasePage - INFO - 成功找到元素
2019-02-28 11:28:56,779 - BasePage - INFO - 切到frame啦！
2019-02-28 11:28:59,786 - BasePage - INFO - 停一会
2019-02-28 11:28:59,832 - BasePage - INFO - 成功找到元素
2019-02-28 11:28:59,944 - BasePage - INFO - 这里是成功的点击操作
2019-02-28 11:28:59,978 - BasePage - INFO - 成功找到元素
2019-02-28 11:29:00,026 - BasePage - INFO - 这里清除了一个搜索框
2019-02-28 11:29:00,047 - BasePage - INFO - 成功找到元素
2019-02-28 11:29:00,140 - BasePage - INFO - 输入信息成功
2019-02-28 11:29:00,166 - BasePage - INFO - 成功找到元素
2019-02-28 11:29:00,400 - BasePage - INFO - 这里是成功的点击操作
2019-02-28 11:29:02,402 - BasePage - INFO - 停一会
2019-02-28 11:29:02,417 - BasePage - INFO - 切到另一个页面啦！
2019-02-28 11:29:02,464 - BasePage - INFO - 成功找到元素
2019-02-28 11:29:02,839 - BasePage - INFO - 这里是成功的点击操作
2019-02-28 11:29:02,884 - BasePage - INFO - 成功找到元素
2019-02-28 11:29:03,068 - BasePage - INFO - 这里是成功的点击操作
2019-02-28 11:29:06,077 - BasePage - INFO - 停一会
2019-02-28 11:29:06,124 - BasePage - INFO - 成功找到元素
2019-02-28 11:29:06,221 - BasePage - INFO - 输入信息成功
2019-02-28 11:29:06,249 - BasePage - INFO - 成功找到元素
2019-02-28 11:29:06,324 - BasePage - INFO - 输入信息成功
2019-02-28 11:29:06,353 - BasePage - INFO - 成功找到元素
2019-02-28 11:29:06,400 - BasePage - INFO - 这里是成功的点击操作
2019-02-28 11:29:09,403 - BasePage - INFO - 停一会
2019-02-28 11:29:09,466 - BasePage - INFO - 成功找到元素
2019-02-28 11:29:09,706 - BasePage - INFO - 这里是成功的点击操作
2019-02-28 11:29:09,749 - BasePage - INFO - 成功找到元素
2019-02-28 11:29:10,098 - BasePage - INFO - 这里是成功的点击操作
2019-02-28 11:29:10,126 - BasePage - INFO - 成功找到元素
2019-02-28 11:29:10,205 - BasePage - INFO - 输入信息成功
2019-02-28 11:29:10,210 - BasePage - INFO - 切到另一个页面啦！
2019-02-28 11:29:10,234 - BasePage - INFO - 成功找到元素
2019-02-28 11:29:10,264 - BasePage - INFO - 切到frame啦！
2019-02-28 11:29:10,288 - BasePage - INFO - 成功找到元素
2019-02-28 11:29:10,526 - BasePage - INFO - 输入信息成功
2019-02-28 11:29:10,532 - BasePage - INFO - 切到另一个页面啦！
2019-02-28 11:29:10,561 - BasePage - INFO - 成功找到元素
2019-02-28 11:29:10,651 - BasePage - INFO - 这里是成功的点击操作
2019-02-28 11:29:12,651 - BasePage - INFO - 停一会
2019-02-28 11:29:12,713 - BasePage - INFO - 成功找到元素
2019-02-28 11:29:12,838 - BasePage - INFO - 输入信息成功
2019-02-28 11:29:27,840 - BasePage - INFO - 停一会
2019-02-28 11:29:27,876 - BasePage - INFO - 成功找到元素
2019-02-28 11:29:28,123 - BasePage - INFO - 这里是成功的点击操作
2019-02-28 11:29:30,134 - BasePage - INFO - 停一会
2019-02-28 11:29:32,417 - Base_testcase - INFO - 结束
