2019-02-27 16:34:18,426 - Base_testcase - INFO - 初始化浏览器
2019-02-27 16:34:28,797 - BasePage - INFO - 进入网址
2019-02-27 16:34:28,840 - BasePage - INFO - 成功找到元素
2019-02-27 16:34:28,916 - BasePage - INFO - 输入信息成功
2019-02-27 16:34:28,947 - BasePage - INFO - 成功找到元素
2019-02-27 16:34:28,999 - BasePage - INFO - 输入信息成功
2019-02-27 16:34:29,031 - BasePage - INFO - 成功找到元素
2019-02-27 16:34:29,086 - BasePage - INFO - 这里是成功的点击操作
2019-02-27 16:34:32,087 - BasePage - INFO - 停一会
2019-02-27 16:34:40,421 - BasePage - INFO - 成功找到元素
2019-02-27 16:34:45,793 - BasePage - INFO - 这里是成功的点击操作
2019-02-27 16:34:45,832 - BasePage - INFO - 成功找到元素
2019-02-27 16:34:57,022 - BasePage - INFO - 这里是成功的点击操作
2019-02-27 16:34:57,111 - BasePage - INFO - 成功找到元素
2019-02-27 16:35:08,371 - BasePage - INFO - 这里是成功的点击操作
2019-02-27 16:35:08,414 - BasePage - INFO - 成功找到元素
2019-02-27 16:35:08,507 - BasePage - INFO - 输入信息成功
2019-02-27 16:35:08,541 - BasePage - INFO - 成功找到元素
2019-02-27 16:35:08,644 - BasePage - INFO - 输入信息成功
2019-02-27 16:35:08,676 - BasePage - INFO - 成功找到元素
2019-02-27 16:35:08,752 - BasePage - INFO - 输入信息成功
2019-02-27 16:35:08,783 - BasePage - INFO - 成功找到元素
2019-02-27 16:35:08,863 - BasePage - INFO - 输入信息成功
2019-02-27 16:35:08,896 - BasePage - INFO - 成功找到元素
2019-02-27 16:35:09,017 - BasePage - INFO - 这里是成功的点击操作
2019-02-27 16:35:14,018 - BasePage - INFO - 停一会
2019-02-27 16:35:19,273 - BasePage - INFO - 成功找到元素
2019-02-27 16:35:19,340 - BasePage - INFO - 这里是成功的点击操作
2019-02-27 16:35:19,373 - BasePage - INFO - 成功找到元素
2019-02-27 16:35:20,067 - BasePage - INFO - 这里是成功的点击操作
2019-02-27 16:35:20,098 - BasePage - INFO - 成功找到元素
2019-02-27 16:35:20,110 - BasePage - INFO - 获取文本值成功。
2019-02-27 16:35:20,161 - BasePage - INFO - 成功找到元素
2019-02-27 16:35:20,171 - BasePage - INFO - 获取文本值成功。
2019-02-27 16:35:20,217 - BasePage - INFO - 成功找到元素
2019-02-27 16:35:20,226 - BasePage - INFO - 获取文本值成功。
2019-02-27 16:35:20,278 - BasePage - INFO - 成功找到元素
2019-02-27 16:35:20,287 - BasePage - INFO - 获取文本值成功。
2019-02-27 16:35:20,332 - BasePage - INFO - 成功找到元素
2019-02-27 16:35:20,341 - BasePage - INFO - 获取文本值成功。
2019-02-27 16:35:20,390 - BasePage - INFO - 成功找到元素
2019-02-27 16:35:20,400 - BasePage - INFO - 获取文本值成功。
2019-02-27 16:35:22,694 - Base_testcase - INFO - 结束
