2019-02-28 09:58:33,957 - Base_testcase - INFO - 初始化浏览器
2019-02-28 09:58:34,297 - BasePage - INFO - 进入网址
2019-02-28 09:58:34,328 - BasePage - INFO - 成功找到元素
2019-02-28 09:58:34,398 - BasePage - INFO - 输入信息成功
2019-02-28 09:58:34,425 - BasePage - INFO - 成功找到元素
2019-02-28 09:58:34,492 - BasePage - INFO - 输入信息成功
2019-02-28 09:58:34,522 - BasePage - INFO - 成功找到元素
2019-02-28 09:58:34,569 - BasePage - INFO - 这里是成功的点击操作
2019-02-28 09:58:37,570 - BasePage - INFO - 停一会
2019-02-28 09:58:37,636 - BasePage - INFO - 成功找到元素
2019-02-28 09:58:37,950 - BasePage - INFO - 这里是成功的点击操作
2019-02-28 09:58:38,026 - BasePage - INFO - 成功找到元素
2019-02-28 09:58:38,354 - BasePage - INFO - 这里是成功的点击操作
2019-02-28 09:58:38,396 - BasePage - INFO - 成功找到元素
2019-02-28 09:58:38,519 - BasePage - INFO - 输入信息成功
2019-02-28 09:58:38,543 - BasePage - INFO - 成功找到元素
2019-02-28 09:58:38,572 - BasePage - INFO - 切到frame啦！
2019-02-28 09:58:38,595 - BasePage - INFO - 成功找到元素
2019-02-28 09:58:38,764 - BasePage - INFO - 输入信息成功
2019-02-28 09:58:38,767 - BasePage - INFO - 这里是当前页面！
2019-02-28 09:58:38,792 - BasePage - INFO - 成功找到元素
2019-02-28 09:58:38,885 - BasePage - INFO - 这里是成功的点击操作
2019-02-28 09:58:41,885 - BasePage - INFO - 停一会
2019-02-28 09:58:41,955 - BasePage - INFO - 成功找到元素
2019-02-28 09:58:42,047 - BasePage - INFO - 输入信息成功
2019-02-28 09:58:42,081 - BasePage - INFO - 成功找到元素
2019-02-28 09:58:42,341 - BasePage - INFO - 这里是成功的点击操作
2019-02-28 09:58:42,392 - BasePage - INFO - 成功找到元素
2019-02-28 09:58:42,597 - BasePage - INFO - 这里是成功的点击操作
2019-02-28 09:58:44,845 - Base_testcase - INFO - 结束
