2019-02-28 08:56:05,674 - Base_testcase - INFO - 初始化浏览器
2019-02-28 08:56:06,014 - BasePage - INFO - 进入网址
2019-02-28 08:56:06,046 - BasePage - INFO - 成功找到元素
2019-02-28 08:56:06,125 - BasePage - INFO - 输入信息成功
2019-02-28 08:56:06,155 - BasePage - INFO - 成功找到元素
2019-02-28 08:56:06,214 - BasePage - INFO - 输入信息成功
2019-02-28 08:56:06,251 - BasePage - INFO - 成功找到元素
2019-02-28 08:56:06,303 - BasePage - INFO - 这里是成功的点击操作
2019-02-28 08:56:09,311 - BasePage - INFO - 停一会
2019-02-28 08:56:09,342 - BasePage - INFO - 成功找到元素
2019-02-28 08:56:09,421 - BasePage - INFO - 输入信息成功
2019-02-28 08:56:09,460 - BasePage - INFO - 成功找到元素
2019-02-28 08:56:09,551 - BasePage - INFO - 这里是成功的点击操作
2019-02-28 08:56:09,566 - BasePage - INFO - 切到另一个页面啦！
2019-02-28 08:56:10,657 - BasePage - INFO - 成功找到元素
2019-02-28 08:56:10,749 - BasePage - INFO - 这里是成功的点击操作
2019-02-28 08:56:10,760 - BasePage - INFO - 切到另一个页面啦！
2019-02-28 08:56:11,851 - BasePage - INFO - 成功找到元素
2019-02-28 08:56:11,863 - BasePage - INFO - 获取文本值成功。
2019-02-28 08:56:13,883 - BasePage - INFO - 停一会
2019-02-28 08:56:13,915 - BasePage - INFO - 成功找到元素
2019-02-28 08:56:14,207 - BasePage - INFO - 这里是成功的点击操作
2019-02-28 08:56:16,496 - Base_testcase - INFO - 结束
2019-02-28 08:56:32,283 - Base_testcase - INFO - 初始化浏览器
2019-02-28 08:56:32,624 - BasePage - INFO - 进入网址
2019-02-28 08:56:32,659 - BasePage - INFO - 成功找到元素
2019-02-28 08:56:32,741 - BasePage - INFO - 输入信息成功
2019-02-28 08:56:32,767 - BasePage - INFO - 成功找到元素
2019-02-28 08:56:32,814 - BasePage - INFO - 输入信息成功
2019-02-28 08:56:32,843 - BasePage - INFO - 成功找到元素
2019-02-28 08:56:32,888 - BasePage - INFO - 这里是成功的点击操作
2019-02-28 08:56:35,898 - BasePage - INFO - 停一会
2019-02-28 08:56:35,914 - BasePage - INFO - 成功找到元素
2019-02-28 08:56:36,243 - BasePage - INFO - 这里是成功的点击操作
2019-02-28 08:56:36,323 - BasePage - INFO - 成功找到元素
2019-02-28 08:56:36,690 - BasePage - INFO - 这里是成功的点击操作
2019-02-28 08:56:36,746 - BasePage - INFO - 成功找到元素
2019-02-28 08:56:36,854 - BasePage - INFO - 输入信息成功
2019-02-28 08:56:36,882 - BasePage - INFO - 成功找到元素
2019-02-28 08:56:36,915 - BasePage - INFO - 切到frame啦！
2019-02-28 08:56:36,930 - BasePage - INFO - 成功找到元素
2019-02-28 08:56:37,163 - BasePage - INFO - 输入信息成功
2019-02-28 08:56:37,166 - BasePage - INFO - 这里是当前页面！
2019-02-28 08:56:37,196 - BasePage - INFO - 成功找到元素
2019-02-28 08:56:37,290 - BasePage - INFO - 这里是成功的点击操作
2019-02-28 08:56:40,296 - BasePage - INFO - 停一会
2019-02-28 08:56:40,328 - BasePage - INFO - 成功找到元素
2019-02-28 08:56:40,409 - BasePage - INFO - 输入信息成功
2019-02-28 08:56:40,447 - BasePage - INFO - 成功找到元素
2019-02-28 08:56:40,713 - BasePage - INFO - 这里是成功的点击操作
2019-02-28 08:56:40,761 - BasePage - INFO - 成功找到元素
2019-02-28 08:56:40,960 - BasePage - INFO - 这里是成功的点击操作
2019-02-28 08:56:43,201 - Base_testcase - INFO - 结束
2019-02-28 08:56:46,728 - Base_testcase - INFO - 初始化浏览器
2019-02-28 08:56:47,065 - BasePage - INFO - 进入网址
2019-02-28 08:56:47,097 - BasePage - INFO - 成功找到元素
2019-02-28 08:56:47,170 - BasePage - INFO - 输入信息成功
2019-02-28 08:56:47,206 - BasePage - INFO - 成功找到元素
2019-02-28 08:56:47,261 - BasePage - INFO - 输入信息成功
2019-02-28 08:56:47,293 - BasePage - INFO - 成功找到元素
2019-02-28 08:56:47,341 - BasePage - INFO - 这里是成功的点击操作
2019-02-28 08:56:50,356 - BasePage - INFO - 停一会
2019-02-28 08:56:50,371 - BasePage - INFO - 成功找到元素
2019-02-28 08:56:50,695 - BasePage - INFO - 这里是成功的点击操作
2019-02-28 08:56:50,731 - BasePage - INFO - 成功找到元素
2019-02-28 08:56:51,152 - BasePage - INFO - 这里是成功的点击操作
2019-02-28 08:56:51,244 - BasePage - INFO - 成功找到元素
2019-02-28 08:56:51,650 - BasePage - INFO - 这里是成功的点击操作
2019-02-28 08:56:51,688 - BasePage - INFO - 成功找到元素
2019-02-28 08:56:51,781 - BasePage - INFO - 输入信息成功
2019-02-28 08:56:51,809 - BasePage - INFO - 成功找到元素
2019-02-28 08:56:51,920 - BasePage - INFO - 输入信息成功
2019-02-28 08:56:51,950 - BasePage - INFO - 成功找到元素
2019-02-28 08:56:52,026 - BasePage - INFO - 输入信息成功
2019-02-28 08:56:52,056 - BasePage - INFO - 成功找到元素
2019-02-28 08:56:52,126 - BasePage - INFO - 输入信息成功
2019-02-28 08:56:52,161 - BasePage - INFO - 成功找到元素
2019-02-28 08:56:52,250 - BasePage - INFO - 这里是成功的点击操作
2019-02-28 08:56:57,265 - BasePage - INFO - 停一会
2019-02-28 08:56:57,312 - BasePage - INFO - 成功找到元素
2019-02-28 08:56:57,377 - BasePage - INFO - 这里是成功的点击操作
2019-02-28 08:56:57,409 - BasePage - INFO - 成功找到元素
2019-02-28 08:56:58,090 - BasePage - INFO - 这里是成功的点击操作
2019-02-28 08:56:58,120 - BasePage - INFO - 成功找到元素
2019-02-28 08:56:58,128 - BasePage - INFO - 获取文本值成功。
2019-02-28 08:56:58,189 - BasePage - INFO - 成功找到元素
2019-02-28 08:56:58,202 - BasePage - INFO - 获取文本值成功。
2019-02-28 08:56:58,242 - BasePage - INFO - 成功找到元素
2019-02-28 08:56:58,242 - BasePage - INFO - 获取文本值成功。
2019-02-28 08:56:58,289 - BasePage - INFO - 成功找到元素
2019-02-28 08:56:58,289 - BasePage - INFO - 获取文本值成功。
2019-02-28 08:56:58,349 - BasePage - INFO - 成功找到元素
2019-02-28 08:56:58,360 - BasePage - INFO - 获取文本值成功。
2019-02-28 08:56:58,408 - BasePage - INFO - 成功找到元素
2019-02-28 08:56:58,418 - BasePage - INFO - 获取文本值成功。
2019-02-28 08:56:58,463 - BasePage - INFO - 成功找到元素
2019-02-28 08:56:58,472 - BasePage - INFO - 获取文本值成功。
2019-02-28 08:57:00,496 - BasePage - INFO - 停一会
2019-02-28 08:57:04,106 - Base_testcase - INFO - 结束
2019-02-28 08:57:07,746 - Base_testcase - INFO - 初始化浏览器
2019-02-28 08:57:08,071 - BasePage - INFO - 进入网址
2019-02-28 08:57:08,101 - BasePage - INFO - 成功找到元素
2019-02-28 08:57:08,177 - BasePage - INFO - 输入信息成功
2019-02-28 08:57:08,205 - BasePage - INFO - 成功找到元素
2019-02-28 08:57:08,255 - BasePage - INFO - 输入信息成功
2019-02-28 08:57:08,284 - BasePage - INFO - 成功找到元素
2019-02-28 08:57:08,333 - BasePage - INFO - 这里是成功的点击操作
2019-02-28 08:57:11,348 - BasePage - INFO - 停一会
2019-02-28 08:57:11,363 - BasePage - INFO - 成功找到元素
2019-02-28 08:57:11,438 - BasePage - INFO - 输入信息成功
2019-02-28 08:57:11,468 - BasePage - INFO - 成功找到元素
2019-02-28 08:57:11,543 - BasePage - INFO - 这里是成功的点击操作
2019-02-28 08:57:11,563 - BasePage - INFO - 切到另一个页面啦！
2019-02-28 08:57:12,663 - BasePage - INFO - 成功找到元素
2019-02-28 08:57:12,749 - BasePage - INFO - 这里是成功的点击操作
2019-02-28 08:57:12,759 - BasePage - INFO - 切到另一个页面啦！
2019-02-28 08:57:13,842 - BasePage - INFO - 成功找到元素
2019-02-28 08:57:13,851 - BasePage - INFO - 获取文本值成功。
2019-02-28 08:57:15,865 - BasePage - INFO - 停一会
2019-02-28 08:57:15,896 - BasePage - INFO - 成功找到元素
2019-02-28 08:57:16,080 - BasePage - INFO - 这里是成功的点击操作
2019-02-28 08:57:18,332 - Base_testcase - INFO - 结束
2019-02-28 08:57:21,900 - Base_testcase - INFO - 初始化浏览器
2019-02-28 08:57:22,228 - BasePage - INFO - 进入网址
2019-02-28 08:57:22,265 - BasePage - INFO - 成功找到元素
2019-02-28 08:57:22,336 - BasePage - INFO - 输入信息成功
2019-02-28 08:57:22,361 - BasePage - INFO - 成功找到元素
2019-02-28 08:57:22,410 - BasePage - INFO - 输入信息成功
2019-02-28 08:57:22,440 - BasePage - INFO - 成功找到元素
2019-02-28 08:57:22,492 - BasePage - INFO - 这里是成功的点击操作
2019-02-28 08:57:24,506 - BasePage - INFO - 停一会
2019-02-28 08:57:24,553 - BasePage - INFO - 成功找到元素
2019-02-28 08:57:24,873 - BasePage - INFO - 这里是成功的点击操作
2019-02-28 08:57:24,911 - BasePage - INFO - 成功找到元素
2019-02-28 08:57:25,023 - BasePage - INFO - 这里是成功的点击操作
2019-02-28 08:57:25,169 - BasePage - INFO - 成功找到元素
2019-02-28 08:57:25,537 - BasePage - INFO - 这里是成功的点击操作
2019-02-28 08:57:25,577 - BasePage - INFO - 成功找到元素
2019-02-28 08:57:26,143 - BasePage - INFO - 这里是成功的点击操作
2019-02-28 08:57:26,205 - BasePage - INFO - 成功找到元素
2019-02-28 08:57:26,332 - BasePage - INFO - 这里是成功的点击操作
2019-02-28 08:57:26,343 - BasePage - INFO - 切到另一个页面啦！
2019-02-28 08:57:35,975 - BasePage - INFO - 成功找到元素
2019-02-28 08:57:36,170 - BasePage - INFO - 这里是成功的点击操作
2019-02-28 08:57:36,202 - BasePage - INFO - 成功找到元素
2019-02-28 08:57:36,219 - BasePage - INFO - 切到frame啦！
2019-02-28 08:57:39,227 - BasePage - INFO - 停一会
2019-02-28 08:57:39,274 - BasePage - INFO - 成功找到元素
2019-02-28 08:57:39,384 - BasePage - INFO - 这里是成功的点击操作
2019-02-28 08:57:39,421 - BasePage - INFO - 成功找到元素
2019-02-28 08:57:39,466 - BasePage - INFO - 这里清除了一个搜索框
2019-02-28 08:57:39,486 - BasePage - INFO - 成功找到元素
2019-02-28 08:57:39,561 - BasePage - INFO - 输入信息成功
2019-02-28 08:57:39,589 - BasePage - INFO - 成功找到元素
2019-02-28 08:57:39,903 - BasePage - INFO - 这里是成功的点击操作
2019-02-28 08:57:41,908 - BasePage - INFO - 停一会
2019-02-28 08:57:41,924 - BasePage - INFO - 切到另一个页面啦！
2019-02-28 08:57:41,986 - BasePage - INFO - 成功找到元素
2019-02-28 08:57:42,307 - BasePage - INFO - 这里是成功的点击操作
2019-02-28 08:57:42,346 - BasePage - INFO - 成功找到元素
2019-02-28 08:57:42,553 - BasePage - INFO - 这里是成功的点击操作
2019-02-28 08:57:45,562 - BasePage - INFO - 停一会
2019-02-28 08:57:45,608 - BasePage - INFO - 成功找到元素
2019-02-28 08:57:45,755 - BasePage - INFO - 输入信息成功
2019-02-28 08:57:45,786 - BasePage - INFO - 成功找到元素
2019-02-28 08:57:45,855 - BasePage - INFO - 输入信息成功
2019-02-28 08:57:45,882 - BasePage - INFO - 成功找到元素
2019-02-28 08:57:45,931 - BasePage - INFO - 这里是成功的点击操作
2019-02-28 08:57:48,936 - BasePage - INFO - 停一会
2019-02-28 08:57:48,983 - BasePage - INFO - 成功找到元素
2019-02-28 08:57:49,257 - BasePage - INFO - 这里是成功的点击操作
2019-02-28 08:57:49,303 - BasePage - INFO - 成功找到元素
2019-02-28 08:57:49,671 - BasePage - INFO - 这里是成功的点击操作
2019-02-28 08:57:49,729 - BasePage - INFO - 成功找到元素
2019-02-28 08:57:49,802 - BasePage - INFO - 输入信息成功
2019-02-28 08:57:49,808 - BasePage - INFO - 切到另一个页面啦！
2019-02-28 08:57:49,834 - BasePage - INFO - 成功找到元素
2019-02-28 08:57:49,857 - BasePage - INFO - 切到frame啦！
2019-02-28 08:57:49,888 - BasePage - INFO - 成功找到元素
2019-02-28 08:57:50,074 - BasePage - INFO - 输入信息成功
2019-02-28 08:57:50,079 - BasePage - INFO - 切到另一个页面啦！
2019-02-28 08:57:50,102 - BasePage - INFO - 成功找到元素
2019-02-28 08:57:50,193 - BasePage - INFO - 这里是成功的点击操作
2019-02-28 08:57:52,194 - BasePage - INFO - 停一会
2019-02-28 08:57:52,230 - BasePage - INFO - 成功找到元素
2019-02-28 08:57:52,350 - BasePage - INFO - 输入信息成功
2019-02-28 08:58:07,352 - BasePage - INFO - 停一会
2019-02-28 08:58:07,421 - BasePage - INFO - 成功找到元素
2019-02-28 08:58:07,674 - BasePage - INFO - 这里是成功的点击操作
2019-02-28 08:58:09,687 - BasePage - INFO - 停一会
2019-02-28 08:58:11,969 - Base_testcase - INFO - 结束
