2019-02-28 09:01:12,507 - Base_testcase - INFO - 初始化浏览器
2019-02-28 09:01:12,869 - BasePage - INFO - 进入网址
2019-02-28 09:01:12,901 - BasePage - INFO - 成功找到元素
2019-02-28 09:01:12,992 - BasePage - INFO - 输入信息成功
2019-02-28 09:01:13,021 - BasePage - INFO - 成功找到元素
2019-02-28 09:01:13,068 - BasePage - INFO - 输入信息成功
2019-02-28 09:01:13,096 - BasePage - INFO - 成功找到元素
2019-02-28 09:01:13,139 - BasePage - INFO - 这里是成功的点击操作
2019-02-28 09:01:16,149 - BasePage - INFO - 停一会
2019-02-28 09:01:16,165 - BasePage - INFO - 成功找到元素
2019-02-28 09:01:16,245 - BasePage - INFO - 输入信息成功
2019-02-28 09:01:16,283 - BasePage - INFO - 成功找到元素
2019-02-28 09:01:16,370 - BasePage - INFO - 这里是成功的点击操作
2019-02-28 09:01:16,387 - BasePage - INFO - 切到另一个页面啦！
2019-02-28 09:01:17,474 - BasePage - INFO - 成功找到元素
2019-02-28 09:01:17,560 - BasePage - INFO - 这里是成功的点击操作
2019-02-28 09:01:17,566 - BasePage - INFO - 切到另一个页面啦！
2019-02-28 09:01:18,631 - BasePage - INFO - 成功找到元素
2019-02-28 09:01:18,642 - BasePage - INFO - 获取文本值成功。
2019-02-28 09:01:20,651 - BasePage - INFO - 停一会
2019-02-28 09:01:20,683 - BasePage - INFO - 成功找到元素
2019-02-28 09:01:20,881 - BasePage - INFO - 这里是成功的点击操作
2019-02-28 09:01:23,116 - Base_testcase - INFO - 结束
