2019-02-27 16:18:43,835 - Base_testcase - INFO - 初始化浏览器
2019-02-27 16:18:44,248 - BasePage - INFO - 进入网址
2019-02-27 16:18:44,286 - BasePage - INFO - 成功找到元素
2019-02-27 16:18:44,360 - BasePage - INFO - 输入信息成功
2019-02-27 16:18:44,393 - BasePage - INFO - 成功找到元素
2019-02-27 16:18:44,449 - BasePage - INFO - 输入信息成功
2019-02-27 16:18:44,478 - BasePage - INFO - 成功找到元素
2019-02-27 16:18:44,527 - BasePage - INFO - 这里是成功的点击操作
2019-02-27 16:18:47,528 - BasePage - INFO - 停一会
2019-02-27 16:18:54,949 - BasePage - INFO - 成功找到元素
2019-02-27 16:19:05,291 - BasePage - INFO - 这里是成功的点击操作
2019-02-27 16:19:05,350 - BasePage - INFO - 成功找到元素
2019-02-27 16:19:05,753 - BasePage - INFO - 这里是成功的点击操作
2019-02-27 16:19:05,821 - BasePage - INFO - 成功找到元素
2019-02-27 16:19:06,222 - BasePage - INFO - 这里是成功的点击操作
2019-02-27 16:19:06,270 - BasePage - INFO - 成功找到元素
2019-02-27 16:19:06,354 - BasePage - INFO - 输入信息成功
2019-02-27 16:19:06,386 - BasePage - INFO - 成功找到元素
2019-02-27 16:19:06,486 - BasePage - INFO - 输入信息成功
2019-02-27 16:19:06,517 - BasePage - INFO - 成功找到元素
2019-02-27 16:19:06,579 - BasePage - INFO - 输入信息成功
2019-02-27 16:19:06,621 - BasePage - INFO - 成功找到元素
2019-02-27 16:19:06,708 - BasePage - INFO - 输入信息成功
2019-02-27 16:19:06,737 - BasePage - INFO - 成功找到元素
2019-02-27 16:19:06,859 - BasePage - INFO - 这里是成功的点击操作
2019-02-27 16:19:11,860 - BasePage - INFO - 停一会
2019-02-27 16:19:18,562 - BasePage - INFO - 成功找到元素
2019-02-27 16:19:18,632 - BasePage - INFO - 这里是成功的点击操作
2019-02-27 16:19:18,669 - BasePage - INFO - 成功找到元素
2019-02-27 16:19:29,401 - BasePage - INFO - 这里是成功的点击操作
2019-02-27 16:19:29,456 - BasePage - INFO - 成功找到元素
2019-02-27 16:19:29,465 - BasePage - INFO - 获取文本值成功。
2019-02-27 16:19:29,520 - BasePage - INFO - 成功找到元素
2019-02-27 16:19:29,530 - BasePage - INFO - 获取文本值成功。
2019-02-27 16:19:29,577 - BasePage - INFO - 成功找到元素
2019-02-27 16:19:29,588 - BasePage - INFO - 获取文本值成功。
2019-02-27 16:19:29,636 - BasePage - INFO - 成功找到元素
2019-02-27 16:19:29,647 - BasePage - INFO - 获取文本值成功。
2019-02-27 16:19:29,697 - BasePage - INFO - 成功找到元素
2019-02-27 16:19:29,707 - BasePage - INFO - 获取文本值成功。
2019-02-27 16:19:29,751 - BasePage - INFO - 成功找到元素
2019-02-27 16:19:29,762 - BasePage - INFO - 获取文本值成功。
2019-02-27 16:19:29,808 - BasePage - INFO - 成功找到元素
2019-02-27 16:19:29,817 - BasePage - INFO - 获取文本值成功。
2019-02-27 16:19:31,833 - BasePage - INFO - 停一会
2019-02-27 16:19:34,129 - Base_testcase - INFO - 结束
