2019-02-27 21:02:07,630 - Base_testcase - INFO - 初始化浏览器
2019-02-27 21:02:17,914 - BasePage - INFO - 进入网址
2019-02-27 21:02:17,950 - BasePage - INFO - 成功找到元素
2019-02-27 21:02:18,028 - BasePage - INFO - 输入信息成功
2019-02-27 21:02:18,057 - BasePage - INFO - 成功找到元素
2019-02-27 21:02:18,115 - BasePage - INFO - 输入信息成功
2019-02-27 21:02:18,144 - BasePage - INFO - 成功找到元素
2019-02-27 21:02:18,195 - BasePage - INFO - 这里是成功的点击操作
2019-02-27 21:02:21,196 - BasePage - INFO - 停一会
2019-02-27 21:02:29,473 - BasePage - INFO - 成功找到元素
2019-02-27 21:02:29,541 - BasePage - INFO - 输入信息成功
2019-02-27 21:02:29,580 - BasePage - INFO - 成功找到元素
2019-02-27 21:02:29,665 - BasePage - INFO - 这里是成功的点击操作
2019-02-27 21:02:29,673 - BasePage - INFO - 切到另一个页面啦！
2019-02-27 21:02:30,755 - BasePage - INFO - 成功找到元素
2019-02-27 21:02:30,851 - BasePage - INFO - 这里是成功的点击操作
2019-02-27 21:02:30,860 - BasePage - INFO - 切到另一个页面啦！
2019-02-27 21:02:31,921 - BasePage - INFO - 成功找到元素
2019-02-27 21:02:31,931 - BasePage - INFO - 获取文本值成功。
2019-02-27 21:02:34,199 - Base_testcase - INFO - 结束
2019-02-27 21:02:55,068 - Base_testcase - INFO - 初始化浏览器
2019-02-27 21:03:06,282 - BasePage - INFO - 进入网址
2019-02-27 21:03:06,327 - BasePage - INFO - 成功找到元素
2019-02-27 21:03:06,400 - BasePage - INFO - 输入信息成功
2019-02-27 21:03:06,433 - BasePage - INFO - 成功找到元素
2019-02-27 21:03:06,494 - BasePage - INFO - 输入信息成功
2019-02-27 21:03:06,523 - BasePage - INFO - 成功找到元素
2019-02-27 21:03:06,576 - BasePage - INFO - 这里是成功的点击操作
2019-02-27 21:03:09,577 - BasePage - INFO - 停一会
2019-02-27 21:03:14,613 - BasePage - INFO - 成功找到元素
2019-02-27 21:03:14,682 - BasePage - INFO - 输入信息成功
2019-02-27 21:03:14,713 - BasePage - INFO - 成功找到元素
2019-02-27 21:03:14,789 - BasePage - INFO - 这里是成功的点击操作
2019-02-27 21:03:14,802 - BasePage - INFO - 切到另一个页面啦！
2019-02-27 21:03:15,907 - BasePage - INFO - 成功找到元素
2019-02-27 21:03:15,994 - BasePage - INFO - 这里是成功的点击操作
2019-02-27 21:03:16,006 - BasePage - INFO - 切到另一个页面啦！
2019-02-27 21:03:17,086 - BasePage - INFO - 成功找到元素
2019-02-27 21:03:17,095 - BasePage - INFO - 获取文本值成功。
2019-02-27 21:03:19,361 - Base_testcase - INFO - 结束
