2019-02-27 16:04:03,883 - Base_testcase - INFO - 初始化浏览器
2019-02-27 16:04:04,263 - BasePage - INFO - 进入网址
2019-02-27 16:04:04,298 - BasePage - INFO - 成功找到元素
2019-02-27 16:04:04,368 - BasePage - INFO - 输入信息成功
2019-02-27 16:04:04,394 - BasePage - INFO - 成功找到元素
2019-02-27 16:04:04,444 - BasePage - INFO - 输入信息成功
2019-02-27 16:04:04,474 - BasePage - INFO - 成功找到元素
2019-02-27 16:04:04,525 - BasePage - INFO - 这里是成功的点击操作
2019-02-27 16:04:07,526 - BasePage - INFO - 停一会
2019-02-27 16:04:15,054 - BasePage - INFO - 成功找到元素
2019-02-27 16:04:25,701 - BasePage - INFO - 这里是成功的点击操作
2019-02-27 16:04:25,762 - BasePage - INFO - 成功找到元素
2019-02-27 16:04:37,075 - BasePage - INFO - 这里是成功的点击操作
2019-02-27 16:04:37,160 - BasePage - INFO - 成功找到元素
2019-02-27 16:04:47,515 - BasePage - INFO - 这里是成功的点击操作
2019-02-27 16:04:47,553 - BasePage - INFO - 成功找到元素
2019-02-27 16:04:47,651 - BasePage - INFO - 输入信息成功
2019-02-27 16:04:47,685 - BasePage - INFO - 成功找到元素
2019-02-27 16:04:47,793 - BasePage - INFO - 输入信息成功
2019-02-27 16:04:47,823 - BasePage - INFO - 成功找到元素
2019-02-27 16:04:47,892 - BasePage - INFO - 输入信息成功
2019-02-27 16:04:47,922 - BasePage - INFO - 成功找到元素
2019-02-27 16:04:47,997 - BasePage - INFO - 输入信息成功
2019-02-27 16:04:48,027 - BasePage - INFO - 成功找到元素
2019-02-27 16:04:48,145 - BasePage - INFO - 这里是成功的点击操作
2019-02-27 16:04:53,145 - BasePage - INFO - 停一会
2019-02-27 16:04:59,800 - BasePage - INFO - 成功找到元素
2019-02-27 16:04:59,870 - BasePage - INFO - 这里是成功的点击操作
2019-02-27 16:04:59,905 - BasePage - INFO - 成功找到元素
2019-02-27 16:05:11,410 - BasePage - INFO - 这里是成功的点击操作
2019-02-27 16:05:13,675 - Base_testcase - INFO - 结束
