2019-02-28 17:10:20,014 - BrowserEngine - INFO - 选择浏览器：Chrome
2019-02-28 17:10:20,015 - BrowserEngine - INFO - 地址：https://www.baidu.com
2019-02-28 17:10:22,400 - BrowserEngine - INFO - 打开Chrome浏览器
2019-02-28 17:10:23,600 - BrowserEngine - INFO - 打开网址
2019-02-28 17:10:25,071 - BasePage - INFO - 进入网址
2019-02-28 17:10:25,108 - BasePage - INFO - 成功找到元素
2019-02-28 17:10:25,185 - BasePage - INFO - 输入信息成功
2019-02-28 17:10:25,214 - BasePage - INFO - 成功找到元素
2019-02-28 17:10:25,264 - BasePage - INFO - 输入信息成功
2019-02-28 17:10:25,293 - BasePage - INFO - 成功找到元素
2019-02-28 17:10:25,344 - BasePage - INFO - 这里是成功的点击操作
2019-02-28 17:10:27,344 - BasePage - INFO - 停一会
2019-02-28 17:10:27,375 - BasePage - INFO - 成功找到元素
2019-02-28 17:10:27,668 - BasePage - INFO - 这里是成功的点击操作
2019-02-28 17:10:27,699 - BasePage - INFO - 成功找到元素
2019-02-28 17:10:27,826 - BasePage - INFO - 这里是成功的点击操作
2019-02-28 17:10:27,911 - BasePage - INFO - 成功找到元素
2019-02-28 17:10:28,136 - BasePage - INFO - 这里是成功的点击操作
2019-02-28 17:10:28,168 - BasePage - INFO - 成功找到元素
2019-02-28 17:10:28,565 - BasePage - INFO - 这里是成功的点击操作
2019-02-28 17:10:28,633 - BasePage - INFO - 成功找到元素
2019-02-28 17:10:28,719 - BasePage - INFO - 这里是成功的点击操作
2019-02-28 17:10:28,730 - BasePage - INFO - 切到另一个页面啦！
2019-02-28 17:10:29,778 - BasePage - INFO - 成功找到元素
2019-02-28 17:10:29,839 - BasePage - INFO - 输入信息成功
2019-02-28 17:10:54,370 - Base_testcase - INFO - 结束
