2019-02-27 12:12:41,008 - Base_testcase - INFO - 初始化浏览器
2019-02-27 12:12:41,350 - BasePage - INFO - 进入网址
2019-02-27 12:12:41,380 - BasePage - INFO - 成功找到元素
2019-02-27 12:12:41,445 - BasePage - INFO - 输入信息成功
2019-02-27 12:12:41,473 - BasePage - INFO - 成功找到元素
2019-02-27 12:12:41,534 - BasePage - INFO - 输入信息成功
2019-02-27 12:12:41,569 - BasePage - INFO - 成功找到元素
2019-02-27 12:12:41,618 - BasePage - INFO - 这里是成功的点击操作
2019-02-27 12:12:44,625 - BasePage - INFO - 停一会
2019-02-27 12:12:44,687 - BasePage - INFO - 成功找到元素
2019-02-27 12:12:45,003 - BasePage - INFO - 这里是成功的点击操作
2019-02-27 12:12:45,035 - BasePage - INFO - 成功找到元素
2019-02-27 12:12:45,468 - BasePage - INFO - 这里是成功的点击操作
2019-02-27 12:12:45,505 - BasePage - INFO - 成功找到元素
2019-02-27 12:12:45,619 - BasePage - INFO - 输入信息成功
2019-02-27 12:12:45,644 - BasePage - INFO - 成功找到元素
2019-02-27 12:12:45,672 - BasePage - INFO - 切到frame啦！
2019-02-27 12:12:45,687 - BasePage - INFO - 成功找到元素
2019-02-27 12:12:45,858 - BasePage - INFO - 输入信息成功
2019-02-27 12:12:45,861 - BasePage - INFO - 这里是当前页面！
2019-02-27 12:12:45,887 - BasePage - INFO - 成功找到元素
2019-02-27 12:12:45,982 - BasePage - INFO - 这里是成功的点击操作
2019-02-27 12:12:48,983 - BasePage - INFO - 停一会
2019-02-27 12:12:49,013 - BasePage - INFO - 成功找到元素
2019-02-27 12:12:49,089 - BasePage - INFO - 输入信息成功
2019-02-27 12:12:49,127 - BasePage - INFO - 成功找到元素
2019-02-27 12:12:49,374 - BasePage - INFO - 这里是成功的点击操作
2019-02-27 12:12:49,422 - BasePage - INFO - 成功找到元素
2019-02-27 12:12:49,624 - BasePage - INFO - 这里是成功的点击操作
2019-02-27 12:12:51,851 - Base_testcase - INFO - 结束
2019-02-27 12:12:55,572 - Base_testcase - INFO - 初始化浏览器
2019-02-27 12:12:55,910 - BasePage - INFO - 进入网址
2019-02-27 12:12:55,941 - BasePage - INFO - 成功找到元素
2019-02-27 12:12:56,011 - BasePage - INFO - 输入信息成功
2019-02-27 12:12:56,044 - BasePage - INFO - 成功找到元素
2019-02-27 12:12:56,088 - BasePage - INFO - 输入信息成功
2019-02-27 12:12:56,113 - BasePage - INFO - 成功找到元素
2019-02-27 12:12:56,160 - BasePage - INFO - 这里是成功的点击操作
2019-02-27 12:12:59,168 - BasePage - INFO - 停一会
2019-02-27 12:12:59,230 - BasePage - INFO - 成功找到元素
2019-02-27 12:12:59,301 - BasePage - INFO - 输入信息成功
2019-02-27 12:12:59,333 - BasePage - INFO - 成功找到元素
2019-02-27 12:12:59,413 - BasePage - INFO - 这里是成功的点击操作
2019-02-27 12:12:59,421 - BasePage - INFO - 切到另一个页面啦！
2019-02-27 12:13:00,530 - BasePage - INFO - 成功找到元素
2019-02-27 12:13:00,616 - BasePage - INFO - 这里是成功的点击操作
2019-02-27 12:13:00,626 - BasePage - INFO - 切到另一个页面啦！
2019-02-27 12:13:01,702 - BasePage - INFO - 成功找到元素
2019-02-27 12:13:01,713 - BasePage - INFO - 获取文本值成功。
2019-02-27 12:13:03,732 - BasePage - INFO - 停一会
2019-02-27 12:13:03,795 - BasePage - INFO - 成功找到元素
2019-02-27 12:13:03,996 - BasePage - INFO - 这里是成功的点击操作
2019-02-27 12:13:06,213 - Base_testcase - INFO - 结束
2019-02-27 12:13:09,807 - Base_testcase - INFO - 初始化浏览器
2019-02-27 12:13:10,166 - BasePage - INFO - 进入网址
2019-02-27 12:13:10,196 - BasePage - INFO - 成功找到元素
2019-02-27 12:13:10,265 - BasePage - INFO - 输入信息成功
2019-02-27 12:13:10,298 - BasePage - INFO - 成功找到元素
2019-02-27 12:13:10,347 - BasePage - INFO - 输入信息成功
2019-02-27 12:13:10,374 - BasePage - INFO - 成功找到元素
2019-02-27 12:13:10,420 - BasePage - INFO - 这里是成功的点击操作
2019-02-27 12:13:12,429 - BasePage - INFO - 停一会
2019-02-27 12:13:12,492 - BasePage - INFO - 成功找到元素
2019-02-27 12:13:12,793 - BasePage - INFO - 这里是成功的点击操作
2019-02-27 12:13:12,831 - BasePage - INFO - 成功找到元素
2019-02-27 12:13:12,941 - BasePage - INFO - 这里是成功的点击操作
2019-02-27 12:13:13,042 - BasePage - INFO - 成功找到元素
2019-02-27 12:13:13,296 - BasePage - INFO - 这里是成功的点击操作
2019-02-27 12:13:13,331 - BasePage - INFO - 成功找到元素
2019-02-27 12:13:13,754 - BasePage - INFO - 这里是成功的点击操作
2019-02-27 12:13:13,821 - BasePage - INFO - 成功找到元素
2019-02-27 12:13:13,908 - BasePage - INFO - 这里是成功的点击操作
2019-02-27 12:13:13,918 - BasePage - INFO - 切到另一个页面啦！
2019-02-27 12:13:18,039 - BasePage - INFO - 成功找到元素
2019-02-27 12:13:18,273 - BasePage - INFO - 这里是成功的点击操作
2019-02-27 12:13:18,301 - BasePage - INFO - 成功找到元素
2019-02-27 12:13:18,330 - BasePage - INFO - 切到frame啦！
2019-02-27 12:13:21,335 - BasePage - INFO - 停一会
2019-02-27 12:13:21,350 - BasePage - INFO - 成功找到元素
2019-02-27 12:13:21,466 - BasePage - INFO - 这里是成功的点击操作
2019-02-27 12:13:21,500 - BasePage - INFO - 成功找到元素
2019-02-27 12:13:21,540 - BasePage - INFO - 这里清除了一个搜索框
2019-02-27 12:13:21,560 - BasePage - INFO - 成功找到元素
2019-02-27 12:13:21,643 - BasePage - INFO - 输入信息成功
2019-02-27 12:13:21,670 - BasePage - INFO - 成功找到元素
2019-02-27 12:13:21,887 - BasePage - INFO - 这里是成功的点击操作
2019-02-27 12:13:23,888 - BasePage - INFO - 停一会
2019-02-27 12:13:23,896 - BasePage - INFO - 切到另一个页面啦！
2019-02-27 12:13:23,929 - BasePage - INFO - 成功找到元素
2019-02-27 12:13:24,252 - BasePage - INFO - 这里是成功的点击操作
2019-02-27 12:13:24,300 - BasePage - INFO - 成功找到元素
2019-02-27 12:13:24,503 - BasePage - INFO - 这里是成功的点击操作
2019-02-27 12:13:27,519 - BasePage - INFO - 停一会
2019-02-27 12:13:27,566 - BasePage - INFO - 成功找到元素
2019-02-27 12:13:27,661 - BasePage - INFO - 输入信息成功
2019-02-27 12:13:27,688 - BasePage - INFO - 成功找到元素
2019-02-27 12:13:27,755 - BasePage - INFO - 输入信息成功
2019-02-27 12:13:27,783 - BasePage - INFO - 成功找到元素
2019-02-27 12:13:27,832 - BasePage - INFO - 这里是成功的点击操作
2019-02-27 12:13:30,847 - BasePage - INFO - 停一会
2019-02-27 12:13:30,878 - BasePage - INFO - 成功找到元素
2019-02-27 12:13:31,103 - BasePage - INFO - 这里是成功的点击操作
2019-02-27 12:13:31,146 - BasePage - INFO - 成功找到元素
2019-02-27 12:13:31,485 - BasePage - INFO - 这里是成功的点击操作
2019-02-27 12:13:31,517 - BasePage - INFO - 成功找到元素
2019-02-27 12:13:31,575 - BasePage - INFO - 输入信息成功
2019-02-27 12:13:31,582 - BasePage - INFO - 切到另一个页面啦！
2019-02-27 12:13:31,604 - BasePage - INFO - 成功找到元素
2019-02-27 12:13:31,631 - BasePage - INFO - 切到frame啦！
2019-02-27 12:13:31,658 - BasePage - INFO - 成功找到元素
2019-02-27 12:13:31,924 - BasePage - INFO - 输入信息成功
2019-02-27 12:13:31,931 - BasePage - INFO - 切到另一个页面啦！
2019-02-27 12:13:31,955 - BasePage - INFO - 成功找到元素
2019-02-27 12:13:32,039 - BasePage - INFO - 这里是成功的点击操作
2019-02-27 12:13:34,039 - BasePage - INFO - 停一会
2019-02-27 12:13:34,109 - BasePage - INFO - 成功找到元素
2019-02-27 12:13:34,241 - BasePage - INFO - 输入信息成功
2019-02-27 12:13:49,241 - BasePage - INFO - 停一会
2019-02-27 12:13:49,301 - BasePage - INFO - 成功找到元素
2019-02-27 12:13:49,568 - BasePage - INFO - 这里是成功的点击操作
2019-02-27 12:13:51,570 - BasePage - INFO - 停一会
2019-02-27 12:13:53,852 - Base_testcase - INFO - 结束
