2019-02-27 20:59:21,286 - Base_testcase - INFO - 初始化浏览器
2019-02-27 20:59:31,636 - BasePage - INFO - 进入网址
2019-02-27 20:59:31,690 - BasePage - INFO - 成功找到元素
2019-02-27 20:59:31,768 - BasePage - INFO - 输入信息成功
2019-02-27 20:59:31,798 - BasePage - INFO - 成功找到元素
2019-02-27 20:59:31,857 - BasePage - INFO - 输入信息成功
2019-02-27 20:59:31,886 - BasePage - INFO - 成功找到元素
2019-02-27 20:59:31,936 - BasePage - INFO - 这里是成功的点击操作
2019-02-27 20:59:34,936 - BasePage - INFO - 停一会
2019-02-27 20:59:34,974 - BasePage - INFO - 成功找到元素
2019-02-27 20:59:35,041 - BasePage - INFO - 输入信息成功
2019-02-27 20:59:35,082 - BasePage - INFO - 成功找到元素
2019-02-27 20:59:35,157 - BasePage - INFO - 这里是成功的点击操作
2019-02-27 20:59:35,172 - BasePage - INFO - 切到另一个页面啦！
2019-02-27 20:59:36,230 - BasePage - INFO - 成功找到元素
2019-02-27 20:59:36,317 - BasePage - INFO - 这里是成功的点击操作
2019-02-27 20:59:36,332 - BasePage - INFO - 切到另一个页面啦！
2019-02-27 20:59:50,755 - Base_testcase - INFO - 初始化浏览器
2019-02-27 21:00:01,107 - BasePage - INFO - 进入网址
2019-02-27 21:00:01,145 - BasePage - INFO - 成功找到元素
2019-02-27 21:00:01,223 - BasePage - INFO - 输入信息成功
2019-02-27 21:00:01,252 - BasePage - INFO - 成功找到元素
2019-02-27 21:00:01,308 - BasePage - INFO - 输入信息成功
2019-02-27 21:00:01,338 - BasePage - INFO - 成功找到元素
2019-02-27 21:00:01,388 - BasePage - INFO - 这里是成功的点击操作
2019-02-27 21:00:04,389 - BasePage - INFO - 停一会
2019-02-27 21:00:04,419 - BasePage - INFO - 成功找到元素
2019-02-27 21:00:04,486 - BasePage - INFO - 输入信息成功
2019-02-27 21:00:04,517 - BasePage - INFO - 成功找到元素
2019-02-27 21:00:04,603 - BasePage - INFO - 这里是成功的点击操作
2019-02-27 21:00:04,619 - BasePage - INFO - 切到另一个页面啦！
2019-02-27 21:00:05,708 - BasePage - INFO - 成功找到元素
2019-02-27 21:00:05,799 - BasePage - INFO - 这里是成功的点击操作
2019-02-27 21:00:05,808 - BasePage - INFO - 切到另一个页面啦！
2019-02-27 21:00:20,189 - Base_testcase - INFO - 结束
