2019-02-27 19:05:42,855 - Base_testcase - INFO - 初始化浏览器
2019-02-27 19:05:43,462 - BasePage - INFO - 进入网址
2019-02-27 19:05:43,506 - BasePage - INFO - 成功找到元素
2019-02-27 19:05:43,576 - BasePage - INFO - 输入信息成功
2019-02-27 19:05:43,607 - BasePage - INFO - 成功找到元素
2019-02-27 19:05:43,671 - BasePage - INFO - 输入信息成功
2019-02-27 19:05:43,705 - BasePage - INFO - 成功找到元素
2019-02-27 19:05:43,761 - BasePage - INFO - 这里是成功的点击操作
2019-02-27 19:05:46,761 - BasePage - INFO - 停一会
2019-02-27 19:05:46,832 - BasePage - INFO - 成功找到元素
2019-02-27 19:05:47,168 - BasePage - INFO - 这里是成功的点击操作
2019-02-27 19:05:47,199 - BasePage - INFO - 成功找到元素
2019-02-27 19:05:47,630 - BasePage - INFO - 这里是成功的点击操作
2019-02-27 19:05:47,708 - BasePage - INFO - 成功找到元素
2019-02-27 19:05:48,114 - BasePage - INFO - 这里是成功的点击操作
2019-02-27 19:05:48,146 - BasePage - INFO - 成功找到元素
2019-02-27 19:05:48,237 - BasePage - INFO - 输入信息成功
2019-02-27 19:05:48,266 - BasePage - INFO - 成功找到元素
2019-02-27 19:05:48,373 - BasePage - INFO - 输入信息成功
2019-02-27 19:05:48,402 - BasePage - INFO - 成功找到元素
2019-02-27 19:05:48,473 - BasePage - INFO - 输入信息成功
2019-02-27 19:05:48,509 - BasePage - INFO - 成功找到元素
2019-02-27 19:05:48,597 - BasePage - INFO - 输入信息成功
2019-02-27 19:05:48,626 - BasePage - INFO - 成功找到元素
2019-02-27 19:05:48,710 - BasePage - INFO - 这里是成功的点击操作
2019-02-27 19:05:53,711 - BasePage - INFO - 停一会
2019-02-27 19:05:53,741 - BasePage - INFO - 成功找到元素
2019-02-27 19:05:53,792 - BasePage - INFO - 这里是成功的点击操作
2019-02-27 19:05:53,825 - BasePage - INFO - 成功找到元素
2019-02-27 19:05:54,691 - BasePage - INFO - 这里是成功的点击操作
2019-02-27 19:05:54,723 - BasePage - INFO - 成功找到元素
2019-02-27 19:05:54,732 - BasePage - INFO - 获取文本值成功。
2019-02-27 19:05:54,777 - BasePage - INFO - 成功找到元素
2019-02-27 19:05:54,785 - BasePage - INFO - 获取文本值成功。
2019-02-27 19:05:54,828 - BasePage - INFO - 成功找到元素
2019-02-27 19:05:54,837 - BasePage - INFO - 获取文本值成功。
2019-02-27 19:05:54,883 - BasePage - INFO - 成功找到元素
2019-02-27 19:05:54,893 - BasePage - INFO - 获取文本值成功。
2019-02-27 19:05:54,937 - BasePage - INFO - 成功找到元素
2019-02-27 19:05:54,946 - BasePage - INFO - 获取文本值成功。
2019-02-27 19:05:54,992 - BasePage - INFO - 成功找到元素
2019-02-27 19:05:55,001 - BasePage - INFO - 获取文本值成功。
2019-02-27 19:05:55,046 - BasePage - INFO - 成功找到元素
2019-02-27 19:05:55,054 - BasePage - INFO - 获取文本值成功。
2019-02-27 19:05:57,068 - BasePage - INFO - 停一会
2019-02-27 19:05:59,897 - Base_testcase - INFO - 结束
