2019-02-27 16:22:40,646 - Base_testcase - INFO - 初始化浏览器
2019-02-27 16:22:51,307 - BasePage - INFO - 进入网址
2019-02-27 16:22:51,360 - BasePage - INFO - 成功找到元素
2019-02-27 16:22:51,436 - BasePage - INFO - 输入信息成功
2019-02-27 16:22:51,465 - BasePage - INFO - 成功找到元素
2019-02-27 16:22:51,519 - BasePage - INFO - 输入信息成功
2019-02-27 16:22:51,550 - BasePage - INFO - 成功找到元素
2019-02-27 16:22:51,601 - BasePage - INFO - 这里是成功的点击操作
2019-02-27 16:22:54,601 - BasePage - INFO - 停一会
2019-02-27 16:22:54,631 - BasePage - INFO - 成功找到元素
2019-02-27 16:23:05,818 - BasePage - INFO - 这里是成功的点击操作
2019-02-27 16:23:05,872 - BasePage - INFO - 成功找到元素
2019-02-27 16:23:17,055 - BasePage - INFO - 这里是成功的点击操作
2019-02-27 16:23:17,128 - BasePage - INFO - 成功找到元素
2019-02-27 16:23:27,474 - BasePage - INFO - 这里是成功的点击操作
2019-02-27 16:23:27,512 - BasePage - INFO - 成功找到元素
2019-02-27 16:23:27,607 - BasePage - INFO - 输入信息成功
2019-02-27 16:23:27,640 - BasePage - INFO - 成功找到元素
2019-02-27 16:23:27,747 - BasePage - INFO - 输入信息成功
2019-02-27 16:23:27,778 - BasePage - INFO - 成功找到元素
2019-02-27 16:23:27,851 - BasePage - INFO - 输入信息成功
2019-02-27 16:23:27,883 - BasePage - INFO - 成功找到元素
2019-02-27 16:23:27,957 - BasePage - INFO - 输入信息成功
2019-02-27 16:23:27,985 - BasePage - INFO - 成功找到元素
2019-02-27 16:23:28,103 - BasePage - INFO - 这里是成功的点击操作
2019-02-27 16:23:33,103 - BasePage - INFO - 停一会
2019-02-27 16:23:39,416 - BasePage - INFO - 成功找到元素
2019-02-27 16:23:39,496 - BasePage - INFO - 这里是成功的点击操作
2019-02-27 16:23:39,531 - BasePage - INFO - 成功找到元素
2019-02-27 16:23:50,090 - BasePage - INFO - 这里是成功的点击操作
2019-02-27 16:23:50,129 - BasePage - INFO - 成功找到元素
2019-02-27 16:23:50,139 - BasePage - INFO - 获取文本值成功。
2019-02-27 16:23:50,185 - BasePage - INFO - 成功找到元素
2019-02-27 16:23:50,194 - BasePage - INFO - 获取文本值成功。
2019-02-27 16:23:50,240 - BasePage - INFO - 成功找到元素
2019-02-27 16:23:50,247 - BasePage - INFO - 获取文本值成功。
2019-02-27 16:23:50,294 - BasePage - INFO - 成功找到元素
2019-02-27 16:23:50,306 - BasePage - INFO - 获取文本值成功。
2019-02-27 16:23:50,353 - BasePage - INFO - 成功找到元素
2019-02-27 16:23:50,362 - BasePage - INFO - 获取文本值成功。
2019-02-27 16:23:50,411 - BasePage - INFO - 成功找到元素
2019-02-27 16:23:50,419 - BasePage - INFO - 获取文本值成功。
2019-02-27 16:23:52,705 - Base_testcase - INFO - 结束
