2019-02-27 15:51:23,649 - Base_testcase - INFO - 初始化浏览器
2019-02-27 15:51:30,980 - BasePage - INFO - 进入网址
2019-02-27 15:51:31,015 - BasePage - INFO - 成功找到元素
2019-02-27 15:51:31,099 - BasePage - INFO - 输入信息成功
2019-02-27 15:51:31,133 - BasePage - INFO - 成功找到元素
2019-02-27 15:51:31,195 - BasePage - INFO - 输入信息成功
2019-02-27 15:51:31,224 - BasePage - INFO - 成功找到元素
2019-02-27 15:51:31,275 - BasePage - INFO - 这里是成功的点击操作
2019-02-27 15:51:34,276 - BasePage - INFO - 停一会
2019-02-27 15:51:38,855 - BasePage - INFO - 成功找到元素
2019-02-27 15:51:39,255 - BasePage - INFO - 这里是成功的点击操作
2019-02-27 15:51:39,297 - BasePage - INFO - 成功找到元素
2019-02-27 15:51:49,643 - BasePage - INFO - 这里是成功的点击操作
2019-02-27 15:51:49,723 - BasePage - INFO - 成功找到元素
2019-02-27 15:52:00,130 - BasePage - INFO - 这里是成功的点击操作
2019-02-27 15:52:00,163 - BasePage - INFO - 成功找到元素
2019-02-27 15:52:00,257 - BasePage - INFO - 输入信息成功
2019-02-27 15:52:00,289 - BasePage - INFO - 成功找到元素
2019-02-27 15:52:00,397 - BasePage - INFO - 输入信息成功
2019-02-27 15:52:00,427 - BasePage - INFO - 成功找到元素
2019-02-27 15:52:00,501 - BasePage - INFO - 输入信息成功
2019-02-27 15:52:00,535 - BasePage - INFO - 成功找到元素
2019-02-27 15:52:00,609 - BasePage - INFO - 输入信息成功
2019-02-27 15:52:00,639 - BasePage - INFO - 成功找到元素
2019-02-27 15:52:00,754 - BasePage - INFO - 这里是成功的点击操作
2019-02-27 15:52:05,755 - BasePage - INFO - 停一会
2019-02-27 15:52:08,041 - Base_testcase - INFO - 结束
