2019-02-27 12:08:24,713 - Base_testcase - INFO - 初始化浏览器
2019-02-27 12:08:25,668 - BasePage - INFO - 进入网址
2019-02-27 12:08:25,739 - BasePage - INFO - 成功找到元素
2019-02-27 12:08:25,890 - BasePage - INFO - 输入信息成功
2019-02-27 12:08:25,922 - BasePage - INFO - 成功找到元素
2019-02-27 12:08:25,992 - BasePage - INFO - 这里是成功的点击操作
2019-02-27 12:08:29,006 - BasePage - INFO - 停一会
2019-02-27 12:08:31,121 - Base_testcase - INFO - 结束
2019-02-27 12:08:39,725 - Base_testcase - INFO - 初始化浏览器
2019-02-27 12:08:41,077 - BasePage - INFO - 进入网址
2019-02-27 12:08:41,108 - BasePage - INFO - 成功找到元素
2019-02-27 12:08:41,172 - BasePage - INFO - 输入信息成功
2019-02-27 12:08:41,199 - BasePage - INFO - 成功找到元素
2019-02-27 12:08:41,252 - BasePage - INFO - 输入信息成功
2019-02-27 12:08:41,277 - BasePage - INFO - 成功找到元素
2019-02-27 12:08:41,414 - BasePage - INFO - 这里是成功的点击操作
2019-02-27 12:08:44,426 - BasePage - INFO - 停一会
2019-02-27 12:08:44,441 - BasePage - INFO - 成功找到元素
2019-02-27 12:08:44,868 - BasePage - INFO - 这里是成功的点击操作
2019-02-27 12:08:44,921 - BasePage - INFO - 成功找到元素
2019-02-27 12:08:45,429 - BasePage - INFO - 这里是成功的点击操作
2019-02-27 12:08:45,466 - BasePage - INFO - 成功找到元素
2019-02-27 12:08:45,584 - BasePage - INFO - 输入信息成功
2019-02-27 12:08:45,611 - BasePage - INFO - 成功找到元素
2019-02-27 12:08:45,627 - BasePage - INFO - 切到frame啦！
2019-02-27 12:08:45,659 - BasePage - INFO - 成功找到元素
2019-02-27 12:08:45,808 - BasePage - INFO - 输入信息成功
2019-02-27 12:08:45,813 - BasePage - INFO - 这里是当前页面！
2019-02-27 12:08:45,831 - BasePage - INFO - 成功找到元素
2019-02-27 12:08:45,938 - BasePage - INFO - 这里是成功的点击操作
2019-02-27 12:08:48,939 - BasePage - INFO - 停一会
2019-02-27 12:08:48,971 - BasePage - INFO - 成功找到元素
2019-02-27 12:08:49,052 - BasePage - INFO - 输入信息成功
2019-02-27 12:08:49,081 - BasePage - INFO - 成功找到元素
2019-02-27 12:08:49,530 - BasePage - INFO - 这里是成功的点击操作
2019-02-27 12:08:49,584 - BasePage - INFO - 成功找到元素
2019-02-27 12:08:49,801 - BasePage - INFO - 这里是成功的点击操作
2019-02-27 12:08:52,042 - Base_testcase - INFO - 结束
2019-02-27 12:08:55,804 - Base_testcase - INFO - 初始化浏览器
2019-02-27 12:08:56,151 - BasePage - INFO - 进入网址
2019-02-27 12:08:56,181 - BasePage - INFO - 成功找到元素
2019-02-27 12:08:56,255 - BasePage - INFO - 输入信息成功
2019-02-27 12:08:56,284 - BasePage - INFO - 成功找到元素
2019-02-27 12:08:56,331 - BasePage - INFO - 输入信息成功
2019-02-27 12:08:56,359 - BasePage - INFO - 成功找到元素
2019-02-27 12:08:56,406 - BasePage - INFO - 这里是成功的点击操作
2019-02-27 12:08:59,416 - BasePage - INFO - 停一会
2019-02-27 12:08:59,431 - BasePage - INFO - 成功找到元素
2019-02-27 12:08:59,514 - BasePage - INFO - 输入信息成功
2019-02-27 12:08:59,544 - BasePage - INFO - 成功找到元素
2019-02-27 12:08:59,628 - BasePage - INFO - 这里是成功的点击操作
2019-02-27 12:08:59,643 - BasePage - INFO - 切到另一个页面啦！
2019-02-27 12:09:00,762 - BasePage - INFO - 成功找到元素
2019-02-27 12:09:00,857 - BasePage - INFO - 这里是成功的点击操作
2019-02-27 12:09:00,866 - BasePage - INFO - 切到另一个页面啦！
2019-02-27 12:09:01,955 - BasePage - INFO - 成功找到元素
2019-02-27 12:09:01,967 - BasePage - INFO - 获取文本值成功。
2019-02-27 12:09:03,981 - BasePage - INFO - 停一会
2019-02-27 12:09:04,049 - BasePage - INFO - 成功找到元素
2019-02-27 12:09:04,258 - BasePage - INFO - 这里是成功的点击操作
2019-02-27 12:09:06,502 - Base_testcase - INFO - 结束
2019-02-27 12:09:10,232 - Base_testcase - INFO - 初始化浏览器
2019-02-27 12:09:10,570 - BasePage - INFO - 进入网址
2019-02-27 12:09:10,600 - BasePage - INFO - 成功找到元素
2019-02-27 12:09:10,679 - BasePage - INFO - 输入信息成功
2019-02-27 12:09:10,710 - BasePage - INFO - 成功找到元素
2019-02-27 12:09:10,761 - BasePage - INFO - 输入信息成功
2019-02-27 12:09:10,789 - BasePage - INFO - 成功找到元素
2019-02-27 12:09:10,832 - BasePage - INFO - 这里是成功的点击操作
2019-02-27 12:09:12,846 - BasePage - INFO - 停一会
2019-02-27 12:09:12,909 - BasePage - INFO - 成功找到元素
2019-02-27 12:09:13,226 - BasePage - INFO - 这里是成功的点击操作
2019-02-27 12:09:13,260 - BasePage - INFO - 成功找到元素
2019-02-27 12:09:13,371 - BasePage - INFO - 这里是成功的点击操作
2019-02-27 12:09:13,485 - BasePage - INFO - 成功找到元素
2019-02-27 12:09:13,845 - BasePage - INFO - 这里是成功的点击操作
2019-02-27 12:09:13,882 - BasePage - INFO - 成功找到元素
2019-02-27 12:09:14,542 - BasePage - INFO - 这里是成功的点击操作
2019-02-27 12:09:14,606 - BasePage - INFO - 成功找到元素
2019-02-27 12:09:14,693 - BasePage - INFO - 这里是成功的点击操作
2019-02-27 12:09:14,698 - BasePage - INFO - 切到另一个页面啦！
2019-02-27 12:09:24,660 - BasePage - INFO - 成功找到元素
2019-02-27 12:09:24,867 - BasePage - INFO - 这里是成功的点击操作
2019-02-27 12:09:24,895 - BasePage - INFO - 成功找到元素
2019-02-27 12:09:24,912 - BasePage - INFO - 切到frame啦！
2019-02-27 12:09:27,925 - BasePage - INFO - 停一会
2019-02-27 12:09:27,972 - BasePage - INFO - 成功找到元素
2019-02-27 12:09:28,094 - BasePage - INFO - 这里是成功的点击操作
2019-02-27 12:09:28,131 - BasePage - INFO - 成功找到元素
2019-02-27 12:09:28,178 - BasePage - INFO - 这里清除了一个搜索框
2019-02-27 12:09:28,200 - BasePage - INFO - 成功找到元素
2019-02-27 12:09:28,290 - BasePage - INFO - 输入信息成功
2019-02-27 12:09:28,320 - BasePage - INFO - 成功找到元素
2019-02-27 12:09:28,634 - BasePage - INFO - 这里是成功的点击操作
2019-02-27 12:09:30,635 - BasePage - INFO - 停一会
2019-02-27 12:09:30,650 - BasePage - INFO - 切到另一个页面啦！
2019-02-27 12:09:30,697 - BasePage - INFO - 成功找到元素
2019-02-27 12:09:31,048 - BasePage - INFO - 这里是成功的点击操作
2019-02-27 12:09:31,085 - BasePage - INFO - 成功找到元素
2019-02-27 12:09:31,291 - BasePage - INFO - 这里是成功的点击操作
2019-02-27 12:09:34,291 - BasePage - INFO - 停一会
2019-02-27 12:09:34,338 - BasePage - INFO - 成功找到元素
2019-02-27 12:09:34,423 - BasePage - INFO - 输入信息成功
2019-02-27 12:09:34,451 - BasePage - INFO - 成功找到元素
2019-02-27 12:09:34,526 - BasePage - INFO - 输入信息成功
2019-02-27 12:09:34,553 - BasePage - INFO - 成功找到元素
2019-02-27 12:09:34,604 - BasePage - INFO - 这里是成功的点击操作
2019-02-27 12:09:37,615 - BasePage - INFO - 停一会
2019-02-27 12:09:37,631 - BasePage - INFO - 成功找到元素
2019-02-27 12:09:37,868 - BasePage - INFO - 这里是成功的点击操作
2019-02-27 12:09:37,913 - BasePage - INFO - 成功找到元素
2019-02-27 12:09:38,245 - BasePage - INFO - 这里是成功的点击操作
2019-02-27 12:09:38,281 - BasePage - INFO - 成功找到元素
2019-02-27 12:09:38,355 - BasePage - INFO - 输入信息成功
2019-02-27 12:09:38,361 - BasePage - INFO - 切到另一个页面啦！
2019-02-27 12:09:38,383 - BasePage - INFO - 成功找到元素
2019-02-27 12:09:38,409 - BasePage - INFO - 切到frame啦！
2019-02-27 12:09:38,435 - BasePage - INFO - 成功找到元素
2019-02-27 12:09:38,666 - BasePage - INFO - 输入信息成功
2019-02-27 12:09:38,671 - BasePage - INFO - 切到另一个页面啦！
2019-02-27 12:09:38,699 - BasePage - INFO - 成功找到元素
2019-02-27 12:09:38,796 - BasePage - INFO - 这里是成功的点击操作
2019-02-27 12:09:40,797 - BasePage - INFO - 停一会
2019-02-27 12:09:40,852 - BasePage - INFO - 成功找到元素
2019-02-27 12:09:40,978 - BasePage - INFO - 输入信息成功
2019-02-27 12:09:55,978 - BasePage - INFO - 停一会
2019-02-27 12:09:56,062 - BasePage - INFO - 成功找到元素
2019-02-27 12:09:56,334 - BasePage - INFO - 这里是成功的点击操作
2019-02-27 12:09:58,347 - BasePage - INFO - 停一会
2019-02-27 12:10:00,629 - Base_testcase - INFO - 结束
