2019-02-28 08:55:07,462 - Base_testcase - INFO - 初始化浏览器
2019-02-28 08:55:08,779 - BasePage - INFO - 进入网址
2019-02-28 08:55:08,817 - BasePage - INFO - 成功找到元素
2019-02-28 08:55:08,910 - BasePage - INFO - 输入信息成功
2019-02-28 08:55:08,939 - BasePage - INFO - 成功找到元素
2019-02-28 08:55:08,990 - BasePage - INFO - 输入信息成功
2019-02-28 08:55:09,020 - BasePage - INFO - 成功找到元素
2019-02-28 08:55:09,070 - BasePage - INFO - 这里是成功的点击操作
2019-02-28 08:55:12,076 - BasePage - INFO - 停一会
2019-02-28 08:55:12,107 - BasePage - INFO - 成功找到元素
2019-02-28 08:55:12,689 - BasePage - INFO - 这里是成功的点击操作
2019-02-28 08:55:12,724 - BasePage - INFO - 成功找到元素
2019-02-28 08:55:13,285 - BasePage - INFO - 这里是成功的点击操作
2019-02-28 08:55:13,343 - BasePage - INFO - 成功找到元素
2019-02-28 08:55:13,467 - BasePage - INFO - 输入信息成功
2019-02-28 08:55:13,506 - BasePage - INFO - 成功找到元素
2019-02-28 08:55:13,543 - BasePage - INFO - 切到frame啦！
2019-02-28 08:55:13,572 - BasePage - INFO - 成功找到元素
2019-02-28 08:55:13,821 - BasePage - INFO - 输入信息成功
2019-02-28 08:55:13,824 - BasePage - INFO - 这里是当前页面！
2019-02-28 08:55:13,855 - BasePage - INFO - 成功找到元素
2019-02-28 08:55:13,952 - BasePage - INFO - 这里是成功的点击操作
2019-02-28 08:55:16,954 - BasePage - INFO - 停一会
2019-02-28 08:55:16,986 - BasePage - INFO - 成功找到元素
2019-02-28 08:55:17,061 - BasePage - INFO - 输入信息成功
2019-02-28 08:55:17,092 - BasePage - INFO - 成功找到元素
2019-02-28 08:55:17,523 - BasePage - INFO - 这里是成功的点击操作
2019-02-28 08:55:17,588 - BasePage - INFO - 成功找到元素
2019-02-28 08:55:17,687 - BasePage - INFO - 这里是成功的点击操作
2019-02-28 08:55:20,004 - Base_testcase - INFO - 结束
