2019-02-28 10:40:34,302 - Base_testcase - INFO - 初始化浏览器
2019-02-28 10:40:34,740 - BasePage - INFO - 进入网址
2019-02-28 10:40:34,771 - BasePage - INFO - 成功找到元素
2019-02-28 10:40:34,844 - BasePage - INFO - 输入信息成功
2019-02-28 10:40:34,876 - BasePage - INFO - 成功找到元素
2019-02-28 10:40:34,939 - BasePage - INFO - 输入信息成功
2019-02-28 10:40:34,968 - BasePage - INFO - 成功找到元素
2019-02-28 10:40:35,016 - BasePage - INFO - 这里是成功的点击操作
2019-02-28 10:40:38,016 - BasePage - INFO - 停一会
2019-02-28 10:40:38,048 - BasePage - INFO - 成功找到元素
2019-02-28 10:40:38,352 - BasePage - INFO - 这里是成功的点击操作
2019-02-28 10:40:38,381 - BasePage - INFO - 成功找到元素
2019-02-28 10:40:38,817 - BasePage - INFO - 这里是成功的点击操作
2019-02-28 10:40:38,858 - BasePage - INFO - 成功找到元素
2019-02-28 10:40:38,983 - BasePage - INFO - 输入信息成功
2019-02-28 10:40:39,010 - BasePage - INFO - 成功找到元素
2019-02-28 10:40:39,042 - BasePage - INFO - 切到frame啦！
2019-02-28 10:40:39,066 - BasePage - INFO - 成功找到元素
2019-02-28 10:40:39,226 - BasePage - INFO - 输入信息成功
2019-02-28 10:40:39,231 - BasePage - INFO - 这里是当前页面！
2019-02-28 10:40:39,259 - BasePage - INFO - 成功找到元素
2019-02-28 10:40:39,353 - BasePage - INFO - 这里是成功的点击操作
2019-02-28 10:40:42,354 - BasePage - INFO - 停一会
2019-02-28 10:40:42,387 - BasePage - INFO - 成功找到元素
2019-02-28 10:40:42,463 - BasePage - INFO - 输入信息成功
2019-02-28 10:40:42,495 - BasePage - INFO - 成功找到元素
2019-02-28 10:40:42,746 - BasePage - INFO - 这里是成功的点击操作
2019-02-28 10:40:42,793 - BasePage - INFO - 成功找到元素
2019-02-28 10:40:43,029 - BasePage - INFO - 这里是成功的点击操作
2019-02-28 10:40:45,276 - Base_testcase - INFO - 结束
2019-02-28 10:40:49,087 - Base_testcase - INFO - 初始化浏览器
2019-02-28 10:40:49,433 - BasePage - INFO - 进入网址
2019-02-28 10:40:49,463 - BasePage - INFO - 成功找到元素
2019-02-28 10:40:49,533 - BasePage - INFO - 输入信息成功
2019-02-28 10:40:49,569 - BasePage - INFO - 成功找到元素
2019-02-28 10:40:49,617 - BasePage - INFO - 输入信息成功
2019-02-28 10:40:49,645 - BasePage - INFO - 成功找到元素
2019-02-28 10:40:49,691 - BasePage - INFO - 这里是成功的点击操作
2019-02-28 10:40:52,692 - BasePage - INFO - 停一会
2019-02-28 10:40:52,765 - BasePage - INFO - 成功找到元素
2019-02-28 10:40:53,068 - BasePage - INFO - 这里是成功的点击操作
2019-02-28 10:40:53,101 - BasePage - INFO - 成功找到元素
2019-02-28 10:40:53,539 - BasePage - INFO - 这里是成功的点击操作
2019-02-28 10:40:53,623 - BasePage - INFO - 成功找到元素
2019-02-28 10:40:54,022 - BasePage - INFO - 这里是成功的点击操作
2019-02-28 10:40:54,069 - BasePage - INFO - 成功找到元素
2019-02-28 10:40:54,157 - BasePage - INFO - 输入信息成功
2019-02-28 10:40:54,185 - BasePage - INFO - 成功找到元素
2019-02-28 10:40:54,287 - BasePage - INFO - 输入信息成功
2019-02-28 10:40:54,319 - BasePage - INFO - 成功找到元素
2019-02-28 10:40:54,390 - BasePage - INFO - 输入信息成功
2019-02-28 10:40:54,426 - BasePage - INFO - 成功找到元素
2019-02-28 10:40:54,515 - BasePage - INFO - 输入信息成功
2019-02-28 10:40:54,543 - BasePage - INFO - 成功找到元素
2019-02-28 10:40:54,632 - BasePage - INFO - 这里是成功的点击操作
2019-02-28 10:40:59,632 - BasePage - INFO - 停一会
2019-02-28 10:40:59,699 - BasePage - INFO - 成功找到元素
2019-02-28 10:40:59,776 - BasePage - INFO - 这里是成功的点击操作
2019-02-28 10:40:59,811 - BasePage - INFO - 成功找到元素
2019-02-28 10:41:00,488 - BasePage - INFO - 这里是成功的点击操作
2019-02-28 10:41:00,532 - BasePage - INFO - 成功找到元素
2019-02-28 10:41:00,548 - BasePage - INFO - 获取文本值成功。
2019-02-28 10:41:00,610 - BasePage - INFO - 成功找到元素
2019-02-28 10:41:00,620 - BasePage - INFO - 获取文本值成功。
2019-02-28 10:41:00,666 - BasePage - INFO - 成功找到元素
2019-02-28 10:41:00,680 - BasePage - INFO - 获取文本值成功。
2019-02-28 10:41:00,730 - BasePage - INFO - 成功找到元素
2019-02-28 10:41:00,741 - BasePage - INFO - 获取文本值成功。
2019-02-28 10:41:00,788 - BasePage - INFO - 成功找到元素
2019-02-28 10:41:00,798 - BasePage - INFO - 获取文本值成功。
2019-02-28 10:41:00,847 - BasePage - INFO - 成功找到元素
2019-02-28 10:41:00,859 - BasePage - INFO - 获取文本值成功。
2019-02-28 10:41:00,904 - BasePage - INFO - 成功找到元素
2019-02-28 10:41:00,915 - BasePage - INFO - 获取文本值成功。
2019-02-28 10:41:02,932 - BasePage - INFO - 停一会
2019-02-28 10:41:06,126 - Base_testcase - INFO - 结束
2019-02-28 10:41:09,686 - Base_testcase - INFO - 初始化浏览器
2019-02-28 10:41:10,029 - BasePage - INFO - 进入网址
2019-02-28 10:41:10,058 - BasePage - INFO - 成功找到元素
2019-02-28 10:41:10,129 - BasePage - INFO - 输入信息成功
2019-02-28 10:41:10,157 - BasePage - INFO - 成功找到元素
2019-02-28 10:41:10,224 - BasePage - INFO - 输入信息成功
2019-02-28 10:41:10,257 - BasePage - INFO - 成功找到元素
2019-02-28 10:41:10,310 - BasePage - INFO - 这里是成功的点击操作
2019-02-28 10:41:13,312 - BasePage - INFO - 停一会
2019-02-28 10:41:13,344 - BasePage - INFO - 成功找到元素
2019-02-28 10:41:13,412 - BasePage - INFO - 输入信息成功
2019-02-28 10:41:13,445 - BasePage - INFO - 成功找到元素
2019-02-28 10:41:13,526 - BasePage - INFO - 这里是成功的点击操作
2019-02-28 10:41:13,536 - BasePage - INFO - 切到另一个页面啦！
2019-02-28 10:41:14,619 - BasePage - INFO - 成功找到元素
2019-02-28 10:41:14,707 - BasePage - INFO - 这里是成功的点击操作
2019-02-28 10:41:14,719 - BasePage - INFO - 切到另一个页面啦！
2019-02-28 10:41:15,771 - BasePage - INFO - 成功找到元素
2019-02-28 10:41:15,780 - BasePage - INFO - 获取文本值成功。
2019-02-28 10:41:17,798 - BasePage - INFO - 停一会
2019-02-28 10:41:17,838 - BasePage - INFO - 成功找到元素
2019-02-28 10:41:18,027 - BasePage - INFO - 这里是成功的点击操作
2019-02-28 10:41:20,259 - Base_testcase - INFO - 结束
2019-02-28 10:41:23,874 - Base_testcase - INFO - 初始化浏览器
2019-02-28 10:41:24,202 - BasePage - INFO - 进入网址
2019-02-28 10:41:24,236 - BasePage - INFO - 成功找到元素
2019-02-28 10:41:24,313 - BasePage - INFO - 输入信息成功
2019-02-28 10:41:24,344 - BasePage - INFO - 成功找到元素
2019-02-28 10:41:24,396 - BasePage - INFO - 输入信息成功
2019-02-28 10:41:24,424 - BasePage - INFO - 成功找到元素
2019-02-28 10:41:24,471 - BasePage - INFO - 这里是成功的点击操作
2019-02-28 10:41:26,471 - BasePage - INFO - 停一会
2019-02-28 10:41:26,510 - BasePage - INFO - 成功找到元素
2019-02-28 10:41:26,805 - BasePage - INFO - 这里是成功的点击操作
2019-02-28 10:41:26,842 - BasePage - INFO - 成功找到元素
2019-02-28 10:41:26,953 - BasePage - INFO - 这里是成功的点击操作
2019-02-28 10:41:27,032 - BasePage - INFO - 成功找到元素
2019-02-28 10:41:27,266 - BasePage - INFO - 这里是成功的点击操作
2019-02-28 10:41:27,311 - BasePage - INFO - 成功找到元素
2019-02-28 10:41:27,768 - BasePage - INFO - 这里是成功的点击操作
2019-02-28 10:41:27,823 - BasePage - INFO - 成功找到元素
2019-02-28 10:41:27,933 - BasePage - INFO - 这里是成功的点击操作
2019-02-28 10:41:27,942 - BasePage - INFO - 切到另一个页面啦！
2019-02-28 10:41:33,594 - BasePage - INFO - 成功找到元素
2019-02-28 10:41:33,789 - BasePage - INFO - 这里是成功的点击操作
2019-02-28 10:41:33,820 - BasePage - INFO - 成功找到元素
2019-02-28 10:41:33,848 - BasePage - INFO - 切到frame啦！
2019-02-28 10:41:36,848 - BasePage - INFO - 停一会
2019-02-28 10:41:36,875 - BasePage - INFO - 成功找到元素
2019-02-28 10:41:36,982 - BasePage - INFO - 这里是成功的点击操作
2019-02-28 10:41:37,014 - BasePage - INFO - 成功找到元素
2019-02-28 10:41:37,060 - BasePage - INFO - 这里清除了一个搜索框
2019-02-28 10:41:37,080 - BasePage - INFO - 成功找到元素
2019-02-28 10:41:37,161 - BasePage - INFO - 输入信息成功
2019-02-28 10:41:37,189 - BasePage - INFO - 成功找到元素
2019-02-28 10:41:37,403 - BasePage - INFO - 这里是成功的点击操作
2019-02-28 10:41:39,404 - BasePage - INFO - 停一会
2019-02-28 10:41:39,413 - BasePage - INFO - 切到另一个页面啦！
2019-02-28 10:41:39,447 - BasePage - INFO - 成功找到元素
2019-02-28 10:41:39,777 - BasePage - INFO - 这里是成功的点击操作
2019-02-28 10:41:39,821 - BasePage - INFO - 成功找到元素
2019-02-28 10:41:40,023 - BasePage - INFO - 这里是成功的点击操作
2019-02-28 10:41:43,023 - BasePage - INFO - 停一会
2019-02-28 10:41:43,086 - BasePage - INFO - 成功找到元素
2019-02-28 10:41:43,172 - BasePage - INFO - 输入信息成功
2019-02-28 10:41:43,205 - BasePage - INFO - 成功找到元素
2019-02-28 10:41:43,271 - BasePage - INFO - 输入信息成功
2019-02-28 10:41:43,300 - BasePage - INFO - 成功找到元素
2019-02-28 10:41:43,349 - BasePage - INFO - 这里是成功的点击操作
2019-02-28 10:41:46,349 - BasePage - INFO - 停一会
2019-02-28 10:41:46,425 - BasePage - INFO - 成功找到元素
2019-02-28 10:41:46,666 - BasePage - INFO - 这里是成功的点击操作
2019-02-28 10:41:46,707 - BasePage - INFO - 成功找到元素
2019-02-28 10:41:47,063 - BasePage - INFO - 这里是成功的点击操作
2019-02-28 10:41:47,095 - BasePage - INFO - 成功找到元素
2019-02-28 10:41:47,174 - BasePage - INFO - 输入信息成功
2019-02-28 10:41:47,180 - BasePage - INFO - 切到另一个页面啦！
2019-02-28 10:41:47,203 - BasePage - INFO - 成功找到元素
2019-02-28 10:41:47,229 - BasePage - INFO - 切到frame啦！
2019-02-28 10:41:47,251 - BasePage - INFO - 成功找到元素
2019-02-28 10:41:47,485 - BasePage - INFO - 输入信息成功
2019-02-28 10:41:47,491 - BasePage - INFO - 切到另一个页面啦！
2019-02-28 10:41:47,520 - BasePage - INFO - 成功找到元素
2019-02-28 10:41:47,615 - BasePage - INFO - 这里是成功的点击操作
2019-02-28 10:41:49,615 - BasePage - INFO - 停一会
2019-02-28 10:41:49,684 - BasePage - INFO - 成功找到元素
2019-02-28 10:41:49,805 - BasePage - INFO - 输入信息成功
2019-02-28 10:42:04,806 - BasePage - INFO - 停一会
2019-02-28 10:42:04,864 - BasePage - INFO - 成功找到元素
2019-02-28 10:42:05,147 - BasePage - INFO - 这里是成功的点击操作
2019-02-28 10:42:07,147 - BasePage - INFO - 停一会
2019-02-28 10:42:09,428 - Base_testcase - INFO - 结束
