2019-02-27 19:07:17,497 - Base_testcase - INFO - 初始化浏览器
2019-02-27 19:07:17,835 - BasePage - INFO - 进入网址
2019-02-27 19:07:17,866 - BasePage - INFO - 成功找到元素
2019-02-27 19:07:17,944 - BasePage - INFO - 输入信息成功
2019-02-27 19:07:17,976 - BasePage - INFO - 成功找到元素
2019-02-27 19:07:18,021 - BasePage - INFO - 输入信息成功
2019-02-27 19:07:18,050 - BasePage - INFO - 成功找到元素
2019-02-27 19:07:18,098 - BasePage - INFO - 这里是成功的点击操作
2019-02-27 19:07:21,099 - BasePage - INFO - 停一会
2019-02-27 19:07:21,126 - BasePage - INFO - 成功找到元素
2019-02-27 19:07:21,502 - BasePage - INFO - 这里是成功的点击操作
2019-02-27 19:07:21,539 - BasePage - INFO - 成功找到元素
2019-02-27 19:07:21,893 - BasePage - INFO - 这里是成功的点击操作
2019-02-27 19:07:21,937 - BasePage - INFO - 成功找到元素
2019-02-27 19:07:22,049 - BasePage - INFO - 输入信息成功
2019-02-27 19:07:22,075 - BasePage - INFO - 成功找到元素
2019-02-27 19:07:22,104 - BasePage - INFO - 切到frame啦！
2019-02-27 19:07:22,128 - BasePage - INFO - 成功找到元素
2019-02-27 19:07:22,285 - BasePage - INFO - 输入信息成功
2019-02-27 19:07:22,288 - BasePage - INFO - 这里是当前页面！
2019-02-27 19:07:22,315 - BasePage - INFO - 成功找到元素
2019-02-27 19:07:22,402 - BasePage - INFO - 这里是成功的点击操作
2019-02-27 19:07:25,402 - BasePage - INFO - 停一会
2019-02-27 19:07:26,476 - BasePage - INFO - 成功找到元素
2019-02-27 19:07:26,565 - BasePage - INFO - 输入信息成功
2019-02-27 19:07:26,593 - BasePage - INFO - 成功找到元素
2019-02-27 19:07:27,056 - BasePage - INFO - 这里是成功的点击操作
2019-02-27 19:07:27,116 - BasePage - INFO - 成功找到元素
2019-02-27 19:07:27,360 - BasePage - INFO - 这里是成功的点击操作
2019-02-27 19:07:29,607 - Base_testcase - INFO - 结束
2019-02-27 19:07:33,226 - Base_testcase - INFO - 初始化浏览器
2019-02-27 19:07:33,567 - BasePage - INFO - 进入网址
2019-02-27 19:07:33,600 - BasePage - INFO - 成功找到元素
2019-02-27 19:07:33,674 - BasePage - INFO - 输入信息成功
2019-02-27 19:07:33,699 - BasePage - INFO - 成功找到元素
2019-02-27 19:07:33,747 - BasePage - INFO - 输入信息成功
2019-02-27 19:07:33,773 - BasePage - INFO - 成功找到元素
2019-02-27 19:07:33,821 - BasePage - INFO - 这里是成功的点击操作
2019-02-27 19:07:36,822 - BasePage - INFO - 停一会
2019-02-27 19:07:36,889 - BasePage - INFO - 成功找到元素
2019-02-27 19:07:37,210 - BasePage - INFO - 这里是成功的点击操作
2019-02-27 19:07:37,244 - BasePage - INFO - 成功找到元素
2019-02-27 19:07:37,653 - BasePage - INFO - 这里是成功的点击操作
2019-02-27 19:07:37,752 - BasePage - INFO - 成功找到元素
2019-02-27 19:07:38,158 - BasePage - INFO - 这里是成功的点击操作
2019-02-27 19:07:38,193 - BasePage - INFO - 成功找到元素
2019-02-27 19:07:38,324 - BasePage - INFO - 输入信息成功
2019-02-27 19:07:38,353 - BasePage - INFO - 成功找到元素
2019-02-27 19:07:38,454 - BasePage - INFO - 输入信息成功
2019-02-27 19:07:38,483 - BasePage - INFO - 成功找到元素
2019-02-27 19:07:38,541 - BasePage - INFO - 输入信息成功
2019-02-27 19:07:38,567 - BasePage - INFO - 成功找到元素
2019-02-27 19:07:38,648 - BasePage - INFO - 输入信息成功
2019-02-27 19:07:38,677 - BasePage - INFO - 成功找到元素
2019-02-27 19:07:38,764 - BasePage - INFO - 这里是成功的点击操作
2019-02-27 19:07:43,765 - BasePage - INFO - 停一会
2019-02-27 19:07:46,878 - BasePage - INFO - 成功找到元素
2019-02-27 19:07:46,953 - BasePage - INFO - 这里是成功的点击操作
2019-02-27 19:07:46,993 - BasePage - INFO - 成功找到元素
2019-02-27 19:07:47,603 - BasePage - INFO - 这里是成功的点击操作
2019-02-27 19:07:47,637 - BasePage - INFO - 成功找到元素
2019-02-27 19:07:47,647 - BasePage - INFO - 获取文本值成功。
2019-02-27 19:07:47,693 - BasePage - INFO - 成功找到元素
2019-02-27 19:07:47,701 - BasePage - INFO - 获取文本值成功。
2019-02-27 19:07:47,744 - BasePage - INFO - 成功找到元素
2019-02-27 19:07:47,754 - BasePage - INFO - 获取文本值成功。
2019-02-27 19:07:47,795 - BasePage - INFO - 成功找到元素
2019-02-27 19:07:47,802 - BasePage - INFO - 获取文本值成功。
2019-02-27 19:07:47,849 - BasePage - INFO - 成功找到元素
2019-02-27 19:07:47,873 - BasePage - INFO - 获取文本值成功。
2019-02-27 19:07:47,924 - BasePage - INFO - 成功找到元素
2019-02-27 19:07:47,932 - BasePage - INFO - 获取文本值成功。
2019-02-27 19:07:47,971 - BasePage - INFO - 成功找到元素
2019-02-27 19:07:47,979 - BasePage - INFO - 获取文本值成功。
2019-02-27 19:07:49,995 - BasePage - INFO - 停一会
2019-02-27 19:07:52,280 - Base_testcase - INFO - 结束
2019-02-27 19:07:55,902 - Base_testcase - INFO - 初始化浏览器
2019-02-27 19:07:56,252 - BasePage - INFO - 进入网址
2019-02-27 19:07:56,282 - BasePage - INFO - 成功找到元素
2019-02-27 19:07:56,356 - BasePage - INFO - 输入信息成功
2019-02-27 19:07:56,388 - BasePage - INFO - 成功找到元素
2019-02-27 19:07:56,437 - BasePage - INFO - 输入信息成功
2019-02-27 19:07:56,465 - BasePage - INFO - 成功找到元素
2019-02-27 19:07:56,509 - BasePage - INFO - 这里是成功的点击操作
2019-02-27 19:07:59,509 - BasePage - INFO - 停一会
2019-02-27 19:07:59,540 - BasePage - INFO - 成功找到元素
2019-02-27 19:07:59,605 - BasePage - INFO - 输入信息成功
2019-02-27 19:07:59,636 - BasePage - INFO - 成功找到元素
2019-02-27 19:07:59,709 - BasePage - INFO - 这里是成功的点击操作
2019-02-27 19:07:59,722 - BasePage - INFO - 切到另一个页面啦！
2019-02-27 19:08:00,790 - BasePage - INFO - 成功找到元素
2019-02-27 19:08:00,880 - BasePage - INFO - 这里是成功的点击操作
2019-02-27 19:08:00,889 - BasePage - INFO - 切到另一个页面啦！
2019-02-27 19:08:03,708 - BasePage - INFO - 成功找到元素
2019-02-27 19:08:03,717 - BasePage - INFO - 获取文本值成功。
2019-02-27 19:08:05,743 - BasePage - INFO - 停一会
2019-02-27 19:08:05,835 - BasePage - INFO - 成功找到元素
2019-02-27 19:08:06,027 - BasePage - INFO - 这里是成功的点击操作
2019-02-27 19:08:08,254 - Base_testcase - INFO - 结束
2019-02-27 19:08:11,922 - Base_testcase - INFO - 初始化浏览器
2019-02-27 19:08:12,262 - BasePage - INFO - 进入网址
2019-02-27 19:08:12,293 - BasePage - INFO - 成功找到元素
2019-02-27 19:08:12,370 - BasePage - INFO - 输入信息成功
2019-02-27 19:08:12,403 - BasePage - INFO - 成功找到元素
2019-02-27 19:08:12,451 - BasePage - INFO - 输入信息成功
2019-02-27 19:08:12,482 - BasePage - INFO - 成功找到元素
2019-02-27 19:08:12,532 - BasePage - INFO - 这里是成功的点击操作
2019-02-27 19:08:14,533 - BasePage - INFO - 停一会
2019-02-27 19:08:14,580 - BasePage - INFO - 成功找到元素
2019-02-27 19:08:14,898 - BasePage - INFO - 这里是成功的点击操作
2019-02-27 19:08:14,934 - BasePage - INFO - 成功找到元素
2019-02-27 19:08:15,044 - BasePage - INFO - 这里是成功的点击操作
2019-02-27 19:08:15,181 - BasePage - INFO - 成功找到元素
2019-02-27 19:08:15,465 - BasePage - INFO - 这里是成功的点击操作
2019-02-27 19:08:15,506 - BasePage - INFO - 成功找到元素
2019-02-27 19:08:15,934 - BasePage - INFO - 这里是成功的点击操作
2019-02-27 19:08:15,986 - BasePage - INFO - 成功找到元素
2019-02-27 19:08:16,102 - BasePage - INFO - 这里是成功的点击操作
2019-02-27 19:08:16,111 - BasePage - INFO - 切到另一个页面啦！
2019-02-27 19:08:31,192 - BasePage - INFO - 成功找到元素
2019-02-27 19:08:31,394 - BasePage - INFO - 这里是成功的点击操作
2019-02-27 19:08:31,424 - BasePage - INFO - 成功找到元素
2019-02-27 19:08:31,452 - BasePage - INFO - 切到frame啦！
2019-02-27 19:08:34,452 - BasePage - INFO - 停一会
2019-02-27 19:08:34,491 - BasePage - INFO - 成功找到元素
2019-02-27 19:08:34,611 - BasePage - INFO - 这里是成功的点击操作
2019-02-27 19:08:34,649 - BasePage - INFO - 成功找到元素
2019-02-27 19:08:34,697 - BasePage - INFO - 这里清除了一个搜索框
2019-02-27 19:08:34,721 - BasePage - INFO - 成功找到元素
2019-02-27 19:08:34,817 - BasePage - INFO - 输入信息成功
2019-02-27 19:08:34,845 - BasePage - INFO - 成功找到元素
2019-02-27 19:08:35,212 - BasePage - INFO - 这里是成功的点击操作
2019-02-27 19:08:37,213 - BasePage - INFO - 停一会
2019-02-27 19:08:37,234 - BasePage - INFO - 切到另一个页面啦！
2019-02-27 19:08:37,295 - BasePage - INFO - 成功找到元素
2019-02-27 19:08:37,626 - BasePage - INFO - 这里是成功的点击操作
2019-02-27 19:08:37,662 - BasePage - INFO - 成功找到元素
2019-02-27 19:08:37,869 - BasePage - INFO - 这里是成功的点击操作
2019-02-27 19:08:40,869 - BasePage - INFO - 停一会
2019-02-27 19:08:40,930 - BasePage - INFO - 成功找到元素
2019-02-27 19:08:41,008 - BasePage - INFO - 输入信息成功
2019-02-27 19:08:41,039 - BasePage - INFO - 成功找到元素
2019-02-27 19:08:41,107 - BasePage - INFO - 输入信息成功
2019-02-27 19:08:41,137 - BasePage - INFO - 成功找到元素
2019-02-27 19:08:41,200 - BasePage - INFO - 这里是成功的点击操作
2019-02-27 19:08:44,201 - BasePage - INFO - 停一会
2019-02-27 19:08:44,263 - BasePage - INFO - 成功找到元素
2019-02-27 19:08:44,478 - BasePage - INFO - 这里是成功的点击操作
2019-02-27 19:08:44,524 - BasePage - INFO - 成功找到元素
2019-02-27 19:08:44,867 - BasePage - INFO - 这里是成功的点击操作
2019-02-27 19:08:44,894 - BasePage - INFO - 成功找到元素
2019-02-27 19:08:44,965 - BasePage - INFO - 输入信息成功
2019-02-27 19:08:44,969 - BasePage - INFO - 切到另一个页面啦！
2019-02-27 19:08:44,995 - BasePage - INFO - 成功找到元素
2019-02-27 19:08:45,022 - BasePage - INFO - 切到frame啦！
2019-02-27 19:08:45,044 - BasePage - INFO - 成功找到元素
2019-02-27 19:08:45,282 - BasePage - INFO - 输入信息成功
2019-02-27 19:08:45,287 - BasePage - INFO - 切到另一个页面啦！
2019-02-27 19:08:45,315 - BasePage - INFO - 成功找到元素
2019-02-27 19:08:45,413 - BasePage - INFO - 这里是成功的点击操作
2019-02-27 19:08:47,414 - BasePage - INFO - 停一会
2019-02-27 19:08:47,486 - BasePage - INFO - 成功找到元素
2019-02-27 19:08:47,619 - BasePage - INFO - 输入信息成功
2019-02-27 19:09:02,619 - BasePage - INFO - 停一会
2019-02-27 19:09:02,687 - BasePage - INFO - 成功找到元素
2019-02-27 19:09:02,979 - BasePage - INFO - 这里是成功的点击操作
2019-02-27 19:09:04,979 - BasePage - INFO - 停一会
2019-02-27 19:09:07,268 - Base_testcase - INFO - 结束
