2019-02-28 11:58:09,152 - BrowserEngine - INFO - 选择浏览器：Chrome
2019-02-28 11:58:09,152 - BrowserEngine - INFO - 地址：https://www.baidu.com
2019-02-28 11:58:14,787 - BrowserEngine - INFO - 打开Chrome浏览器
2019-02-28 11:58:19,576 - BrowserEngine - INFO - 打开网址
2019-02-28 11:58:21,063 - BasePage - INFO - 进入网址
2019-02-28 11:58:21,100 - BasePage - INFO - 成功找到元素
2019-02-28 11:58:21,176 - BasePage - INFO - 输入信息成功
2019-02-28 11:58:21,212 - BasePage - INFO - 成功找到元素
2019-02-28 11:58:21,287 - BasePage - INFO - 输入信息成功
2019-02-28 11:58:21,315 - BasePage - INFO - 成功找到元素
2019-02-28 11:58:21,365 - BasePage - INFO - 这里是成功的点击操作
2019-02-28 11:58:24,366 - BasePage - INFO - 停一会
2019-02-28 11:58:24,397 - BasePage - INFO - 成功找到元素
2019-02-28 11:58:24,685 - BasePage - INFO - 这里是成功的点击操作
2019-02-28 11:58:24,723 - BasePage - INFO - 成功找到元素
2019-02-28 11:58:25,149 - BasePage - INFO - 这里是成功的点击操作
2019-02-28 11:58:25,187 - BasePage - INFO - 成功找到元素
2019-02-28 11:58:25,318 - BasePage - INFO - 输入信息成功
2019-02-28 11:58:25,344 - BasePage - INFO - 成功找到元素
2019-02-28 11:58:25,378 - BasePage - INFO - 切到frame啦！
2019-02-28 11:58:25,401 - BasePage - INFO - 成功找到元素
2019-02-28 11:58:25,545 - BasePage - INFO - 输入信息成功
2019-02-28 11:58:25,549 - BasePage - INFO - 这里是当前页面！
2019-02-28 11:58:25,573 - BasePage - INFO - 成功找到元素
2019-02-28 11:58:25,670 - BasePage - INFO - 这里是成功的点击操作
2019-02-28 11:58:28,671 - BasePage - INFO - 停一会
2019-02-28 11:58:28,701 - BasePage - INFO - 成功找到元素
2019-02-28 11:58:28,780 - BasePage - INFO - 输入信息成功
2019-02-28 11:58:28,816 - BasePage - INFO - 成功找到元素
2019-02-28 11:58:29,079 - BasePage - INFO - 这里是成功的点击操作
2019-02-28 11:58:29,127 - BasePage - INFO - 成功找到元素
2019-02-28 11:58:29,335 - BasePage - INFO - 这里是成功的点击操作
2019-02-28 11:58:32,790 - Base_testcase - INFO - 结束
2019-02-28 11:58:32,791 - BrowserEngine - INFO - 选择浏览器：Chrome
2019-02-28 11:58:32,792 - BrowserEngine - INFO - 地址：https://www.baidu.com
2019-02-28 11:58:35,252 - BrowserEngine - INFO - 打开Chrome浏览器
2019-02-28 11:58:36,017 - BrowserEngine - INFO - 打开网址
2019-02-28 11:58:37,503 - BasePage - INFO - 进入网址
2019-02-28 11:58:37,533 - BasePage - INFO - 成功找到元素
2019-02-28 11:58:37,603 - BasePage - INFO - 输入信息成功
2019-02-28 11:58:37,634 - BasePage - INFO - 成功找到元素
2019-02-28 11:58:37,691 - BasePage - INFO - 输入信息成功
2019-02-28 11:58:37,719 - BasePage - INFO - 成功找到元素
2019-02-28 11:58:37,767 - BasePage - INFO - 这里是成功的点击操作
2019-02-28 11:58:40,767 - BasePage - INFO - 停一会
2019-02-28 11:58:40,797 - BasePage - INFO - 成功找到元素
2019-02-28 11:58:41,090 - BasePage - INFO - 这里是成功的点击操作
2019-02-28 11:58:41,170 - BasePage - INFO - 成功找到元素
2019-02-28 11:58:41,518 - BasePage - INFO - 这里是成功的点击操作
2019-02-28 11:58:41,625 - BasePage - INFO - 成功找到元素
2019-02-28 11:58:42,023 - BasePage - INFO - 这里是成功的点击操作
2019-02-28 11:58:42,064 - BasePage - INFO - 成功找到元素
2019-02-28 11:58:42,158 - BasePage - INFO - 输入信息成功
2019-02-28 11:58:42,190 - BasePage - INFO - 成功找到元素
2019-02-28 11:58:42,298 - BasePage - INFO - 输入信息成功
2019-02-28 11:58:42,330 - BasePage - INFO - 成功找到元素
2019-02-28 11:58:42,399 - BasePage - INFO - 输入信息成功
2019-02-28 11:58:42,440 - BasePage - INFO - 成功找到元素
2019-02-28 11:58:42,531 - BasePage - INFO - 输入信息成功
2019-02-28 11:58:42,562 - BasePage - INFO - 成功找到元素
2019-02-28 11:58:42,681 - BasePage - INFO - 这里是成功的点击操作
2019-02-28 11:58:47,681 - BasePage - INFO - 停一会
2019-02-28 11:58:47,712 - BasePage - INFO - 成功找到元素
2019-02-28 11:58:47,766 - BasePage - INFO - 这里是成功的点击操作
2019-02-28 11:58:47,805 - BasePage - INFO - 成功找到元素
2019-02-28 11:58:48,454 - BasePage - INFO - 这里是成功的点击操作
2019-02-28 11:58:48,488 - BasePage - INFO - 成功找到元素
2019-02-28 11:58:48,498 - BasePage - INFO - 获取文本值成功。
2019-02-28 11:58:48,550 - BasePage - INFO - 成功找到元素
2019-02-28 11:58:48,559 - BasePage - INFO - 获取文本值成功。
2019-02-28 11:58:48,612 - BasePage - INFO - 成功找到元素
2019-02-28 11:58:48,622 - BasePage - INFO - 获取文本值成功。
2019-02-28 11:58:48,672 - BasePage - INFO - 成功找到元素
2019-02-28 11:58:48,681 - BasePage - INFO - 获取文本值成功。
2019-02-28 11:58:48,739 - BasePage - INFO - 成功找到元素
2019-02-28 11:58:48,752 - BasePage - INFO - 获取文本值成功。
2019-02-28 11:58:48,798 - BasePage - INFO - 成功找到元素
2019-02-28 11:58:48,807 - BasePage - INFO - 获取文本值成功。
2019-02-28 11:58:48,853 - BasePage - INFO - 成功找到元素
2019-02-28 11:58:48,863 - BasePage - INFO - 获取文本值成功。
2019-02-28 11:58:50,882 - BasePage - INFO - 停一会
2019-02-28 11:58:53,370 - Base_testcase - INFO - 结束
2019-02-28 11:58:53,371 - BrowserEngine - INFO - 选择浏览器：Chrome
2019-02-28 11:58:53,371 - BrowserEngine - INFO - 地址：https://www.baidu.com
2019-02-28 11:58:55,805 - BrowserEngine - INFO - 打开Chrome浏览器
2019-02-28 11:58:56,598 - BrowserEngine - INFO - 打开网址
2019-02-28 11:58:58,064 - BasePage - INFO - 进入网址
2019-02-28 11:58:58,094 - BasePage - INFO - 成功找到元素
2019-02-28 11:58:58,178 - BasePage - INFO - 输入信息成功
2019-02-28 11:58:58,209 - BasePage - INFO - 成功找到元素
2019-02-28 11:58:58,259 - BasePage - INFO - 输入信息成功
2019-02-28 11:58:58,288 - BasePage - INFO - 成功找到元素
2019-02-28 11:58:58,331 - BasePage - INFO - 这里是成功的点击操作
2019-02-28 11:59:01,333 - BasePage - INFO - 停一会
2019-02-28 11:59:01,361 - BasePage - INFO - 成功找到元素
2019-02-28 11:59:01,419 - BasePage - INFO - 输入信息成功
2019-02-28 11:59:01,446 - BasePage - INFO - 成功找到元素
2019-02-28 11:59:01,517 - BasePage - INFO - 这里是成功的点击操作
2019-02-28 11:59:01,528 - BasePage - INFO - 切到另一个页面啦！
2019-02-28 11:59:02,591 - BasePage - INFO - 成功找到元素
2019-02-28 11:59:02,675 - BasePage - INFO - 这里是成功的点击操作
2019-02-28 11:59:02,690 - BasePage - INFO - 切到另一个页面啦！
2019-02-28 11:59:03,741 - BasePage - INFO - 成功找到元素
2019-02-28 11:59:03,750 - BasePage - INFO - 获取文本值成功。
2019-02-28 11:59:05,768 - BasePage - INFO - 停一会
2019-02-28 11:59:05,808 - BasePage - INFO - 成功找到元素
2019-02-28 11:59:06,022 - BasePage - INFO - 这里是成功的点击操作
2019-02-28 11:59:08,260 - Base_testcase - INFO - 结束
2019-02-28 11:59:08,262 - BrowserEngine - INFO - 选择浏览器：Chrome
2019-02-28 11:59:08,262 - BrowserEngine - INFO - 地址：https://www.baidu.com
2019-02-28 11:59:10,695 - BrowserEngine - INFO - 打开Chrome浏览器
2019-02-28 11:59:11,654 - BrowserEngine - INFO - 打开网址
2019-02-28 11:59:13,113 - BasePage - INFO - 进入网址
2019-02-28 11:59:13,150 - BasePage - INFO - 成功找到元素
2019-02-28 11:59:13,226 - BasePage - INFO - 输入信息成功
2019-02-28 11:59:13,257 - BasePage - INFO - 成功找到元素
2019-02-28 11:59:13,326 - BasePage - INFO - 输入信息成功
2019-02-28 11:59:13,356 - BasePage - INFO - 成功找到元素
2019-02-28 11:59:13,405 - BasePage - INFO - 这里是成功的点击操作
2019-02-28 11:59:15,406 - BasePage - INFO - 停一会
2019-02-28 11:59:15,435 - BasePage - INFO - 成功找到元素
2019-02-28 11:59:15,733 - BasePage - INFO - 这里是成功的点击操作
2019-02-28 11:59:15,768 - BasePage - INFO - 成功找到元素
2019-02-28 11:59:15,880 - BasePage - INFO - 这里是成功的点击操作
2019-02-28 11:59:15,969 - BasePage - INFO - 成功找到元素
2019-02-28 11:59:16,184 - BasePage - INFO - 这里是成功的点击操作
2019-02-28 11:59:16,220 - BasePage - INFO - 成功找到元素
2019-02-28 11:59:16,640 - BasePage - INFO - 这里是成功的点击操作
2019-02-28 11:59:16,711 - BasePage - INFO - 成功找到元素
2019-02-28 11:59:16,801 - BasePage - INFO - 这里是成功的点击操作
2019-02-28 11:59:16,808 - BasePage - INFO - 切到另一个页面啦！
2019-02-28 11:59:35,165 - BasePage - INFO - 成功找到元素
2019-02-28 11:59:35,381 - BasePage - INFO - 这里是成功的点击操作
2019-02-28 11:59:35,409 - BasePage - INFO - 成功找到元素
2019-02-28 11:59:35,441 - BasePage - INFO - 切到frame啦！
2019-02-28 11:59:38,442 - BasePage - INFO - 停一会
2019-02-28 11:59:38,472 - BasePage - INFO - 成功找到元素
2019-02-28 11:59:38,587 - BasePage - INFO - 这里是成功的点击操作
2019-02-28 11:59:38,632 - BasePage - INFO - 成功找到元素
2019-02-28 11:59:38,675 - BasePage - INFO - 这里清除了一个搜索框
2019-02-28 11:59:38,694 - BasePage - INFO - 成功找到元素
2019-02-28 11:59:38,788 - BasePage - INFO - 输入信息成功
2019-02-28 11:59:38,815 - BasePage - INFO - 成功找到元素
2019-02-28 11:59:39,060 - BasePage - INFO - 这里是成功的点击操作
2019-02-28 11:59:41,061 - BasePage - INFO - 停一会
2019-02-28 11:59:41,071 - BasePage - INFO - 切到另一个页面啦！
2019-02-28 11:59:41,118 - BasePage - INFO - 成功找到元素
2019-02-28 11:59:41,468 - BasePage - INFO - 这里是成功的点击操作
2019-02-28 11:59:41,508 - BasePage - INFO - 成功找到元素
2019-02-28 11:59:41,747 - BasePage - INFO - 这里是成功的点击操作
2019-02-28 11:59:44,748 - BasePage - INFO - 停一会
2019-02-28 11:59:44,781 - BasePage - INFO - 成功找到元素
2019-02-28 11:59:44,878 - BasePage - INFO - 输入信息成功
2019-02-28 11:59:44,911 - BasePage - INFO - 成功找到元素
2019-02-28 11:59:44,990 - BasePage - INFO - 输入信息成功
2019-02-28 11:59:45,024 - BasePage - INFO - 成功找到元素
2019-02-28 11:59:45,085 - BasePage - INFO - 这里是成功的点击操作
2019-02-28 11:59:48,086 - BasePage - INFO - 停一会
2019-02-28 11:59:48,128 - BasePage - INFO - 成功找到元素
2019-02-28 11:59:48,369 - BasePage - INFO - 这里是成功的点击操作
2019-02-28 11:59:48,422 - BasePage - INFO - 成功找到元素
2019-02-28 11:59:48,805 - BasePage - INFO - 这里是成功的点击操作
2019-02-28 11:59:48,836 - BasePage - INFO - 成功找到元素
2019-02-28 11:59:48,924 - BasePage - INFO - 输入信息成功
2019-02-28 11:59:48,930 - BasePage - INFO - 切到另一个页面啦！
2019-02-28 11:59:48,956 - BasePage - INFO - 成功找到元素
2019-02-28 11:59:48,984 - BasePage - INFO - 切到frame啦！
2019-02-28 11:59:49,013 - BasePage - INFO - 成功找到元素
2019-02-28 11:59:49,233 - BasePage - INFO - 输入信息成功
2019-02-28 11:59:49,238 - BasePage - INFO - 切到另一个页面啦！
2019-02-28 11:59:49,262 - BasePage - INFO - 成功找到元素
2019-02-28 11:59:49,351 - BasePage - INFO - 这里是成功的点击操作
2019-02-28 11:59:51,351 - BasePage - INFO - 停一会
2019-02-28 11:59:51,391 - BasePage - INFO - 成功找到元素
2019-02-28 11:59:51,518 - BasePage - INFO - 输入信息成功
2019-02-28 12:00:06,519 - BasePage - INFO - 停一会
2019-02-28 12:00:06,578 - BasePage - INFO - 成功找到元素
2019-02-28 12:00:06,857 - BasePage - INFO - 这里是成功的点击操作
2019-02-28 12:00:08,857 - BasePage - INFO - 停一会
2019-02-28 12:00:11,128 - Base_testcase - INFO - 结束
