2019-02-28 09:51:26,858 - Base_testcase - INFO - 初始化浏览器
2019-02-28 09:51:27,216 - BasePage - INFO - 进入网址
2019-02-28 09:51:27,246 - BasePage - INFO - 成功找到元素
2019-02-28 09:51:27,312 - BasePage - INFO - 输入信息成功
2019-02-28 09:51:27,346 - BasePage - INFO - 成功找到元素
2019-02-28 09:51:27,408 - BasePage - INFO - 输入信息成功
2019-02-28 09:51:27,444 - BasePage - INFO - 成功找到元素
2019-02-28 09:51:27,489 - BasePage - INFO - 这里是成功的点击操作
2019-02-28 09:51:30,490 - BasePage - INFO - 停一会
2019-02-28 09:51:30,519 - BasePage - INFO - 成功找到元素
2019-02-28 09:51:30,803 - BasePage - INFO - 这里是成功的点击操作
2019-02-28 09:51:30,888 - BasePage - INFO - 成功找到元素
2019-02-28 09:51:31,276 - BasePage - INFO - 这里是成功的点击操作
2019-02-28 09:51:31,315 - BasePage - INFO - 成功找到元素
2019-02-28 09:51:31,437 - BasePage - INFO - 输入信息成功
2019-02-28 09:51:31,463 - BasePage - INFO - 成功找到元素
2019-02-28 09:51:31,502 - BasePage - INFO - 切到frame啦！
2019-02-28 09:51:31,526 - BasePage - INFO - 成功找到元素
2019-02-28 09:51:31,676 - BasePage - INFO - 输入信息成功
2019-02-28 09:51:31,680 - BasePage - INFO - 这里是当前页面！
2019-02-28 09:51:31,710 - BasePage - INFO - 成功找到元素
2019-02-28 09:51:31,804 - BasePage - INFO - 这里是成功的点击操作
2019-02-28 09:51:34,805 - BasePage - INFO - 停一会
2019-02-28 09:51:34,836 - BasePage - INFO - 成功找到元素
2019-02-28 09:51:34,914 - BasePage - INFO - 输入信息成功
2019-02-28 09:51:34,953 - BasePage - INFO - 成功找到元素
2019-02-28 09:51:35,314 - BasePage - INFO - 这里是成功的点击操作
2019-02-28 09:51:35,366 - BasePage - INFO - 成功找到元素
2019-02-28 09:51:35,586 - BasePage - INFO - 这里是成功的点击操作
2019-02-28 09:51:37,818 - Base_testcase - INFO - 结束
2019-02-28 09:51:41,417 - Base_testcase - INFO - 初始化浏览器
2019-02-28 09:51:41,748 - BasePage - INFO - 进入网址
2019-02-28 09:51:41,779 - BasePage - INFO - 成功找到元素
2019-02-28 09:51:41,856 - BasePage - INFO - 输入信息成功
2019-02-28 09:51:41,886 - BasePage - INFO - 成功找到元素
2019-02-28 09:51:41,938 - BasePage - INFO - 输入信息成功
2019-02-28 09:51:41,967 - BasePage - INFO - 成功找到元素
2019-02-28 09:51:42,016 - BasePage - INFO - 这里是成功的点击操作
2019-02-28 09:51:45,017 - BasePage - INFO - 停一会
2019-02-28 09:51:45,056 - BasePage - INFO - 成功找到元素
2019-02-28 09:51:45,366 - BasePage - INFO - 这里是成功的点击操作
2019-02-28 09:51:45,440 - BasePage - INFO - 成功找到元素
2019-02-28 09:51:45,806 - BasePage - INFO - 这里是成功的点击操作
2019-02-28 09:51:45,897 - BasePage - INFO - 成功找到元素
2019-02-28 09:51:46,338 - BasePage - INFO - 这里是成功的点击操作
2019-02-28 09:51:46,400 - BasePage - INFO - 成功找到元素
2019-02-28 09:51:46,481 - BasePage - INFO - 输入信息成功
2019-02-28 09:51:46,512 - BasePage - INFO - 成功找到元素
2019-02-28 09:51:46,620 - BasePage - INFO - 输入信息成功
2019-02-28 09:51:46,653 - BasePage - INFO - 成功找到元素
2019-02-28 09:51:46,715 - BasePage - INFO - 输入信息成功
2019-02-28 09:51:46,752 - BasePage - INFO - 成功找到元素
2019-02-28 09:51:46,837 - BasePage - INFO - 输入信息成功
2019-02-28 09:51:46,865 - BasePage - INFO - 成功找到元素
2019-02-28 09:51:46,984 - BasePage - INFO - 这里是成功的点击操作
2019-02-28 09:51:51,985 - BasePage - INFO - 停一会
2019-02-28 09:51:52,051 - BasePage - INFO - 成功找到元素
2019-02-28 09:51:52,115 - BasePage - INFO - 这里是成功的点击操作
2019-02-28 09:51:52,149 - BasePage - INFO - 成功找到元素
2019-02-28 09:51:52,770 - BasePage - INFO - 这里是成功的点击操作
2019-02-28 09:51:52,805 - BasePage - INFO - 成功找到元素
2019-02-28 09:51:52,816 - BasePage - INFO - 获取文本值成功。
2019-02-28 09:51:52,863 - BasePage - INFO - 成功找到元素
2019-02-28 09:51:52,873 - BasePage - INFO - 获取文本值成功。
2019-02-28 09:51:52,915 - BasePage - INFO - 成功找到元素
2019-02-28 09:51:52,924 - BasePage - INFO - 获取文本值成功。
2019-02-28 09:51:52,968 - BasePage - INFO - 成功找到元素
2019-02-28 09:51:52,978 - BasePage - INFO - 获取文本值成功。
2019-02-28 09:51:53,047 - BasePage - INFO - 成功找到元素
2019-02-28 09:51:53,061 - BasePage - INFO - 获取文本值成功。
2019-02-28 09:51:53,108 - BasePage - INFO - 成功找到元素
2019-02-28 09:51:53,116 - BasePage - INFO - 获取文本值成功。
2019-02-28 09:51:53,155 - BasePage - INFO - 成功找到元素
2019-02-28 09:51:53,163 - BasePage - INFO - 获取文本值成功。
2019-02-28 09:51:55,177 - BasePage - INFO - 停一会
2019-02-28 09:51:58,436 - Base_testcase - INFO - 结束
2019-02-28 09:52:02,052 - Base_testcase - INFO - 初始化浏览器
2019-02-28 09:52:02,391 - BasePage - INFO - 进入网址
2019-02-28 09:52:02,421 - BasePage - INFO - 成功找到元素
2019-02-28 09:52:02,496 - BasePage - INFO - 输入信息成功
2019-02-28 09:52:02,528 - BasePage - INFO - 成功找到元素
2019-02-28 09:52:02,580 - BasePage - INFO - 输入信息成功
2019-02-28 09:52:02,607 - BasePage - INFO - 成功找到元素
2019-02-28 09:52:02,651 - BasePage - INFO - 这里是成功的点击操作
2019-02-28 09:52:05,652 - BasePage - INFO - 停一会
2019-02-28 09:52:05,687 - BasePage - INFO - 成功找到元素
2019-02-28 09:52:05,753 - BasePage - INFO - 输入信息成功
2019-02-28 09:52:05,784 - BasePage - INFO - 成功找到元素
2019-02-28 09:52:05,860 - BasePage - INFO - 这里是成功的点击操作
2019-02-28 09:52:05,870 - BasePage - INFO - 切到另一个页面啦！
2019-02-28 09:52:06,958 - BasePage - INFO - 成功找到元素
2019-02-28 09:52:07,046 - BasePage - INFO - 这里是成功的点击操作
2019-02-28 09:52:07,054 - BasePage - INFO - 切到另一个页面啦！
2019-02-28 09:52:08,139 - BasePage - INFO - 成功找到元素
2019-02-28 09:52:08,149 - BasePage - INFO - 获取文本值成功。
2019-02-28 09:52:10,167 - BasePage - INFO - 停一会
2019-02-28 09:52:10,206 - BasePage - INFO - 成功找到元素
2019-02-28 09:52:10,429 - BasePage - INFO - 这里是成功的点击操作
2019-02-28 09:52:12,659 - Base_testcase - INFO - 结束
2019-02-28 09:52:16,183 - Base_testcase - INFO - 初始化浏览器
2019-02-28 09:52:16,519 - BasePage - INFO - 进入网址
2019-02-28 09:52:16,550 - BasePage - INFO - 成功找到元素
2019-02-28 09:52:16,625 - BasePage - INFO - 输入信息成功
2019-02-28 09:52:16,654 - BasePage - INFO - 成功找到元素
2019-02-28 09:52:16,714 - BasePage - INFO - 输入信息成功
2019-02-28 09:52:16,743 - BasePage - INFO - 成功找到元素
2019-02-28 09:52:16,788 - BasePage - INFO - 这里是成功的点击操作
2019-02-28 09:52:18,789 - BasePage - INFO - 停一会
2019-02-28 09:52:18,838 - BasePage - INFO - 成功找到元素
2019-02-28 09:52:19,131 - BasePage - INFO - 这里是成功的点击操作
2019-02-28 09:52:19,167 - BasePage - INFO - 成功找到元素
2019-02-28 09:52:19,288 - BasePage - INFO - 这里是成功的点击操作
2019-02-28 09:52:19,365 - BasePage - INFO - 成功找到元素
2019-02-28 09:52:19,585 - BasePage - INFO - 这里是成功的点击操作
2019-02-28 09:52:19,620 - BasePage - INFO - 成功找到元素
2019-02-28 09:52:20,020 - BasePage - INFO - 这里是成功的点击操作
2019-02-28 09:52:20,105 - BasePage - INFO - 成功找到元素
2019-02-28 09:52:20,207 - BasePage - INFO - 这里是成功的点击操作
2019-02-28 09:52:20,215 - BasePage - INFO - 切到另一个页面啦！
2019-02-28 09:52:24,432 - BasePage - INFO - 成功找到元素
2019-02-28 09:52:24,648 - BasePage - INFO - 这里是成功的点击操作
2019-02-28 09:52:24,677 - BasePage - INFO - 成功找到元素
2019-02-28 09:52:24,705 - BasePage - INFO - 切到frame啦！
2019-02-28 09:52:27,706 - BasePage - INFO - 停一会
2019-02-28 09:52:27,743 - BasePage - INFO - 成功找到元素
2019-02-28 09:52:27,847 - BasePage - INFO - 这里是成功的点击操作
2019-02-28 09:52:27,879 - BasePage - INFO - 成功找到元素
2019-02-28 09:52:27,932 - BasePage - INFO - 这里清除了一个搜索框
2019-02-28 09:52:27,953 - BasePage - INFO - 成功找到元素
2019-02-28 09:52:28,049 - BasePage - INFO - 输入信息成功
2019-02-28 09:52:28,078 - BasePage - INFO - 成功找到元素
2019-02-28 09:52:28,308 - BasePage - INFO - 这里是成功的点击操作
2019-02-28 09:52:30,308 - BasePage - INFO - 停一会
2019-02-28 09:52:30,317 - BasePage - INFO - 切到另一个页面啦！
2019-02-28 09:52:30,350 - BasePage - INFO - 成功找到元素
2019-02-28 09:52:30,687 - BasePage - INFO - 这里是成功的点击操作
2019-02-28 09:52:30,743 - BasePage - INFO - 成功找到元素
2019-02-28 09:52:30,944 - BasePage - INFO - 这里是成功的点击操作
2019-02-28 09:52:33,944 - BasePage - INFO - 停一会
2019-02-28 09:52:34,007 - BasePage - INFO - 成功找到元素
2019-02-28 09:52:34,111 - BasePage - INFO - 输入信息成功
2019-02-28 09:52:34,140 - BasePage - INFO - 成功找到元素
2019-02-28 09:52:34,203 - BasePage - INFO - 输入信息成功
2019-02-28 09:52:34,232 - BasePage - INFO - 成功找到元素
2019-02-28 09:52:34,284 - BasePage - INFO - 这里是成功的点击操作
2019-02-28 09:52:37,285 - BasePage - INFO - 停一会
2019-02-28 09:52:37,348 - BasePage - INFO - 成功找到元素
2019-02-28 09:52:37,579 - BasePage - INFO - 这里是成功的点击操作
2019-02-28 09:52:37,631 - BasePage - INFO - 成功找到元素
2019-02-28 09:52:37,989 - BasePage - INFO - 这里是成功的点击操作
2019-02-28 09:52:38,017 - BasePage - INFO - 成功找到元素
2019-02-28 09:52:38,099 - BasePage - INFO - 输入信息成功
2019-02-28 09:52:38,104 - BasePage - INFO - 切到另一个页面啦！
2019-02-28 09:52:38,123 - BasePage - INFO - 成功找到元素
2019-02-28 09:52:38,148 - BasePage - INFO - 切到frame啦！
2019-02-28 09:52:38,171 - BasePage - INFO - 成功找到元素
2019-02-28 09:52:38,408 - BasePage - INFO - 输入信息成功
2019-02-28 09:52:38,414 - BasePage - INFO - 切到另一个页面啦！
2019-02-28 09:52:38,441 - BasePage - INFO - 成功找到元素
2019-02-28 09:52:38,537 - BasePage - INFO - 这里是成功的点击操作
2019-02-28 09:52:40,537 - BasePage - INFO - 停一会
2019-02-28 09:52:40,599 - BasePage - INFO - 成功找到元素
2019-02-28 09:52:40,770 - BasePage - INFO - 输入信息成功
2019-02-28 09:52:55,772 - BasePage - INFO - 停一会
2019-02-28 09:52:55,838 - BasePage - INFO - 成功找到元素
2019-02-28 09:52:56,109 - BasePage - INFO - 这里是成功的点击操作
2019-02-28 09:52:58,111 - BasePage - INFO - 停一会
2019-02-28 09:53:00,402 - Base_testcase - INFO - 结束
