2019-02-28 16:48:53,201 - BrowserEngine - INFO - 选择浏览器：Chrome
2019-02-28 16:48:53,202 - BrowserEngine - INFO - 地址：https://www.baidu.com
2019-02-28 16:48:56,115 - BrowserEngine - INFO - 打开Chrome浏览器
2019-02-28 16:48:58,186 - BrowserEngine - INFO - 打开网址
2019-02-28 16:48:59,720 - BasePage - INFO - 进入网址
2019-02-28 16:48:59,756 - BasePage - INFO - 成功找到元素
2019-02-28 16:48:59,838 - BasePage - INFO - 输入信息成功
2019-02-28 16:48:59,870 - BasePage - INFO - 成功找到元素
2019-02-28 16:48:59,937 - BasePage - INFO - 输入信息成功
2019-02-28 16:48:59,971 - BasePage - INFO - 成功找到元素
2019-02-28 16:49:00,023 - BasePage - INFO - 这里是成功的点击操作
2019-02-28 16:49:03,024 - BasePage - INFO - 停一会
2019-02-28 16:49:03,053 - BasePage - INFO - 成功找到元素
2019-02-28 16:49:03,351 - BasePage - INFO - 这里是成功的点击操作
2019-02-28 16:49:03,386 - BasePage - INFO - 成功找到元素
2019-02-28 16:49:03,812 - BasePage - INFO - 这里是成功的点击操作
2019-02-28 16:49:03,851 - BasePage - INFO - 成功找到元素
2019-02-28 16:49:03,976 - BasePage - INFO - 输入信息成功
2019-02-28 16:49:03,999 - BasePage - INFO - 成功找到元素
2019-02-28 16:49:04,031 - BasePage - INFO - 切到frame啦！
2019-02-28 16:49:04,059 - BasePage - INFO - 成功找到元素
2019-02-28 16:49:04,209 - BasePage - INFO - 输入信息成功
2019-02-28 16:49:04,212 - BasePage - INFO - 这里是当前页面！
2019-02-28 16:49:04,242 - BasePage - INFO - 成功找到元素
2019-02-28 16:49:04,340 - BasePage - INFO - 这里是成功的点击操作
2019-02-28 16:49:07,340 - BasePage - INFO - 停一会
2019-02-28 16:49:07,417 - BasePage - INFO - 成功找到元素
2019-02-28 16:49:07,499 - BasePage - INFO - 输入信息成功
2019-02-28 16:49:07,529 - BasePage - INFO - 成功找到元素
2019-02-28 16:49:07,791 - BasePage - INFO - 这里是成功的点击操作
2019-02-28 16:49:07,847 - BasePage - INFO - 成功找到元素
2019-02-28 16:49:07,947 - BasePage - INFO - 这里是成功的点击操作
2019-02-28 16:49:10,202 - Base_testcase - INFO - 结束
2019-02-28 16:49:10,204 - BrowserEngine - INFO - 选择浏览器：Chrome
2019-02-28 16:49:10,205 - BrowserEngine - INFO - 地址：https://www.baidu.com
2019-02-28 16:49:12,644 - BrowserEngine - INFO - 打开Chrome浏览器
2019-02-28 16:49:14,616 - BrowserEngine - INFO - 打开网址
2019-02-28 16:49:16,288 - BasePage - INFO - 进入网址
2019-02-28 16:49:16,328 - BasePage - INFO - 成功找到元素
2019-02-28 16:49:16,396 - BasePage - INFO - 输入信息成功
2019-02-28 16:49:16,424 - BasePage - INFO - 成功找到元素
2019-02-28 16:49:16,473 - BasePage - INFO - 输入信息成功
2019-02-28 16:49:16,506 - BasePage - INFO - 成功找到元素
2019-02-28 16:49:16,558 - BasePage - INFO - 这里是成功的点击操作
2019-02-28 16:49:19,558 - BasePage - INFO - 停一会
2019-02-28 16:49:19,592 - BasePage - INFO - 成功找到元素
2019-02-28 16:49:19,883 - BasePage - INFO - 这里是成功的点击操作
2019-02-28 16:49:19,921 - BasePage - INFO - 成功找到元素
2019-02-28 16:49:20,352 - BasePage - INFO - 这里是成功的点击操作
2019-02-28 16:49:20,433 - BasePage - INFO - 成功找到元素
2019-02-28 16:49:20,832 - BasePage - INFO - 这里是成功的点击操作
2019-02-28 16:49:20,872 - BasePage - INFO - 成功找到元素
2019-02-28 16:49:20,965 - BasePage - INFO - 输入信息成功
2019-02-28 16:49:21,003 - BasePage - INFO - 成功找到元素
2019-02-28 16:49:21,114 - BasePage - INFO - 输入信息成功
2019-02-28 16:49:21,143 - BasePage - INFO - 成功找到元素
2019-02-28 16:49:21,220 - BasePage - INFO - 输入信息成功
2019-02-28 16:49:21,253 - BasePage - INFO - 成功找到元素
2019-02-28 16:49:21,332 - BasePage - INFO - 输入信息成功
2019-02-28 16:49:21,362 - BasePage - INFO - 成功找到元素
2019-02-28 16:49:21,476 - BasePage - INFO - 这里是成功的点击操作
2019-02-28 16:49:26,478 - BasePage - INFO - 停一会
2019-02-28 16:49:26,509 - BasePage - INFO - 成功找到元素
2019-02-28 16:49:26,562 - BasePage - INFO - 这里是成功的点击操作
2019-02-28 16:49:26,597 - BasePage - INFO - 成功找到元素
2019-02-28 16:49:27,275 - BasePage - INFO - 这里是成功的点击操作
2019-02-28 16:49:27,306 - BasePage - INFO - 成功找到元素
2019-02-28 16:49:27,315 - BasePage - INFO - 获取文本值成功。
2019-02-28 16:49:27,367 - BasePage - INFO - 成功找到元素
2019-02-28 16:49:27,375 - BasePage - INFO - 获取文本值成功。
2019-02-28 16:49:27,414 - BasePage - INFO - 成功找到元素
2019-02-28 16:49:27,422 - BasePage - INFO - 获取文本值成功。
2019-02-28 16:49:27,466 - BasePage - INFO - 成功找到元素
2019-02-28 16:49:27,474 - BasePage - INFO - 获取文本值成功。
2019-02-28 16:49:27,522 - BasePage - INFO - 成功找到元素
2019-02-28 16:49:27,530 - BasePage - INFO - 获取文本值成功。
2019-02-28 16:49:27,578 - BasePage - INFO - 成功找到元素
2019-02-28 16:49:27,587 - BasePage - INFO - 获取文本值成功。
2019-02-28 16:49:27,629 - BasePage - INFO - 成功找到元素
2019-02-28 16:49:27,637 - BasePage - INFO - 获取文本值成功。
2019-02-28 16:49:29,653 - BasePage - INFO - 停一会
2019-02-28 16:49:31,914 - Base_testcase - INFO - 结束
2019-02-28 16:49:31,915 - BrowserEngine - INFO - 选择浏览器：Chrome
2019-02-28 16:49:31,915 - BrowserEngine - INFO - 地址：https://www.baidu.com
2019-02-28 16:49:34,301 - BrowserEngine - INFO - 打开Chrome浏览器
2019-02-28 16:49:36,482 - BrowserEngine - INFO - 打开网址
2019-02-28 16:49:37,948 - BasePage - INFO - 进入网址
2019-02-28 16:49:37,979 - BasePage - INFO - 成功找到元素
2019-02-28 16:49:38,047 - BasePage - INFO - 输入信息成功
2019-02-28 16:49:38,081 - BasePage - INFO - 成功找到元素
2019-02-28 16:49:38,140 - BasePage - INFO - 输入信息成功
2019-02-28 16:49:38,171 - BasePage - INFO - 成功找到元素
2019-02-28 16:49:38,217 - BasePage - INFO - 这里是成功的点击操作
2019-02-28 16:49:41,218 - BasePage - INFO - 停一会
2019-02-28 16:49:41,247 - BasePage - INFO - 成功找到元素
2019-02-28 16:49:41,312 - BasePage - INFO - 输入信息成功
2019-02-28 16:49:41,344 - BasePage - INFO - 成功找到元素
2019-02-28 16:49:41,433 - BasePage - INFO - 这里是成功的点击操作
2019-02-28 16:49:41,449 - BasePage - INFO - 切到另一个页面啦！
2019-02-28 16:49:42,520 - BasePage - INFO - 成功找到元素
2019-02-28 16:49:42,614 - BasePage - INFO - 这里是成功的点击操作
2019-02-28 16:49:42,622 - BasePage - INFO - 切到另一个页面啦！
2019-02-28 16:49:43,674 - BasePage - INFO - 成功找到元素
2019-02-28 16:49:43,683 - BasePage - INFO - 获取文本值成功。
2019-02-28 16:49:45,700 - BasePage - INFO - 停一会
2019-02-28 16:49:45,779 - BasePage - INFO - 成功找到元素
2019-02-28 16:49:46,008 - BasePage - INFO - 这里是成功的点击操作
2019-02-28 16:49:48,240 - Base_testcase - INFO - 结束
2019-02-28 16:49:48,243 - BrowserEngine - INFO - 选择浏览器：Chrome
2019-02-28 16:49:48,243 - BrowserEngine - INFO - 地址：https://www.baidu.com
2019-02-28 16:49:50,694 - BrowserEngine - INFO - 打开Chrome浏览器
2019-02-28 16:49:52,287 - BrowserEngine - INFO - 打开网址
2019-02-28 16:49:53,738 - BasePage - INFO - 进入网址
2019-02-28 16:49:53,773 - BasePage - INFO - 成功找到元素
2019-02-28 16:49:53,849 - BasePage - INFO - 输入信息成功
2019-02-28 16:49:53,878 - BasePage - INFO - 成功找到元素
2019-02-28 16:49:53,925 - BasePage - INFO - 输入信息成功
2019-02-28 16:49:53,952 - BasePage - INFO - 成功找到元素
2019-02-28 16:49:53,997 - BasePage - INFO - 这里是成功的点击操作
2019-02-28 16:49:55,997 - BasePage - INFO - 停一会
2019-02-28 16:49:56,029 - BasePage - INFO - 成功找到元素
2019-02-28 16:49:56,499 - BasePage - INFO - 这里是成功的点击操作
2019-02-28 16:49:56,533 - BasePage - INFO - 成功找到元素
2019-02-28 16:49:56,596 - BasePage - INFO - 这里是成功的点击操作
2019-02-28 16:49:56,684 - BasePage - INFO - 成功找到元素
2019-02-28 16:49:56,937 - BasePage - INFO - 这里是成功的点击操作
2019-02-28 16:49:56,982 - BasePage - INFO - 成功找到元素
2019-02-28 16:49:57,450 - BasePage - INFO - 这里是成功的点击操作
2019-02-28 16:49:57,492 - BasePage - INFO - 成功找到元素
2019-02-28 16:49:57,612 - BasePage - INFO - 这里是成功的点击操作
2019-02-28 16:49:57,617 - BasePage - INFO - 切到另一个页面啦！
2019-02-28 16:50:02,123 - BasePage - INFO - 成功找到元素
2019-02-28 16:50:02,344 - BasePage - INFO - 这里是成功的点击操作
2019-02-28 16:50:02,371 - BasePage - INFO - 成功找到元素
2019-02-28 16:50:02,401 - BasePage - INFO - 切到frame啦！
2019-02-28 16:50:05,401 - BasePage - INFO - 停一会
2019-02-28 16:50:05,461 - BasePage - INFO - 成功找到元素
2019-02-28 16:50:05,581 - BasePage - INFO - 这里是成功的点击操作
2019-02-28 16:50:05,622 - BasePage - INFO - 成功找到元素
2019-02-28 16:50:05,676 - BasePage - INFO - 这里清除了一个搜索框
2019-02-28 16:50:05,694 - BasePage - INFO - 成功找到元素
2019-02-28 16:50:05,801 - BasePage - INFO - 输入信息成功
2019-02-28 16:50:05,834 - BasePage - INFO - 成功找到元素
2019-02-28 16:50:06,167 - BasePage - INFO - 这里是成功的点击操作
2019-02-28 16:50:08,168 - BasePage - INFO - 停一会
2019-02-28 16:50:08,191 - BasePage - INFO - 切到另一个页面啦！
2019-02-28 16:50:08,256 - BasePage - INFO - 成功找到元素
2019-02-28 16:50:08,584 - BasePage - INFO - 这里是成功的点击操作
2019-02-28 16:50:08,634 - BasePage - INFO - 成功找到元素
2019-02-28 16:50:08,848 - BasePage - INFO - 这里是成功的点击操作
2019-02-28 16:50:11,849 - BasePage - INFO - 停一会
2019-02-28 16:50:11,926 - BasePage - INFO - 成功找到元素
2019-02-28 16:50:12,032 - BasePage - INFO - 输入信息成功
2019-02-28 16:50:12,065 - BasePage - INFO - 成功找到元素
2019-02-28 16:50:12,130 - BasePage - INFO - 输入信息成功
2019-02-28 16:50:12,156 - BasePage - INFO - 成功找到元素
2019-02-28 16:50:12,204 - BasePage - INFO - 这里是成功的点击操作
2019-02-28 16:50:15,205 - BasePage - INFO - 停一会
2019-02-28 16:50:15,270 - BasePage - INFO - 成功找到元素
2019-02-28 16:50:15,514 - BasePage - INFO - 这里是成功的点击操作
2019-02-28 16:50:15,559 - BasePage - INFO - 成功找到元素
2019-02-28 16:50:15,906 - BasePage - INFO - 这里是成功的点击操作
2019-02-28 16:50:15,937 - BasePage - INFO - 成功找到元素
2019-02-28 16:50:16,008 - BasePage - INFO - 输入信息成功
2019-02-28 16:50:16,013 - BasePage - INFO - 切到另一个页面啦！
2019-02-28 16:50:16,033 - BasePage - INFO - 成功找到元素
2019-02-28 16:50:16,059 - BasePage - INFO - 切到frame啦！
2019-02-28 16:50:16,081 - BasePage - INFO - 成功找到元素
2019-02-28 16:50:16,324 - BasePage - INFO - 输入信息成功
2019-02-28 16:50:16,330 - BasePage - INFO - 切到另一个页面啦！
2019-02-28 16:50:16,358 - BasePage - INFO - 成功找到元素
2019-02-28 16:50:16,462 - BasePage - INFO - 这里是成功的点击操作
2019-02-28 16:50:18,463 - BasePage - INFO - 停一会
2019-02-28 16:50:18,526 - BasePage - INFO - 成功找到元素
2019-02-28 16:50:18,681 - BasePage - INFO - 输入信息成功
2019-02-28 16:50:33,682 - BasePage - INFO - 停一会
2019-02-28 16:50:33,730 - BasePage - INFO - 成功找到元素
2019-02-28 16:50:34,138 - BasePage - INFO - 这里是成功的点击操作
2019-02-28 16:50:36,138 - BasePage - INFO - 停一会
2019-02-28 16:50:38,406 - Base_testcase - INFO - 结束
