2019-02-27 21:03:56,394 - Base_testcase - INFO - 初始化浏览器
2019-02-27 21:03:56,726 - BasePage - INFO - 进入网址
2019-02-27 21:03:56,755 - BasePage - INFO - 成功找到元素
2019-02-27 21:03:56,830 - BasePage - INFO - 输入信息成功
2019-02-27 21:03:56,868 - BasePage - INFO - 成功找到元素
2019-02-27 21:03:56,915 - BasePage - INFO - 输入信息成功
2019-02-27 21:03:56,942 - BasePage - INFO - 成功找到元素
2019-02-27 21:03:56,986 - BasePage - INFO - 这里是成功的点击操作
2019-02-27 21:03:59,987 - BasePage - INFO - 停一会
2019-02-27 21:04:00,020 - BasePage - INFO - 成功找到元素
2019-02-27 21:04:00,081 - BasePage - INFO - 输入信息成功
2019-02-27 21:04:00,121 - BasePage - INFO - 成功找到元素
2019-02-27 21:04:00,202 - BasePage - INFO - 这里是成功的点击操作
2019-02-27 21:04:00,212 - BasePage - INFO - 切到另一个页面啦！
2019-02-27 21:04:01,276 - BasePage - INFO - 成功找到元素
2019-02-27 21:04:01,369 - BasePage - INFO - 这里是成功的点击操作
2019-02-27 21:04:01,375 - BasePage - INFO - 切到另一个页面啦！
2019-02-27 21:04:02,426 - BasePage - INFO - 成功找到元素
2019-02-27 21:04:02,437 - BasePage - INFO - 获取文本值成功。
2019-02-27 21:04:04,458 - BasePage - INFO - 停一会
2019-02-27 21:04:04,501 - BasePage - INFO - 成功找到元素
2019-02-27 21:04:22,049 - BasePage - INFO - 这里是成功的点击操作
2019-02-27 21:04:24,294 - Base_testcase - INFO - 结束
