2019-02-27 15:54:01,555 - Base_testcase - INFO - 初始化浏览器
2019-02-27 15:54:12,804 - BasePage - INFO - 进入网址
2019-02-27 15:54:12,848 - BasePage - INFO - 成功找到元素
2019-02-27 15:54:12,924 - BasePage - INFO - 输入信息成功
2019-02-27 15:54:12,953 - BasePage - INFO - 成功找到元素
2019-02-27 15:54:13,009 - BasePage - INFO - 输入信息成功
2019-02-27 15:54:13,040 - BasePage - INFO - 成功找到元素
2019-02-27 15:54:13,091 - BasePage - INFO - 这里是成功的点击操作
2019-02-27 15:54:16,092 - BasePage - INFO - 停一会
2019-02-27 15:54:23,390 - BasePage - INFO - 成功找到元素
2019-02-27 15:54:33,107 - BasePage - INFO - 这里是成功的点击操作
2019-02-27 15:54:33,153 - BasePage - INFO - 成功找到元素
2019-02-27 15:54:43,341 - BasePage - INFO - 这里是成功的点击操作
2019-02-27 15:54:43,420 - BasePage - INFO - 成功找到元素
2019-02-27 15:54:49,407 - BasePage - INFO - 这里是成功的点击操作
2019-02-27 15:54:49,437 - BasePage - INFO - 成功找到元素
2019-02-27 15:54:49,531 - BasePage - INFO - 输入信息成功
2019-02-27 15:54:49,563 - BasePage - INFO - 成功找到元素
2019-02-27 15:54:49,676 - BasePage - INFO - 输入信息成功
2019-02-27 15:54:49,706 - BasePage - INFO - 成功找到元素
2019-02-27 15:54:49,778 - BasePage - INFO - 输入信息成功
2019-02-27 15:54:49,807 - BasePage - INFO - 成功找到元素
2019-02-27 15:54:49,880 - BasePage - INFO - 输入信息成功
2019-02-27 15:54:49,909 - BasePage - INFO - 成功找到元素
2019-02-27 15:54:50,030 - BasePage - INFO - 这里是成功的点击操作
2019-02-27 15:54:55,031 - BasePage - INFO - 停一会
2019-02-27 15:54:55,096 - BasePage - INFO - 成功找到元素
2019-02-27 15:54:55,150 - BasePage - INFO - 这里是成功的点击操作
2019-02-27 15:55:08,481 - Base_testcase - INFO - 结束
