2019-02-27 15:52:42,254 - Base_testcase - INFO - 初始化浏览器
2019-02-27 15:52:48,781 - BasePage - INFO - 进入网址
2019-02-27 15:52:48,838 - BasePage - INFO - 成功找到元素
2019-02-27 15:52:48,921 - BasePage - INFO - 输入信息成功
2019-02-27 15:52:48,951 - BasePage - INFO - 成功找到元素
2019-02-27 15:52:49,008 - BasePage - INFO - 输入信息成功
2019-02-27 15:52:49,038 - BasePage - INFO - 成功找到元素
2019-02-27 15:52:49,090 - BasePage - INFO - 这里是成功的点击操作
2019-02-27 15:52:52,091 - BasePage - INFO - 停一会
2019-02-27 15:52:55,208 - BasePage - INFO - 成功找到元素
2019-02-27 15:53:06,504 - BasePage - INFO - 这里是成功的点击操作
2019-02-27 15:53:06,559 - BasePage - INFO - 成功找到元素
2019-02-27 15:53:08,517 - BasePage - INFO - 这里是成功的点击操作
2019-02-27 15:53:08,608 - BasePage - INFO - 成功找到元素
2019-02-27 15:53:19,246 - BasePage - INFO - 这里是成功的点击操作
2019-02-27 15:53:19,291 - BasePage - INFO - 成功找到元素
2019-02-27 15:53:19,380 - BasePage - INFO - 输入信息成功
2019-02-27 15:53:19,411 - BasePage - INFO - 成功找到元素
2019-02-27 15:53:19,514 - BasePage - INFO - 输入信息成功
2019-02-27 15:53:19,546 - BasePage - INFO - 成功找到元素
2019-02-27 15:53:19,619 - BasePage - INFO - 输入信息成功
2019-02-27 15:53:19,650 - BasePage - INFO - 成功找到元素
2019-02-27 15:53:19,729 - BasePage - INFO - 输入信息成功
2019-02-27 15:53:19,758 - BasePage - INFO - 成功找到元素
2019-02-27 15:53:19,876 - BasePage - INFO - 这里是成功的点击操作
2019-02-27 15:53:24,877 - BasePage - INFO - 停一会
2019-02-27 15:53:27,140 - Base_testcase - INFO - 结束
