2019-02-28 09:47:03,183 - Base_testcase - INFO - 初始化浏览器
2019-02-28 09:47:04,508 - BasePage - INFO - 进入网址
2019-02-28 09:47:04,549 - BasePage - INFO - 成功找到元素
2019-02-28 09:47:04,634 - BasePage - INFO - 输入信息成功
2019-02-28 09:47:04,678 - BasePage - INFO - 成功找到元素
2019-02-28 09:47:04,742 - BasePage - INFO - 输入信息成功
2019-02-28 09:47:04,767 - BasePage - INFO - 成功找到元素
2019-02-28 09:47:04,819 - BasePage - INFO - 这里是成功的点击操作
2019-02-28 09:47:07,857 - BasePage - INFO - 停一会
2019-02-28 09:47:07,933 - BasePage - INFO - 成功找到元素
2019-02-28 09:47:08,280 - BasePage - INFO - 这里是成功的点击操作
2019-02-28 09:47:08,330 - BasePage - INFO - 成功找到元素
2019-02-28 09:47:08,849 - BasePage - INFO - 这里是成功的点击操作
2019-02-28 09:47:08,891 - BasePage - INFO - 成功找到元素
2019-02-28 09:47:09,020 - BasePage - INFO - 输入信息成功
2019-02-28 09:47:09,050 - BasePage - INFO - 成功找到元素
2019-02-28 09:47:09,088 - BasePage - INFO - 切到frame啦！
2019-02-28 09:47:09,110 - BasePage - INFO - 成功找到元素
2019-02-28 09:47:09,250 - BasePage - INFO - 输入信息成功
2019-02-28 09:47:09,253 - BasePage - INFO - 这里是当前页面！
2019-02-28 09:47:09,282 - BasePage - INFO - 成功找到元素
2019-02-28 09:47:09,388 - BasePage - INFO - 这里是成功的点击操作
2019-02-28 09:47:12,388 - BasePage - INFO - 停一会
2019-02-28 09:47:12,419 - BasePage - INFO - 成功找到元素
2019-02-28 09:47:12,510 - BasePage - INFO - 输入信息成功
2019-02-28 09:47:12,544 - BasePage - INFO - 成功找到元素
2019-02-28 09:47:12,914 - BasePage - INFO - 这里是成功的点击操作
2019-02-28 09:47:12,971 - BasePage - INFO - 成功找到元素
2019-02-28 09:47:15,330 - Base_testcase - INFO - 结束
2019-02-28 09:47:18,932 - Base_testcase - INFO - 初始化浏览器
2019-02-28 09:47:19,267 - BasePage - INFO - 进入网址
2019-02-28 09:47:19,300 - BasePage - INFO - 成功找到元素
2019-02-28 09:47:19,381 - BasePage - INFO - 输入信息成功
2019-02-28 09:47:19,411 - BasePage - INFO - 成功找到元素
2019-02-28 09:47:19,471 - BasePage - INFO - 输入信息成功
2019-02-28 09:47:19,502 - BasePage - INFO - 成功找到元素
2019-02-28 09:47:19,556 - BasePage - INFO - 这里是成功的点击操作
2019-02-28 09:47:22,558 - BasePage - INFO - 停一会
2019-02-28 09:47:22,587 - BasePage - INFO - 成功找到元素
2019-02-28 09:47:22,878 - BasePage - INFO - 这里是成功的点击操作
2019-02-28 09:47:22,909 - BasePage - INFO - 成功找到元素
2019-02-28 09:47:23,332 - BasePage - INFO - 这里是成功的点击操作
2019-02-28 09:47:23,433 - BasePage - INFO - 成功找到元素
2019-02-28 09:47:23,862 - BasePage - INFO - 这里是成功的点击操作
2019-02-28 09:47:23,912 - BasePage - INFO - 成功找到元素
2019-02-28 09:47:23,997 - BasePage - INFO - 输入信息成功
2019-02-28 09:47:24,029 - BasePage - INFO - 成功找到元素
2019-02-28 09:47:24,155 - BasePage - INFO - 输入信息成功
2019-02-28 09:47:24,184 - BasePage - INFO - 成功找到元素
2019-02-28 09:47:24,243 - BasePage - INFO - 输入信息成功
2019-02-28 09:47:24,270 - BasePage - INFO - 成功找到元素
2019-02-28 09:47:24,347 - BasePage - INFO - 输入信息成功
2019-02-28 09:47:24,375 - BasePage - INFO - 成功找到元素
2019-02-28 09:47:24,490 - BasePage - INFO - 这里是成功的点击操作
2019-02-28 09:47:29,491 - BasePage - INFO - 停一会
2019-02-28 09:47:29,553 - BasePage - INFO - 成功找到元素
2019-02-28 09:47:29,608 - BasePage - INFO - 这里是成功的点击操作
2019-02-28 09:47:29,646 - BasePage - INFO - 成功找到元素
2019-02-28 09:47:30,328 - BasePage - INFO - 这里是成功的点击操作
2019-02-28 09:47:30,382 - BasePage - INFO - 成功找到元素
2019-02-28 09:47:30,395 - BasePage - INFO - 获取文本值成功。
2019-02-28 09:47:30,474 - BasePage - INFO - 成功找到元素
2019-02-28 09:47:30,483 - BasePage - INFO - 获取文本值成功。
2019-02-28 09:47:30,526 - BasePage - INFO - 成功找到元素
2019-02-28 09:47:30,536 - BasePage - INFO - 获取文本值成功。
2019-02-28 09:47:30,582 - BasePage - INFO - 成功找到元素
2019-02-28 09:47:30,595 - BasePage - INFO - 获取文本值成功。
2019-02-28 09:47:30,644 - BasePage - INFO - 成功找到元素
2019-02-28 09:47:30,652 - BasePage - INFO - 获取文本值成功。
2019-02-28 09:47:30,694 - BasePage - INFO - 成功找到元素
2019-02-28 09:47:30,703 - BasePage - INFO - 获取文本值成功。
2019-02-28 09:47:30,745 - BasePage - INFO - 成功找到元素
2019-02-28 09:47:30,755 - BasePage - INFO - 获取文本值成功。
2019-02-28 09:47:32,772 - BasePage - INFO - 停一会
2019-02-28 09:47:36,250 - Base_testcase - INFO - 结束
2019-02-28 09:47:39,814 - Base_testcase - INFO - 初始化浏览器
2019-02-28 09:47:40,138 - BasePage - INFO - 进入网址
2019-02-28 09:47:40,168 - BasePage - INFO - 成功找到元素
2019-02-28 09:47:40,242 - BasePage - INFO - 输入信息成功
2019-02-28 09:47:40,274 - BasePage - INFO - 成功找到元素
2019-02-28 09:47:40,328 - BasePage - INFO - 输入信息成功
2019-02-28 09:47:40,355 - BasePage - INFO - 成功找到元素
2019-02-28 09:47:40,401 - BasePage - INFO - 这里是成功的点击操作
2019-02-28 09:47:43,401 - BasePage - INFO - 停一会
2019-02-28 09:47:43,429 - BasePage - INFO - 成功找到元素
2019-02-28 09:47:43,484 - BasePage - INFO - 输入信息成功
2019-02-28 09:47:43,517 - BasePage - INFO - 成功找到元素
2019-02-28 09:47:43,597 - BasePage - INFO - 这里是成功的点击操作
2019-02-28 09:47:43,603 - BasePage - INFO - 切到另一个页面啦！
2019-02-28 09:47:44,663 - BasePage - INFO - 成功找到元素
2019-02-28 09:47:44,750 - BasePage - INFO - 这里是成功的点击操作
2019-02-28 09:47:44,756 - BasePage - INFO - 切到另一个页面啦！
2019-02-28 09:47:45,808 - BasePage - INFO - 成功找到元素
2019-02-28 09:47:45,819 - BasePage - INFO - 获取文本值成功。
2019-02-28 09:47:47,837 - BasePage - INFO - 停一会
2019-02-28 09:47:47,878 - BasePage - INFO - 成功找到元素
2019-02-28 09:47:48,196 - BasePage - INFO - 这里是成功的点击操作
2019-02-28 09:47:50,429 - Base_testcase - INFO - 结束
2019-02-28 09:47:53,969 - Base_testcase - INFO - 初始化浏览器
2019-02-28 09:47:54,293 - BasePage - INFO - 进入网址
2019-02-28 09:47:54,323 - BasePage - INFO - 成功找到元素
2019-02-28 09:47:54,390 - BasePage - INFO - 输入信息成功
2019-02-28 09:47:54,418 - BasePage - INFO - 成功找到元素
2019-02-28 09:47:54,483 - BasePage - INFO - 输入信息成功
2019-02-28 09:47:54,522 - BasePage - INFO - 成功找到元素
2019-02-28 09:47:54,576 - BasePage - INFO - 这里是成功的点击操作
2019-02-28 09:47:56,577 - BasePage - INFO - 停一会
2019-02-28 09:47:56,608 - BasePage - INFO - 成功找到元素
2019-02-28 09:47:56,886 - BasePage - INFO - 这里是成功的点击操作
2019-02-28 09:47:56,917 - BasePage - INFO - 成功找到元素
2019-02-28 09:47:57,028 - BasePage - INFO - 这里是成功的点击操作
2019-02-28 09:47:57,097 - BasePage - INFO - 成功找到元素
2019-02-28 09:47:57,473 - BasePage - INFO - 这里是成功的点击操作
2019-02-28 09:47:57,514 - BasePage - INFO - 成功找到元素
2019-02-28 09:47:58,090 - BasePage - INFO - 这里是成功的点击操作
2019-02-28 09:47:58,165 - BasePage - INFO - 成功找到元素
2019-02-28 09:47:58,264 - BasePage - INFO - 这里是成功的点击操作
2019-02-28 09:47:58,274 - BasePage - INFO - 切到另一个页面啦！
2019-02-28 09:48:07,411 - BasePage - INFO - 成功找到元素
2019-02-28 09:48:07,660 - BasePage - INFO - 这里是成功的点击操作
2019-02-28 09:48:07,694 - BasePage - INFO - 成功找到元素
2019-02-28 09:48:07,724 - BasePage - INFO - 切到frame啦！
2019-02-28 09:48:10,724 - BasePage - INFO - 停一会
2019-02-28 09:48:10,758 - BasePage - INFO - 成功找到元素
2019-02-28 09:48:10,878 - BasePage - INFO - 这里是成功的点击操作
2019-02-28 09:48:10,914 - BasePage - INFO - 成功找到元素
2019-02-28 09:48:10,963 - BasePage - INFO - 这里清除了一个搜索框
2019-02-28 09:48:10,987 - BasePage - INFO - 成功找到元素
2019-02-28 09:48:11,068 - BasePage - INFO - 输入信息成功
2019-02-28 09:48:11,097 - BasePage - INFO - 成功找到元素
2019-02-28 09:48:11,474 - BasePage - INFO - 这里是成功的点击操作
2019-02-28 09:48:13,475 - BasePage - INFO - 停一会
2019-02-28 09:48:13,484 - BasePage - INFO - 切到另一个页面啦！
2019-02-28 09:48:13,534 - BasePage - INFO - 成功找到元素
2019-02-28 09:48:13,878 - BasePage - INFO - 这里是成功的点击操作
2019-02-28 09:48:13,914 - BasePage - INFO - 成功找到元素
2019-02-28 09:48:14,124 - BasePage - INFO - 这里是成功的点击操作
2019-02-28 09:48:17,126 - BasePage - INFO - 停一会
2019-02-28 09:48:17,179 - BasePage - INFO - 成功找到元素
2019-02-28 09:48:17,255 - BasePage - INFO - 输入信息成功
2019-02-28 09:48:17,286 - BasePage - INFO - 成功找到元素
2019-02-28 09:48:17,370 - BasePage - INFO - 输入信息成功
2019-02-28 09:48:17,398 - BasePage - INFO - 成功找到元素
2019-02-28 09:48:17,456 - BasePage - INFO - 这里是成功的点击操作
2019-02-28 09:48:20,456 - BasePage - INFO - 停一会
2019-02-28 09:48:20,523 - BasePage - INFO - 成功找到元素
2019-02-28 09:48:20,823 - BasePage - INFO - 这里是成功的点击操作
2019-02-28 09:48:20,857 - BasePage - INFO - 成功找到元素
2019-02-28 09:48:21,195 - BasePage - INFO - 这里是成功的点击操作
2019-02-28 09:48:21,225 - BasePage - INFO - 成功找到元素
2019-02-28 09:48:21,308 - BasePage - INFO - 输入信息成功
2019-02-28 09:48:21,315 - BasePage - INFO - 切到另一个页面啦！
2019-02-28 09:48:21,338 - BasePage - INFO - 成功找到元素
2019-02-28 09:48:21,365 - BasePage - INFO - 切到frame啦！
2019-02-28 09:48:21,394 - BasePage - INFO - 成功找到元素
2019-02-28 09:48:21,603 - BasePage - INFO - 输入信息成功
2019-02-28 09:48:21,608 - BasePage - INFO - 切到另一个页面啦！
2019-02-28 09:48:21,633 - BasePage - INFO - 成功找到元素
2019-02-28 09:48:21,728 - BasePage - INFO - 这里是成功的点击操作
2019-02-28 09:48:23,728 - BasePage - INFO - 停一会
2019-02-28 09:48:23,768 - BasePage - INFO - 成功找到元素
2019-02-28 09:48:23,900 - BasePage - INFO - 输入信息成功
2019-02-28 09:48:38,900 - BasePage - INFO - 停一会
2019-02-28 09:48:38,958 - BasePage - INFO - 成功找到元素
2019-02-28 09:48:39,274 - BasePage - INFO - 这里是成功的点击操作
2019-02-28 09:48:41,275 - BasePage - INFO - 停一会
2019-02-28 09:48:43,539 - Base_testcase - INFO - 结束
