2019-02-27 16:44:27,728 - Base_testcase - INFO - 初始化浏览器
2019-02-27 16:44:28,129 - BasePage - INFO - 进入网址
2019-02-27 16:44:28,159 - BasePage - INFO - 成功找到元素
2019-02-27 16:44:28,228 - BasePage - INFO - 输入信息成功
2019-02-27 16:44:28,253 - BasePage - INFO - 成功找到元素
2019-02-27 16:44:28,301 - BasePage - INFO - 输入信息成功
2019-02-27 16:44:28,328 - BasePage - INFO - 成功找到元素
2019-02-27 16:44:28,375 - BasePage - INFO - 这里是成功的点击操作
2019-02-27 16:44:31,377 - BasePage - INFO - 停一会
2019-02-27 16:44:38,789 - BasePage - INFO - 成功找到元素
2019-02-27 16:44:43,190 - BasePage - INFO - 这里是成功的点击操作
2019-02-27 16:44:43,235 - BasePage - INFO - 成功找到元素
2019-02-27 16:44:53,539 - BasePage - INFO - 这里是成功的点击操作
2019-02-27 16:44:53,623 - BasePage - INFO - 成功找到元素
2019-02-27 16:44:54,029 - BasePage - INFO - 这里是成功的点击操作
2019-02-27 16:44:54,066 - BasePage - INFO - 成功找到元素
2019-02-27 16:44:54,153 - BasePage - INFO - 输入信息成功
2019-02-27 16:44:54,180 - BasePage - INFO - 成功找到元素
2019-02-27 16:44:54,282 - BasePage - INFO - 输入信息成功
2019-02-27 16:44:54,309 - BasePage - INFO - 成功找到元素
2019-02-27 16:44:54,377 - BasePage - INFO - 输入信息成功
2019-02-27 16:44:54,414 - BasePage - INFO - 成功找到元素
2019-02-27 16:44:54,514 - BasePage - INFO - 输入信息成功
2019-02-27 16:44:54,542 - BasePage - INFO - 成功找到元素
2019-02-27 16:44:54,628 - BasePage - INFO - 这里是成功的点击操作
2019-02-27 16:44:59,629 - BasePage - INFO - 停一会
2019-02-27 16:45:04,963 - BasePage - INFO - 成功找到元素
2019-02-27 16:45:05,041 - BasePage - INFO - 这里是成功的点击操作
2019-02-27 16:45:05,077 - BasePage - INFO - 成功找到元素
2019-02-27 16:45:15,014 - BasePage - INFO - 这里是成功的点击操作
2019-02-27 16:45:15,064 - BasePage - INFO - 成功找到元素
2019-02-27 16:45:15,080 - BasePage - INFO - 获取文本值成功。
2019-02-27 16:45:15,126 - BasePage - INFO - 成功找到元素
2019-02-27 16:45:15,135 - BasePage - INFO - 获取文本值成功。
2019-02-27 16:45:15,181 - BasePage - INFO - 成功找到元素
2019-02-27 16:45:15,189 - BasePage - INFO - 获取文本值成功。
2019-02-27 16:45:15,236 - BasePage - INFO - 成功找到元素
2019-02-27 16:45:15,245 - BasePage - INFO - 获取文本值成功。
2019-02-27 16:45:15,296 - BasePage - INFO - 成功找到元素
2019-02-27 16:45:15,306 - BasePage - INFO - 获取文本值成功。
2019-02-27 16:45:15,355 - BasePage - INFO - 成功找到元素
2019-02-27 16:45:15,364 - BasePage - INFO - 获取文本值成功。
2019-02-27 16:45:15,437 - BasePage - INFO - 成功找到元素
2019-02-27 16:45:15,449 - BasePage - INFO - 获取文本值成功。
2019-02-27 16:45:17,465 - BasePage - INFO - 停一会
2019-02-27 16:45:19,738 - Base_testcase - INFO - 结束
