2019-02-27 20:21:08,565 - Base_testcase - INFO - 初始化浏览器
2019-02-27 20:21:08,901 - BasePage - INFO - 进入网址
2019-02-27 20:21:08,934 - BasePage - INFO - 成功找到元素
2019-02-27 20:21:09,013 - BasePage - INFO - 输入信息成功
2019-02-27 20:21:09,039 - BasePage - INFO - 成功找到元素
2019-02-27 20:21:09,085 - BasePage - INFO - 输入信息成功
2019-02-27 20:21:09,114 - BasePage - INFO - 成功找到元素
2019-02-27 20:21:09,164 - BasePage - INFO - 这里是成功的点击操作
2019-02-27 20:21:12,164 - BasePage - INFO - 停一会
2019-02-27 20:21:20,541 - BasePage - INFO - 成功找到元素
2019-02-27 20:21:31,815 - BasePage - INFO - 这里是成功的点击操作
2019-02-27 20:21:31,871 - BasePage - INFO - 成功找到元素
2019-02-27 20:21:42,173 - BasePage - INFO - 这里是成功的点击操作
2019-02-27 20:21:42,208 - BasePage - INFO - 成功找到元素
2019-02-27 20:21:42,314 - BasePage - INFO - 输入信息成功
2019-02-27 20:21:42,342 - BasePage - INFO - 成功找到元素
2019-02-27 20:21:42,381 - BasePage - INFO - 切到frame啦！
2019-02-27 20:21:42,408 - BasePage - INFO - 成功找到元素
2019-02-27 20:21:42,619 - BasePage - INFO - 输入信息成功
2019-02-27 20:21:42,622 - BasePage - INFO - 这里是当前页面！
2019-02-27 20:21:42,650 - BasePage - INFO - 成功找到元素
2019-02-27 20:21:42,748 - BasePage - INFO - 这里是成功的点击操作
2019-02-27 20:21:45,751 - BasePage - INFO - 停一会
2019-02-27 20:21:45,816 - BasePage - INFO - 成功找到元素
2019-02-27 20:21:45,903 - BasePage - INFO - 输入信息成功
2019-02-27 20:21:45,934 - BasePage - INFO - 成功找到元素
2019-02-27 20:21:46,201 - BasePage - INFO - 这里是成功的点击操作
2019-02-27 20:21:46,253 - BasePage - INFO - 成功找到元素
2019-02-27 20:21:56,615 - BasePage - INFO - 这里是成功的点击操作
2019-02-27 20:21:58,864 - Base_testcase - INFO - 结束
