2019-02-28 09:08:41,185 - Base_testcase - INFO - 初始化浏览器
2019-02-28 09:08:41,526 - BasePage - INFO - 进入网址
2019-02-28 09:08:41,556 - BasePage - INFO - 成功找到元素
2019-02-28 09:08:41,630 - BasePage - INFO - 输入信息成功
2019-02-28 09:08:41,657 - BasePage - INFO - 成功找到元素
2019-02-28 09:08:41,711 - BasePage - INFO - 输入信息成功
2019-02-28 09:08:41,740 - BasePage - INFO - 成功找到元素
2019-02-28 09:08:41,790 - BasePage - INFO - 这里是成功的点击操作
2019-02-28 09:08:44,800 - BasePage - INFO - 停一会
2019-02-28 09:08:44,846 - BasePage - INFO - 成功找到元素
2019-02-28 09:08:45,179 - BasePage - INFO - 这里是成功的点击操作
2019-02-28 09:08:45,255 - BasePage - INFO - 成功找到元素
2019-02-28 09:08:45,610 - BasePage - INFO - 这里是成功的点击操作
2019-02-28 09:08:45,651 - BasePage - INFO - 成功找到元素
2019-02-28 09:08:45,768 - BasePage - INFO - 输入信息成功
2019-02-28 09:08:45,792 - BasePage - INFO - 成功找到元素
2019-02-28 09:08:45,818 - BasePage - INFO - 切到frame啦！
2019-02-28 09:08:45,845 - BasePage - INFO - 成功找到元素
2019-02-28 09:08:46,003 - BasePage - INFO - 输入信息成功
2019-02-28 09:08:46,007 - BasePage - INFO - 这里是当前页面！
2019-02-28 09:08:46,019 - BasePage - INFO - 成功找到元素
2019-02-28 09:08:46,132 - BasePage - INFO - 这里是成功的点击操作
2019-02-28 09:08:49,133 - BasePage - INFO - 停一会
2019-02-28 09:08:49,164 - BasePage - INFO - 成功找到元素
2019-02-28 09:08:49,246 - BasePage - INFO - 输入信息成功
2019-02-28 09:08:49,279 - BasePage - INFO - 成功找到元素
2019-02-28 09:08:49,527 - BasePage - INFO - 这里是成功的点击操作
2019-02-28 09:08:49,572 - BasePage - INFO - 成功找到元素
2019-02-28 09:08:49,768 - BasePage - INFO - 这里是成功的点击操作
2019-02-28 09:08:51,988 - Base_testcase - INFO - 结束
2019-02-28 09:08:55,565 - Base_testcase - INFO - 初始化浏览器
2019-02-28 09:08:55,894 - BasePage - INFO - 进入网址
2019-02-28 09:08:55,926 - BasePage - INFO - 成功找到元素
2019-02-28 09:08:56,004 - BasePage - INFO - 输入信息成功
2019-02-28 09:08:56,031 - BasePage - INFO - 成功找到元素
2019-02-28 09:08:56,082 - BasePage - INFO - 输入信息成功
2019-02-28 09:08:56,112 - BasePage - INFO - 成功找到元素
2019-02-28 09:08:56,158 - BasePage - INFO - 这里是成功的点击操作
2019-02-28 09:08:59,160 - BasePage - INFO - 停一会
2019-02-28 09:08:59,207 - BasePage - INFO - 成功找到元素
2019-02-28 09:08:59,517 - BasePage - INFO - 这里是成功的点击操作
2019-02-28 09:08:59,552 - BasePage - INFO - 成功找到元素
2019-02-28 09:08:59,943 - BasePage - INFO - 这里是成功的点击操作
2019-02-28 09:09:00,041 - BasePage - INFO - 成功找到元素
2019-02-28 09:09:00,444 - BasePage - INFO - 这里是成功的点击操作
2019-02-28 09:09:00,473 - BasePage - INFO - 成功找到元素
2019-02-28 09:09:00,567 - BasePage - INFO - 输入信息成功
2019-02-28 09:09:00,597 - BasePage - INFO - 成功找到元素
2019-02-28 09:09:00,709 - BasePage - INFO - 输入信息成功
2019-02-28 09:09:00,737 - BasePage - INFO - 成功找到元素
2019-02-28 09:09:00,800 - BasePage - INFO - 输入信息成功
2019-02-28 09:09:00,834 - BasePage - INFO - 成功找到元素
2019-02-28 09:09:00,919 - BasePage - INFO - 输入信息成功
2019-02-28 09:09:00,947 - BasePage - INFO - 成功找到元素
2019-02-28 09:09:01,066 - BasePage - INFO - 这里是成功的点击操作
2019-02-28 09:09:06,081 - BasePage - INFO - 停一会
2019-02-28 09:09:06,097 - BasePage - INFO - 成功找到元素
2019-02-28 09:09:06,163 - BasePage - INFO - 这里是成功的点击操作
2019-02-28 09:09:06,200 - BasePage - INFO - 成功找到元素
2019-02-28 09:09:06,791 - BasePage - INFO - 这里是成功的点击操作
2019-02-28 09:09:06,819 - BasePage - INFO - 成功找到元素
2019-02-28 09:09:06,827 - BasePage - INFO - 获取文本值成功。
2019-02-28 09:09:06,872 - BasePage - INFO - 成功找到元素
2019-02-28 09:09:06,879 - BasePage - INFO - 获取文本值成功。
2019-02-28 09:09:06,910 - BasePage - INFO - 成功找到元素
2019-02-28 09:09:06,926 - BasePage - INFO - 获取文本值成功。
2019-02-28 09:09:06,957 - BasePage - INFO - 成功找到元素
2019-02-28 09:09:06,957 - BasePage - INFO - 获取文本值成功。
2019-02-28 09:09:07,010 - BasePage - INFO - 成功找到元素
2019-02-28 09:09:07,019 - BasePage - INFO - 获取文本值成功。
2019-02-28 09:09:07,046 - BasePage - INFO - 成功找到元素
2019-02-28 09:09:07,070 - BasePage - INFO - 获取文本值成功。
2019-02-28 09:09:07,114 - BasePage - INFO - 成功找到元素
2019-02-28 09:09:07,121 - BasePage - INFO - 获取文本值成功。
2019-02-28 09:09:09,140 - BasePage - INFO - 停一会
2019-02-28 09:09:12,437 - Base_testcase - INFO - 结束
2019-02-28 09:09:16,069 - Base_testcase - INFO - 初始化浏览器
2019-02-28 09:09:16,399 - BasePage - INFO - 进入网址
2019-02-28 09:09:16,429 - BasePage - INFO - 成功找到元素
2019-02-28 09:09:16,498 - BasePage - INFO - 输入信息成功
2019-02-28 09:09:16,530 - BasePage - INFO - 成功找到元素
2019-02-28 09:09:16,578 - BasePage - INFO - 输入信息成功
2019-02-28 09:09:16,603 - BasePage - INFO - 成功找到元素
2019-02-28 09:09:16,650 - BasePage - INFO - 这里是成功的点击操作
2019-02-28 09:09:19,651 - BasePage - INFO - 停一会
2019-02-28 09:09:19,682 - BasePage - INFO - 成功找到元素
2019-02-28 09:09:19,753 - BasePage - INFO - 输入信息成功
2019-02-28 09:09:19,782 - BasePage - INFO - 成功找到元素
2019-02-28 09:09:19,861 - BasePage - INFO - 这里是成功的点击操作
2019-02-28 09:09:19,878 - BasePage - INFO - 切到另一个页面啦！
2019-02-28 09:09:20,948 - BasePage - INFO - 成功找到元素
2019-02-28 09:09:21,032 - BasePage - INFO - 这里是成功的点击操作
2019-02-28 09:09:21,039 - BasePage - INFO - 切到另一个页面啦！
2019-02-28 09:09:22,112 - BasePage - INFO - 成功找到元素
2019-02-28 09:09:22,121 - BasePage - INFO - 获取文本值成功。
2019-02-28 09:09:24,136 - BasePage - INFO - 停一会
2019-02-28 09:09:24,167 - BasePage - INFO - 成功找到元素
2019-02-28 09:09:24,370 - BasePage - INFO - 这里是成功的点击操作
2019-02-28 09:09:26,589 - Base_testcase - INFO - 结束
2019-02-28 09:09:30,169 - Base_testcase - INFO - 初始化浏览器
2019-02-28 09:09:30,487 - BasePage - INFO - 进入网址
2019-02-28 09:09:30,519 - BasePage - INFO - 成功找到元素
2019-02-28 09:09:30,596 - BasePage - INFO - 输入信息成功
2019-02-28 09:09:30,623 - BasePage - INFO - 成功找到元素
2019-02-28 09:09:30,666 - BasePage - INFO - 输入信息成功
2019-02-28 09:09:30,694 - BasePage - INFO - 成功找到元素
2019-02-28 09:09:30,742 - BasePage - INFO - 这里是成功的点击操作
2019-02-28 09:09:32,753 - BasePage - INFO - 停一会
2019-02-28 09:09:32,818 - BasePage - INFO - 成功找到元素
2019-02-28 09:09:33,123 - BasePage - INFO - 这里是成功的点击操作
2019-02-28 09:09:33,160 - BasePage - INFO - 成功找到元素
2019-02-28 09:09:33,276 - BasePage - INFO - 这里是成功的点击操作
2019-02-28 09:09:33,408 - BasePage - INFO - 成功找到元素
2019-02-28 09:09:33,679 - BasePage - INFO - 这里是成功的点击操作
2019-02-28 09:09:33,719 - BasePage - INFO - 成功找到元素
2019-02-28 09:09:34,150 - BasePage - INFO - 这里是成功的点击操作
2019-02-28 09:09:34,219 - BasePage - INFO - 成功找到元素
2019-02-28 09:09:34,310 - BasePage - INFO - 这里是成功的点击操作
2019-02-28 09:09:34,317 - BasePage - INFO - 切到另一个页面啦！
2019-02-28 09:09:48,697 - Base_testcase - INFO - 结束
