2019-02-27 16:36:07,090 - Base_testcase - INFO - 初始化浏览器
2019-02-27 16:36:17,609 - BasePage - INFO - 进入网址
2019-02-27 16:36:17,648 - BasePage - INFO - 成功找到元素
2019-02-27 16:36:17,726 - BasePage - INFO - 输入信息成功
2019-02-27 16:36:17,756 - BasePage - INFO - 成功找到元素
2019-02-27 16:36:17,821 - BasePage - INFO - 输入信息成功
2019-02-27 16:36:17,854 - BasePage - INFO - 成功找到元素
2019-02-27 16:36:17,906 - BasePage - INFO - 这里是成功的点击操作
2019-02-27 16:36:20,907 - BasePage - INFO - 停一会
2019-02-27 16:36:29,244 - BasePage - INFO - 成功找到元素
2019-02-27 16:36:39,791 - BasePage - INFO - 这里是成功的点击操作
2019-02-27 16:36:39,838 - BasePage - INFO - 成功找到元素
2019-02-27 16:36:51,023 - BasePage - INFO - 这里是成功的点击操作
2019-02-27 16:36:51,102 - BasePage - INFO - 成功找到元素
2019-02-27 16:36:51,530 - BasePage - INFO - 这里是成功的点击操作
2019-02-27 16:36:51,565 - BasePage - INFO - 成功找到元素
2019-02-27 16:36:51,655 - BasePage - INFO - 输入信息成功
2019-02-27 16:36:51,684 - BasePage - INFO - 成功找到元素
2019-02-27 16:36:51,782 - BasePage - INFO - 输入信息成功
2019-02-27 16:36:51,810 - BasePage - INFO - 成功找到元素
2019-02-27 16:36:51,880 - BasePage - INFO - 输入信息成功
2019-02-27 16:36:51,913 - BasePage - INFO - 成功找到元素
2019-02-27 16:36:51,989 - BasePage - INFO - 输入信息成功
2019-02-27 16:36:52,018 - BasePage - INFO - 成功找到元素
2019-02-27 16:36:52,101 - BasePage - INFO - 这里是成功的点击操作
2019-02-27 16:36:57,101 - BasePage - INFO - 停一会
2019-02-27 16:37:03,496 - BasePage - INFO - 成功找到元素
2019-02-27 16:37:03,567 - BasePage - INFO - 这里是成功的点击操作
2019-02-27 16:37:03,597 - BasePage - INFO - 成功找到元素
2019-02-27 16:37:13,986 - BasePage - INFO - 这里是成功的点击操作
2019-02-27 16:37:14,037 - BasePage - INFO - 成功找到元素
2019-02-27 16:37:14,051 - BasePage - INFO - 获取文本值成功。
2019-02-27 16:37:14,106 - BasePage - INFO - 成功找到元素
2019-02-27 16:37:14,116 - BasePage - INFO - 获取文本值成功。
2019-02-27 16:37:14,161 - BasePage - INFO - 成功找到元素
2019-02-27 16:37:14,169 - BasePage - INFO - 获取文本值成功。
2019-02-27 16:37:14,218 - BasePage - INFO - 成功找到元素
2019-02-27 16:37:14,226 - BasePage - INFO - 获取文本值成功。
2019-02-27 16:37:14,271 - BasePage - INFO - 成功找到元素
2019-02-27 16:37:14,279 - BasePage - INFO - 获取文本值成功。
2019-02-27 16:37:14,324 - BasePage - INFO - 成功找到元素
2019-02-27 16:37:14,332 - BasePage - INFO - 获取文本值成功。
2019-02-27 16:37:14,376 - BasePage - INFO - 成功找到元素
2019-02-27 16:37:14,385 - BasePage - INFO - 获取文本值成功。
2019-02-27 16:37:16,401 - BasePage - INFO - 停一会
2019-02-27 16:37:18,684 - Base_testcase - INFO - 结束
