2019-02-28 17:07:12,587 - BrowserEngine - INFO - 选择浏览器：Chrome
2019-02-28 17:07:12,587 - BrowserEngine - INFO - 地址：https://www.baidu.com
2019-02-28 17:07:14,985 - BrowserEngine - INFO - 打开Chrome浏览器
2019-02-28 17:07:16,457 - BrowserEngine - INFO - 打开网址
2019-02-28 17:07:17,918 - BasePage - INFO - 进入网址
2019-02-28 17:07:17,955 - BasePage - INFO - 成功找到元素
2019-02-28 17:07:18,041 - BasePage - INFO - 输入信息成功
2019-02-28 17:07:18,074 - BasePage - INFO - 成功找到元素
2019-02-28 17:07:18,131 - BasePage - INFO - 输入信息成功
2019-02-28 17:07:18,160 - BasePage - INFO - 成功找到元素
2019-02-28 17:07:18,209 - BasePage - INFO - 这里是成功的点击操作
2019-02-28 17:07:20,210 - BasePage - INFO - 停一会
2019-02-28 17:07:20,239 - BasePage - INFO - 成功找到元素
2019-02-28 17:07:20,626 - BasePage - INFO - 这里是成功的点击操作
2019-02-28 17:07:20,659 - BasePage - INFO - 成功找到元素
2019-02-28 17:07:20,708 - BasePage - INFO - 这里是成功的点击操作
2019-02-28 17:07:20,802 - BasePage - INFO - 成功找到元素
2019-02-28 17:07:21,021 - BasePage - INFO - 这里是成功的点击操作
2019-02-28 17:07:21,057 - BasePage - INFO - 成功找到元素
2019-02-28 17:07:21,516 - BasePage - INFO - 这里是成功的点击操作
2019-02-28 17:07:21,570 - BasePage - INFO - 成功找到元素
2019-02-28 17:07:21,664 - BasePage - INFO - 这里是成功的点击操作
2019-02-28 17:07:21,676 - BasePage - INFO - 切到另一个页面啦！
2019-02-28 17:07:36,037 - Base_testcase - INFO - 结束
