2019-02-28 17:11:43,407 - BrowserEngine - INFO - 选择浏览器：Chrome
2019-02-28 17:11:43,408 - BrowserEngine - INFO - 地址：https://www.baidu.com
2019-02-28 17:11:45,833 - BrowserEngine - INFO - 打开Chrome浏览器
2019-02-28 17:11:47,152 - BrowserEngine - INFO - 打开网址
2019-02-28 17:11:48,605 - BasePage - INFO - 进入网址
2019-02-28 17:11:48,635 - BasePage - INFO - 成功找到元素
2019-02-28 17:11:48,705 - BasePage - INFO - 输入信息成功
2019-02-28 17:11:48,738 - BasePage - INFO - 成功找到元素
2019-02-28 17:11:48,797 - BasePage - INFO - 输入信息成功
2019-02-28 17:11:48,822 - BasePage - INFO - 成功找到元素
2019-02-28 17:11:48,869 - BasePage - INFO - 这里是成功的点击操作
2019-02-28 17:11:50,870 - BasePage - INFO - 停一会
2019-02-28 17:11:50,900 - BasePage - INFO - 成功找到元素
2019-02-28 17:11:51,194 - BasePage - INFO - 这里是成功的点击操作
2019-02-28 17:11:51,222 - BasePage - INFO - 成功找到元素
2019-02-28 17:11:51,335 - BasePage - INFO - 这里是成功的点击操作
2019-02-28 17:11:51,404 - BasePage - INFO - 成功找到元素
2019-02-28 17:11:51,622 - BasePage - INFO - 这里是成功的点击操作
2019-02-28 17:11:51,661 - BasePage - INFO - 成功找到元素
2019-02-28 17:11:52,158 - BasePage - INFO - 这里是成功的点击操作
2019-02-28 17:11:52,235 - BasePage - INFO - 成功找到元素
2019-02-28 17:11:52,333 - BasePage - INFO - 这里是成功的点击操作
2019-02-28 17:11:52,350 - BasePage - INFO - 切到另一个页面啦！
2019-02-28 17:11:53,399 - BasePage - INFO - 成功找到元素
2019-02-28 17:11:53,454 - BasePage - INFO - 输入信息成功
2019-02-28 17:11:53,482 - BasePage - INFO - 成功找到元素
2019-02-28 17:12:13,807 - BasePage - INFO - 这里是成功的点击操作
2019-02-28 17:12:13,858 - BasePage - INFO - 成功找到元素
2019-02-28 17:12:14,110 - BasePage - INFO - 这里是成功的点击操作
2019-02-28 17:12:14,144 - BasePage - INFO - 成功找到元素
2019-02-28 17:12:14,179 - BasePage - INFO - 切到frame啦！
2019-02-28 17:12:17,180 - BasePage - INFO - 停一会
2019-02-28 17:12:17,235 - BasePage - INFO - 成功找到元素
2019-02-28 17:12:17,348 - BasePage - INFO - 这里是成功的点击操作
2019-02-28 17:12:17,382 - BasePage - INFO - 成功找到元素
2019-02-28 17:12:17,432 - BasePage - INFO - 这里清除了一个搜索框
2019-02-28 17:12:17,455 - BasePage - INFO - 成功找到元素
2019-02-28 17:12:17,567 - BasePage - INFO - 输入信息成功
2019-02-28 17:12:17,598 - BasePage - INFO - 成功找到元素
2019-02-28 17:12:17,852 - BasePage - INFO - 这里是成功的点击操作
2019-02-28 17:12:19,852 - BasePage - INFO - 停一会
2019-02-28 17:12:19,872 - BasePage - INFO - 切到另一个页面啦！
2019-02-28 17:12:19,937 - BasePage - INFO - 成功找到元素
2019-02-28 17:12:20,364 - BasePage - INFO - 这里是成功的点击操作
2019-02-28 17:12:20,413 - BasePage - INFO - 成功找到元素
2019-02-28 17:12:20,621 - BasePage - INFO - 这里是成功的点击操作
2019-02-28 17:12:23,621 - BasePage - INFO - 停一会
2019-02-28 17:12:23,672 - BasePage - INFO - 成功找到元素
2019-02-28 17:12:23,750 - BasePage - INFO - 输入信息成功
2019-02-28 17:12:23,780 - BasePage - INFO - 成功找到元素
2019-02-28 17:12:23,858 - BasePage - INFO - 输入信息成功
2019-02-28 17:12:23,888 - BasePage - INFO - 成功找到元素
2019-02-28 17:12:23,938 - BasePage - INFO - 这里是成功的点击操作
2019-02-28 17:12:26,938 - BasePage - INFO - 停一会
2019-02-28 17:12:27,010 - BasePage - INFO - 成功找到元素
2019-02-28 17:12:27,350 - BasePage - INFO - 这里是成功的点击操作
2019-02-28 17:12:27,383 - BasePage - INFO - 成功找到元素
2019-02-28 17:12:27,735 - BasePage - INFO - 这里是成功的点击操作
2019-02-28 17:12:27,766 - BasePage - INFO - 成功找到元素
2019-02-28 17:12:27,844 - BasePage - INFO - 输入信息成功
2019-02-28 17:12:27,850 - BasePage - INFO - 切到另一个页面啦！
2019-02-28 17:12:27,872 - BasePage - INFO - 成功找到元素
2019-02-28 17:12:27,900 - BasePage - INFO - 切到frame啦！
2019-02-28 17:12:27,924 - BasePage - INFO - 成功找到元素
2019-02-28 17:12:28,144 - BasePage - INFO - 输入信息成功
2019-02-28 17:12:28,151 - BasePage - INFO - 切到另一个页面啦！
2019-02-28 17:12:28,175 - BasePage - INFO - 成功找到元素
2019-02-28 17:12:28,282 - BasePage - INFO - 这里是成功的点击操作
2019-02-28 17:12:30,283 - BasePage - INFO - 停一会
2019-02-28 17:12:30,315 - BasePage - INFO - 成功找到元素
2019-02-28 17:12:30,456 - BasePage - INFO - 输入信息成功
2019-02-28 17:12:45,456 - BasePage - INFO - 停一会
2019-02-28 17:12:45,519 - BasePage - INFO - 成功找到元素
2019-02-28 17:12:45,837 - BasePage - INFO - 这里是成功的点击操作
2019-02-28 17:12:47,837 - BasePage - INFO - 停一会
2019-02-28 17:12:50,125 - Base_testcase - INFO - 结束
