2019-02-27 16:29:22,335 - Base_testcase - INFO - 初始化浏览器
2019-02-27 16:29:33,613 - BasePage - INFO - 进入网址
2019-02-27 16:29:33,660 - BasePage - INFO - 成功找到元素
2019-02-27 16:29:33,737 - BasePage - INFO - 输入信息成功
2019-02-27 16:29:33,765 - BasePage - INFO - 成功找到元素
2019-02-27 16:29:33,827 - BasePage - INFO - 输入信息成功
2019-02-27 16:29:33,858 - BasePage - INFO - 成功找到元素
2019-02-27 16:29:33,910 - BasePage - INFO - 这里是成功的点击操作
2019-02-27 16:29:36,910 - BasePage - INFO - 停一会
2019-02-27 16:29:44,208 - BasePage - INFO - 成功找到元素
2019-02-27 16:29:54,328 - BasePage - INFO - 这里是成功的点击操作
2019-02-27 16:29:54,368 - BasePage - INFO - 成功找到元素
2019-02-27 16:30:05,552 - BasePage - INFO - 这里是成功的点击操作
2019-02-27 16:30:05,645 - BasePage - INFO - 成功找到元素
2019-02-27 16:30:16,888 - BasePage - INFO - 这里是成功的点击操作
2019-02-27 16:30:16,931 - BasePage - INFO - 成功找到元素
2019-02-27 16:30:17,023 - BasePage - INFO - 输入信息成功
2019-02-27 16:30:17,057 - BasePage - INFO - 成功找到元素
2019-02-27 16:30:17,167 - BasePage - INFO - 输入信息成功
2019-02-27 16:30:17,195 - BasePage - INFO - 成功找到元素
2019-02-27 16:30:17,264 - BasePage - INFO - 输入信息成功
2019-02-27 16:30:17,296 - BasePage - INFO - 成功找到元素
2019-02-27 16:30:17,369 - BasePage - INFO - 输入信息成功
2019-02-27 16:30:17,401 - BasePage - INFO - 成功找到元素
2019-02-27 16:30:17,525 - BasePage - INFO - 这里是成功的点击操作
2019-02-27 16:30:22,526 - BasePage - INFO - 停一会
2019-02-27 16:30:27,752 - BasePage - INFO - 成功找到元素
2019-02-27 16:30:27,821 - BasePage - INFO - 这里是成功的点击操作
2019-02-27 16:30:27,852 - BasePage - INFO - 成功找到元素
2019-02-27 16:30:39,240 - BasePage - INFO - 这里是成功的点击操作
2019-02-27 16:30:39,301 - BasePage - INFO - 成功找到元素
2019-02-27 16:30:39,316 - BasePage - INFO - 获取文本值成功。
2019-02-27 16:30:39,365 - BasePage - INFO - 成功找到元素
2019-02-27 16:30:39,375 - BasePage - INFO - 获取文本值成功。
2019-02-27 16:30:39,422 - BasePage - INFO - 成功找到元素
2019-02-27 16:30:39,431 - BasePage - INFO - 获取文本值成功。
2019-02-27 16:30:39,481 - BasePage - INFO - 成功找到元素
2019-02-27 16:30:39,489 - BasePage - INFO - 获取文本值成功。
2019-02-27 16:30:39,538 - BasePage - INFO - 成功找到元素
2019-02-27 16:30:39,547 - BasePage - INFO - 获取文本值成功。
2019-02-27 16:30:39,593 - BasePage - INFO - 成功找到元素
2019-02-27 16:30:39,602 - BasePage - INFO - 获取文本值成功。
2019-02-27 16:30:41,884 - Base_testcase - INFO - 结束
