2019-02-27 16:38:40,992 - Base_testcase - INFO - 初始化浏览器
2019-02-27 16:38:51,294 - BasePage - INFO - 进入网址
2019-02-27 16:38:51,345 - BasePage - INFO - 成功找到元素
2019-02-27 16:38:51,423 - BasePage - INFO - 输入信息成功
2019-02-27 16:38:51,453 - BasePage - INFO - 成功找到元素
2019-02-27 16:38:51,519 - BasePage - INFO - 输入信息成功
2019-02-27 16:38:51,550 - BasePage - INFO - 成功找到元素
2019-02-27 16:38:51,602 - BasePage - INFO - 这里是成功的点击操作
2019-02-27 16:38:54,602 - BasePage - INFO - 停一会
2019-02-27 16:39:02,938 - BasePage - INFO - 成功找到元素
2019-02-27 16:39:13,121 - BasePage - INFO - 这里是成功的点击操作
2019-02-27 16:39:13,157 - BasePage - INFO - 成功找到元素
2019-02-27 16:39:24,335 - BasePage - INFO - 这里是成功的点击操作
2019-02-27 16:39:24,414 - BasePage - INFO - 成功找到元素
2019-02-27 16:39:35,668 - BasePage - INFO - 这里是成功的点击操作
2019-02-27 16:39:35,707 - BasePage - INFO - 成功找到元素
2019-02-27 16:39:35,800 - BasePage - INFO - 输入信息成功
2019-02-27 16:39:35,833 - BasePage - INFO - 成功找到元素
2019-02-27 16:39:35,936 - BasePage - INFO - 输入信息成功
2019-02-27 16:39:35,967 - BasePage - INFO - 成功找到元素
2019-02-27 16:39:36,039 - BasePage - INFO - 输入信息成功
2019-02-27 16:39:36,072 - BasePage - INFO - 成功找到元素
2019-02-27 16:39:36,151 - BasePage - INFO - 输入信息成功
2019-02-27 16:39:36,178 - BasePage - INFO - 成功找到元素
2019-02-27 16:39:36,300 - BasePage - INFO - 这里是成功的点击操作
2019-02-27 16:39:41,300 - BasePage - INFO - 停一会
2019-02-27 16:39:42,477 - BasePage - INFO - 成功找到元素
2019-02-27 16:39:42,553 - BasePage - INFO - 这里是成功的点击操作
2019-02-27 16:39:42,584 - BasePage - INFO - 成功找到元素
2019-02-27 16:39:49,570 - BasePage - INFO - 这里是成功的点击操作
2019-02-27 16:39:49,611 - BasePage - INFO - 成功找到元素
2019-02-27 16:39:49,621 - BasePage - INFO - 获取文本值成功。
2019-02-27 16:39:49,671 - BasePage - INFO - 成功找到元素
2019-02-27 16:39:49,680 - BasePage - INFO - 获取文本值成功。
2019-02-27 16:39:49,727 - BasePage - INFO - 成功找到元素
2019-02-27 16:39:49,735 - BasePage - INFO - 获取文本值成功。
2019-02-27 16:39:49,786 - BasePage - INFO - 成功找到元素
2019-02-27 16:39:49,796 - BasePage - INFO - 获取文本值成功。
2019-02-27 16:39:49,844 - BasePage - INFO - 成功找到元素
2019-02-27 16:39:49,853 - BasePage - INFO - 获取文本值成功。
2019-02-27 16:39:49,899 - BasePage - INFO - 成功找到元素
2019-02-27 16:39:49,909 - BasePage - INFO - 获取文本值成功。
2019-02-27 16:39:49,954 - BasePage - INFO - 成功找到元素
2019-02-27 16:39:49,966 - BasePage - INFO - 获取文本值成功。
2019-02-27 16:39:51,983 - BasePage - INFO - 停一会
2019-02-27 16:39:54,259 - Base_testcase - INFO - 结束
