2019-02-28 17:09:34,739 - BrowserEngine - INFO - 选择浏览器：Chrome
2019-02-28 17:09:34,740 - BrowserEngine - INFO - 地址：https://www.baidu.com
2019-02-28 17:09:37,199 - BrowserEngine - INFO - 打开Chrome浏览器
2019-02-28 17:09:38,598 - BrowserEngine - INFO - 打开网址
2019-02-28 17:09:40,053 - BasePage - INFO - 进入网址
2019-02-28 17:09:40,085 - BasePage - INFO - 成功找到元素
2019-02-28 17:09:40,153 - BasePage - INFO - 输入信息成功
2019-02-28 17:09:40,185 - BasePage - INFO - 成功找到元素
2019-02-28 17:09:40,244 - BasePage - INFO - 输入信息成功
2019-02-28 17:09:40,274 - BasePage - INFO - 成功找到元素
2019-02-28 17:09:40,327 - BasePage - INFO - 这里是成功的点击操作
2019-02-28 17:09:42,328 - BasePage - INFO - 停一会
2019-02-28 17:09:42,415 - BasePage - INFO - 成功找到元素
2019-02-28 17:09:42,769 - BasePage - INFO - 这里是成功的点击操作
2019-02-28 17:09:42,800 - BasePage - INFO - 成功找到元素
2019-02-28 17:09:42,908 - BasePage - INFO - 这里是成功的点击操作
2019-02-28 17:09:42,988 - BasePage - INFO - 成功找到元素
2019-02-28 17:09:43,217 - BasePage - INFO - 这里是成功的点击操作
2019-02-28 17:09:43,255 - BasePage - INFO - 成功找到元素
2019-02-28 17:09:43,678 - BasePage - INFO - 这里是成功的点击操作
2019-02-28 17:09:43,726 - BasePage - INFO - 成功找到元素
2019-02-28 17:09:43,866 - BasePage - INFO - 这里是成功的点击操作
2019-02-28 17:09:43,877 - BasePage - INFO - 切到另一个页面啦！
2019-02-28 17:09:44,957 - BasePage - INFO - 成功找到元素
2019-02-28 17:09:45,015 - BasePage - INFO - 输入信息成功
2019-02-28 17:10:09,486 - Base_testcase - INFO - 结束
