2019-02-28 10:44:15,886 - Base_testcase - INFO - 初始化浏览器
2019-02-28 10:44:16,318 - BasePage - INFO - 进入网址
2019-02-28 10:44:16,349 - BasePage - INFO - 成功找到元素
2019-02-28 10:44:16,423 - BasePage - INFO - 输入信息成功
2019-02-28 10:44:16,458 - BasePage - INFO - 成功找到元素
2019-02-28 10:44:16,508 - BasePage - INFO - 输入信息成功
2019-02-28 10:44:16,536 - BasePage - INFO - 成功找到元素
2019-02-28 10:44:16,581 - BasePage - INFO - 这里是成功的点击操作
2019-02-28 10:44:19,586 - BasePage - INFO - 停一会
2019-02-28 10:44:19,632 - BasePage - INFO - 成功找到元素
2019-02-28 10:44:19,953 - BasePage - INFO - 这里是成功的点击操作
2019-02-28 10:44:19,986 - BasePage - INFO - 成功找到元素
2019-02-28 10:44:20,400 - BasePage - INFO - 这里是成功的点击操作
2019-02-28 10:44:20,461 - BasePage - INFO - 成功找到元素
2019-02-28 10:44:20,569 - BasePage - INFO - 输入信息成功
2019-02-28 10:44:20,595 - BasePage - INFO - 成功找到元素
2019-02-28 10:44:20,622 - BasePage - INFO - 切到frame啦！
2019-02-28 10:44:20,649 - BasePage - INFO - 成功找到元素
2019-02-28 10:44:20,800 - BasePage - INFO - 输入信息成功
2019-02-28 10:44:20,803 - BasePage - INFO - 这里是当前页面！
2019-02-28 10:44:20,821 - BasePage - INFO - 成功找到元素
2019-02-28 10:44:20,925 - BasePage - INFO - 这里是成功的点击操作
2019-02-28 10:44:23,938 - BasePage - INFO - 停一会
2019-02-28 10:44:23,969 - BasePage - INFO - 成功找到元素
2019-02-28 10:44:24,050 - BasePage - INFO - 输入信息成功
2019-02-28 10:44:24,085 - BasePage - INFO - 成功找到元素
2019-02-28 10:44:24,339 - BasePage - INFO - 这里是成功的点击操作
2019-02-28 10:44:24,384 - BasePage - INFO - 成功找到元素
2019-02-28 10:44:24,592 - BasePage - INFO - 这里是成功的点击操作
2019-02-28 10:44:26,831 - Base_testcase - INFO - 结束
2019-02-28 10:44:31,169 - Base_testcase - INFO - 初始化浏览器
2019-02-28 10:44:31,508 - BasePage - INFO - 进入网址
2019-02-28 10:44:31,540 - BasePage - INFO - 成功找到元素
2019-02-28 10:44:31,617 - BasePage - INFO - 输入信息成功
2019-02-28 10:44:31,650 - BasePage - INFO - 成功找到元素
2019-02-28 10:44:31,700 - BasePage - INFO - 输入信息成功
2019-02-28 10:44:31,727 - BasePage - INFO - 成功找到元素
2019-02-28 10:44:31,772 - BasePage - INFO - 这里是成功的点击操作
2019-02-28 10:44:34,780 - BasePage - INFO - 停一会
2019-02-28 10:44:34,842 - BasePage - INFO - 成功找到元素
2019-02-28 10:44:35,155 - BasePage - INFO - 这里是成功的点击操作
2019-02-28 10:44:35,188 - BasePage - INFO - 成功找到元素
2019-02-28 10:44:35,612 - BasePage - INFO - 这里是成功的点击操作
2019-02-28 10:44:35,714 - BasePage - INFO - 成功找到元素
2019-02-28 10:44:36,098 - BasePage - INFO - 这里是成功的点击操作
2019-02-28 10:44:36,143 - BasePage - INFO - 成功找到元素
2019-02-28 10:44:36,241 - BasePage - INFO - 输入信息成功
2019-02-28 10:44:36,272 - BasePage - INFO - 成功找到元素
2019-02-28 10:44:36,371 - BasePage - INFO - 输入信息成功
2019-02-28 10:44:36,398 - BasePage - INFO - 成功找到元素
2019-02-28 10:44:36,467 - BasePage - INFO - 输入信息成功
2019-02-28 10:44:36,504 - BasePage - INFO - 成功找到元素
2019-02-28 10:44:36,588 - BasePage - INFO - 输入信息成功
2019-02-28 10:44:36,615 - BasePage - INFO - 成功找到元素
2019-02-28 10:44:36,737 - BasePage - INFO - 这里是成功的点击操作
2019-02-28 10:44:41,750 - BasePage - INFO - 停一会
2019-02-28 10:44:41,797 - BasePage - INFO - 成功找到元素
2019-02-28 10:44:41,853 - BasePage - INFO - 这里是成功的点击操作
2019-02-28 10:44:41,890 - BasePage - INFO - 成功找到元素
2019-02-28 10:44:42,493 - BasePage - INFO - 这里是成功的点击操作
2019-02-28 10:44:42,525 - BasePage - INFO - 成功找到元素
2019-02-28 10:44:42,533 - BasePage - INFO - 获取文本值成功。
2019-02-28 10:44:42,586 - BasePage - INFO - 成功找到元素
2019-02-28 10:44:42,594 - BasePage - INFO - 获取文本值成功。
2019-02-28 10:44:42,632 - BasePage - INFO - 成功找到元素
2019-02-28 10:44:42,632 - BasePage - INFO - 获取文本值成功。
2019-02-28 10:44:42,678 - BasePage - INFO - 成功找到元素
2019-02-28 10:44:42,697 - BasePage - INFO - 获取文本值成功。
2019-02-28 10:44:42,749 - BasePage - INFO - 成功找到元素
2019-02-28 10:44:42,770 - BasePage - INFO - 获取文本值成功。
2019-02-28 10:44:42,822 - BasePage - INFO - 成功找到元素
2019-02-28 10:44:42,832 - BasePage - INFO - 获取文本值成功。
2019-02-28 10:44:42,873 - BasePage - INFO - 成功找到元素
2019-02-28 10:44:42,873 - BasePage - INFO - 获取文本值成功。
2019-02-28 10:44:44,916 - BasePage - INFO - 停一会
2019-02-28 10:44:48,057 - Base_testcase - INFO - 结束
2019-02-28 10:44:51,654 - Base_testcase - INFO - 初始化浏览器
2019-02-28 10:44:51,980 - BasePage - INFO - 进入网址
2019-02-28 10:44:52,010 - BasePage - INFO - 成功找到元素
2019-02-28 10:44:52,085 - BasePage - INFO - 输入信息成功
2019-02-28 10:44:52,121 - BasePage - INFO - 成功找到元素
2019-02-28 10:44:52,172 - BasePage - INFO - 输入信息成功
2019-02-28 10:44:52,202 - BasePage - INFO - 成功找到元素
2019-02-28 10:44:52,245 - BasePage - INFO - 这里是成功的点击操作
2019-02-28 10:44:55,256 - BasePage - INFO - 停一会
2019-02-28 10:44:55,303 - BasePage - INFO - 成功找到元素
2019-02-28 10:44:55,375 - BasePage - INFO - 输入信息成功
2019-02-28 10:44:55,409 - BasePage - INFO - 成功找到元素
2019-02-28 10:44:55,494 - BasePage - INFO - 这里是成功的点击操作
2019-02-28 10:44:55,506 - BasePage - INFO - 切到另一个页面啦！
2019-02-28 10:44:56,601 - BasePage - INFO - 成功找到元素
2019-02-28 10:44:56,693 - BasePage - INFO - 这里是成功的点击操作
2019-02-28 10:44:56,704 - BasePage - INFO - 切到另一个页面啦！
2019-02-28 10:44:57,767 - BasePage - INFO - 成功找到元素
2019-02-28 10:44:57,777 - BasePage - INFO - 获取文本值成功。
2019-02-28 10:44:59,789 - BasePage - INFO - 停一会
2019-02-28 10:44:59,821 - BasePage - INFO - 成功找到元素
2019-02-28 10:45:00,038 - BasePage - INFO - 这里是成功的点击操作
2019-02-28 10:45:02,322 - Base_testcase - INFO - 结束
2019-02-28 10:45:05,880 - Base_testcase - INFO - 初始化浏览器
2019-02-28 10:45:06,232 - BasePage - INFO - 进入网址
2019-02-28 10:45:06,262 - BasePage - INFO - 成功找到元素
2019-02-28 10:45:06,338 - BasePage - INFO - 输入信息成功
2019-02-28 10:45:06,366 - BasePage - INFO - 成功找到元素
2019-02-28 10:45:06,416 - BasePage - INFO - 输入信息成功
2019-02-28 10:45:06,444 - BasePage - INFO - 成功找到元素
2019-02-28 10:45:06,491 - BasePage - INFO - 这里是成功的点击操作
2019-02-28 10:45:08,500 - BasePage - INFO - 停一会
2019-02-28 10:45:08,565 - BasePage - INFO - 成功找到元素
2019-02-28 10:45:08,864 - BasePage - INFO - 这里是成功的点击操作
2019-02-28 10:45:08,948 - BasePage - INFO - 成功找到元素
2019-02-28 10:45:08,996 - BasePage - INFO - 这里是成功的点击操作
2019-02-28 10:45:09,077 - BasePage - INFO - 成功找到元素
2019-02-28 10:45:09,318 - BasePage - INFO - 这里是成功的点击操作
2019-02-28 10:45:09,355 - BasePage - INFO - 成功找到元素
2019-02-28 10:45:09,775 - BasePage - INFO - 这里是成功的点击操作
2019-02-28 10:45:09,845 - BasePage - INFO - 成功找到元素
2019-02-28 10:45:09,937 - BasePage - INFO - 这里是成功的点击操作
2019-02-28 10:45:09,947 - BasePage - INFO - 切到另一个页面啦！
2019-02-28 10:45:20,109 - BasePage - INFO - 成功找到元素
2019-02-28 10:45:20,310 - BasePage - INFO - 这里是成功的点击操作
2019-02-28 10:45:20,341 - BasePage - INFO - 成功找到元素
2019-02-28 10:45:20,370 - BasePage - INFO - 切到frame啦！
2019-02-28 10:45:23,379 - BasePage - INFO - 停一会
2019-02-28 10:45:23,426 - BasePage - INFO - 成功找到元素
2019-02-28 10:45:23,542 - BasePage - INFO - 这里是成功的点击操作
2019-02-28 10:45:23,579 - BasePage - INFO - 成功找到元素
2019-02-28 10:45:23,624 - BasePage - INFO - 这里清除了一个搜索框
2019-02-28 10:45:23,643 - BasePage - INFO - 成功找到元素
2019-02-28 10:45:23,735 - BasePage - INFO - 输入信息成功
2019-02-28 10:45:23,762 - BasePage - INFO - 成功找到元素
2019-02-28 10:45:23,990 - BasePage - INFO - 这里是成功的点击操作
2019-02-28 10:45:26,000 - BasePage - INFO - 停一会
2019-02-28 10:45:26,015 - BasePage - INFO - 切到另一个页面啦！
2019-02-28 10:45:26,078 - BasePage - INFO - 成功找到元素
2019-02-28 10:45:26,416 - BasePage - INFO - 这里是成功的点击操作
2019-02-28 10:45:26,457 - BasePage - INFO - 成功找到元素
2019-02-28 10:45:26,661 - BasePage - INFO - 这里是成功的点击操作
2019-02-28 10:45:29,665 - BasePage - INFO - 停一会
2019-02-28 10:45:29,712 - BasePage - INFO - 成功找到元素
2019-02-28 10:45:29,789 - BasePage - INFO - 输入信息成功
2019-02-28 10:45:29,817 - BasePage - INFO - 成功找到元素
2019-02-28 10:45:29,893 - BasePage - INFO - 输入信息成功
2019-02-28 10:45:29,921 - BasePage - INFO - 成功找到元素
2019-02-28 10:45:29,977 - BasePage - INFO - 这里是成功的点击操作
2019-02-28 10:45:32,991 - BasePage - INFO - 停一会
2019-02-28 10:45:33,054 - BasePage - INFO - 成功找到元素
2019-02-28 10:45:33,295 - BasePage - INFO - 这里是成功的点击操作
2019-02-28 10:45:33,340 - BasePage - INFO - 成功找到元素
2019-02-28 10:45:33,662 - BasePage - INFO - 这里是成功的点击操作
2019-02-28 10:45:33,691 - BasePage - INFO - 成功找到元素
2019-02-28 10:45:33,775 - BasePage - INFO - 输入信息成功
2019-02-28 10:45:33,779 - BasePage - INFO - 切到另一个页面啦！
2019-02-28 10:45:33,804 - BasePage - INFO - 成功找到元素
2019-02-28 10:45:33,836 - BasePage - INFO - 切到frame啦！
2019-02-28 10:45:33,851 - BasePage - INFO - 成功找到元素
2019-02-28 10:45:34,073 - BasePage - INFO - 输入信息成功
2019-02-28 10:45:34,078 - BasePage - INFO - 切到另一个页面啦！
2019-02-28 10:45:34,105 - BasePage - INFO - 成功找到元素
2019-02-28 10:45:34,208 - BasePage - INFO - 这里是成功的点击操作
2019-02-28 10:45:36,209 - BasePage - INFO - 停一会
2019-02-28 10:45:36,243 - BasePage - INFO - 成功找到元素
2019-02-28 10:45:36,365 - BasePage - INFO - 输入信息成功
2019-02-28 10:45:51,366 - BasePage - INFO - 停一会
2019-02-28 10:45:51,426 - BasePage - INFO - 成功找到元素
2019-02-28 10:45:51,722 - BasePage - INFO - 这里是成功的点击操作
2019-02-28 10:45:53,723 - BasePage - INFO - 停一会
2019-02-28 10:45:56,003 - Base_testcase - INFO - 结束
