2019-02-28 09:10:42,667 - Base_testcase - INFO - 初始化浏览器
2019-02-28 09:10:43,006 - BasePage - INFO - 进入网址
2019-02-28 09:10:43,039 - BasePage - INFO - 成功找到元素
2019-02-28 09:10:43,110 - BasePage - INFO - 输入信息成功
2019-02-28 09:10:43,135 - BasePage - INFO - 成功找到元素
2019-02-28 09:10:43,187 - BasePage - INFO - 输入信息成功
2019-02-28 09:10:43,219 - BasePage - INFO - 成功找到元素
2019-02-28 09:10:43,264 - BasePage - INFO - 这里是成功的点击操作
2019-02-28 09:10:45,266 - BasePage - INFO - 停一会
2019-02-28 09:10:45,294 - BasePage - INFO - 成功找到元素
2019-02-28 09:10:45,589 - BasePage - INFO - 这里是成功的点击操作
2019-02-28 09:10:45,633 - BasePage - INFO - 成功找到元素
2019-02-28 09:10:45,752 - BasePage - INFO - 这里是成功的点击操作
2019-02-28 09:10:45,881 - BasePage - INFO - 成功找到元素
2019-02-28 09:10:46,161 - BasePage - INFO - 这里是成功的点击操作
2019-02-28 09:10:46,197 - BasePage - INFO - 成功找到元素
2019-02-28 09:10:46,637 - BasePage - INFO - 这里是成功的点击操作
2019-02-28 09:10:46,711 - BasePage - INFO - 成功找到元素
2019-02-28 09:10:46,806 - BasePage - INFO - 这里是成功的点击操作
2019-02-28 09:10:46,818 - BasePage - INFO - 切到另一个页面啦！
2019-02-28 09:10:55,820 - BasePage - INFO - 成功找到元素
2019-02-28 09:10:56,004 - BasePage - INFO - 这里是成功的点击操作
2019-02-28 09:10:56,033 - BasePage - INFO - 成功找到元素
2019-02-28 09:10:56,063 - BasePage - INFO - 切到frame啦！
2019-02-28 09:10:59,064 - BasePage - INFO - 停一会
2019-02-28 09:10:59,129 - BasePage - INFO - 成功找到元素
2019-02-28 09:10:59,254 - BasePage - INFO - 这里是成功的点击操作
2019-02-28 09:10:59,302 - BasePage - INFO - 成功找到元素
2019-02-28 09:10:59,348 - BasePage - INFO - 这里清除了一个搜索框
2019-02-28 09:10:59,369 - BasePage - INFO - 成功找到元素
2019-02-28 09:10:59,444 - BasePage - INFO - 输入信息成功
2019-02-28 09:10:59,473 - BasePage - INFO - 成功找到元素
2019-02-28 09:10:59,752 - BasePage - INFO - 这里是成功的点击操作
2019-02-28 09:11:01,752 - BasePage - INFO - 停一会
2019-02-28 09:11:01,768 - BasePage - INFO - 切到另一个页面啦！
2019-02-28 09:11:01,821 - BasePage - INFO - 成功找到元素
2019-02-28 09:11:02,145 - BasePage - INFO - 这里是成功的点击操作
2019-02-28 09:11:02,190 - BasePage - INFO - 成功找到元素
2019-02-28 09:11:02,385 - BasePage - INFO - 这里是成功的点击操作
2019-02-28 09:11:05,386 - BasePage - INFO - 停一会
2019-02-28 09:11:05,453 - BasePage - INFO - 成功找到元素
2019-02-28 09:11:05,536 - BasePage - INFO - 输入信息成功
2019-02-28 09:11:05,566 - BasePage - INFO - 成功找到元素
2019-02-28 09:11:05,631 - BasePage - INFO - 输入信息成功
2019-02-28 09:11:05,659 - BasePage - INFO - 成功找到元素
2019-02-28 09:11:05,714 - BasePage - INFO - 这里是成功的点击操作
2019-02-28 09:11:08,716 - BasePage - INFO - 停一会
2019-02-28 09:11:08,782 - BasePage - INFO - 成功找到元素
2019-02-28 09:11:09,024 - BasePage - INFO - 这里是成功的点击操作
2019-02-28 09:11:09,068 - BasePage - INFO - 成功找到元素
2019-02-28 09:11:09,411 - BasePage - INFO - 这里是成功的点击操作
2019-02-28 09:11:09,439 - BasePage - INFO - 成功找到元素
2019-02-28 09:11:09,509 - BasePage - INFO - 输入信息成功
2019-02-28 09:11:09,514 - BasePage - INFO - 切到另一个页面啦！
2019-02-28 09:11:09,539 - BasePage - INFO - 成功找到元素
2019-02-28 09:11:09,564 - BasePage - INFO - 切到frame啦！
2019-02-28 09:11:09,586 - BasePage - INFO - 成功找到元素
2019-02-28 09:11:09,825 - BasePage - INFO - 输入信息成功
2019-02-28 09:11:09,830 - BasePage - INFO - 切到另一个页面啦！
2019-02-28 09:11:09,854 - BasePage - INFO - 成功找到元素
2019-02-28 09:11:09,958 - BasePage - INFO - 这里是成功的点击操作
2019-02-28 09:11:11,959 - BasePage - INFO - 停一会
2019-02-28 09:11:11,993 - BasePage - INFO - 成功找到元素
2019-02-28 09:11:12,107 - BasePage - INFO - 输入信息成功
2019-02-28 09:11:27,108 - BasePage - INFO - 停一会
2019-02-28 09:11:27,178 - BasePage - INFO - 成功找到元素
2019-02-28 09:11:27,553 - BasePage - INFO - 这里是成功的点击操作
2019-02-28 09:11:29,553 - BasePage - INFO - 停一会
2019-02-28 09:11:31,827 - Base_testcase - INFO - 结束
